INFO - 2024-11-19 04:57:39 --> Session: Class initialized using 'CodeIgniter\Session\Handlers\FileHandler' driver.
INFO - 2024-11-19 04:57:42 --> Session: Class initialized using 'CodeIgniter\Session\Handlers\FileHandler' driver.
INFO - 2024-11-19 04:57:48 --> Session: Class initialized using 'CodeIgniter\Session\Handlers\FileHandler' driver.
INFO - 2024-11-19 04:57:51 --> Session: Class initialized using 'CodeIgniter\Session\Handlers\FileHandler' driver.
INFO - 2024-11-19 04:57:53 --> Session: Class initialized using 'CodeIgniter\Session\Handlers\FileHandler' driver.
INFO - 2024-11-19 04:57:54 --> Session: Class initialized using 'CodeIgniter\Session\Handlers\FileHandler' driver.
WARNING - 2024-11-19 05:02:50 --> [DEPRECATED] Creation of dynamic property App\Controllers\Superadmin\Dashboard::$logModel is deprecated in APPPATH\Controllers\Superadmin\Dashboard.php on line 12.
 1 SYSTEMPATH\CodeIgniter.php(903): App\Controllers\Superadmin\Dashboard->__construct()
 2 SYSTEMPATH\CodeIgniter.php(500): CodeIgniter\CodeIgniter->createController()
 3 SYSTEMPATH\CodeIgniter.php(355): CodeIgniter\CodeIgniter->handleRequest(null, Object(Config\Cache), false)
 4 SYSTEMPATH\Boot.php(325): CodeIgniter\CodeIgniter->run()
 5 SYSTEMPATH\Boot.php(67): CodeIgniter\Boot::runCodeIgniter(Object(CodeIgniter\CodeIgniter))
 6 FCPATH\index.php(56): CodeIgniter\Boot::bootWeb(Object(Config\Paths))
 7 SYSTEMPATH\rewrite.php(44): require_once('D:\\Apps\\Laragon\\laragon\\www\\Runov_Litbang\\public\\index.php')
INFO - 2024-11-19 05:02:51 --> Session: Class initialized using 'CodeIgniter\Session\Handlers\FileHandler' driver.
CRITICAL - 2024-11-19 05:02:51 --> ErrorException: Attempt to read property "name" on null
[Method: GET, Route: dashboard]
in APPPATH\Views\layout\master_dashboard.php on line 107.
 1 APPPATH\Views\layout\master_dashboard.php(107): CodeIgniter\Debug\Exceptions->errorHandler(2, 'Attempt to read property "name" on null', 'D:\\Apps\\Laragon\\laragon\\www\\Runov_Litbang\\app\\Views\\layout\\master_dashboard.php', 107)
 2 SYSTEMPATH\View\View.php(234): include('D:\\Apps\\Laragon\\laragon\\www\\Runov_Litbang\\app\\Views\\layout\\master_dashboard.php')
 3 SYSTEMPATH\View\View.php(237): CodeIgniter\View\View->CodeIgniter\View\{closure}()
 4 SYSTEMPATH\View\View.php(250): CodeIgniter\View\View->render('layout/master_dashboard', [], true)
 5 SYSTEMPATH\Common.php(1171): CodeIgniter\View\View->render('super_admin/dashboard', [], true)
 6 APPPATH\Controllers\Superadmin\Dashboard.php(21): view('super_admin/dashboard', [...])
 7 SYSTEMPATH\CodeIgniter.php(933): App\Controllers\Superadmin\Dashboard->index()
 8 SYSTEMPATH\CodeIgniter.php(509): CodeIgniter\CodeIgniter->runController(Object(App\Controllers\Superadmin\Dashboard))
 9 SYSTEMPATH\CodeIgniter.php(355): CodeIgniter\CodeIgniter->handleRequest(null, Object(Config\Cache), false)
10 SYSTEMPATH\Boot.php(325): CodeIgniter\CodeIgniter->run()
11 SYSTEMPATH\Boot.php(67): CodeIgniter\Boot::runCodeIgniter(Object(CodeIgniter\CodeIgniter))
12 FCPATH\index.php(56): CodeIgniter\Boot::bootWeb(Object(Config\Paths))
13 SYSTEMPATH\rewrite.php(44): require_once('D:\\Apps\\Laragon\\laragon\\www\\Runov_Litbang\\public\\index.php')
WARNING - 2024-11-19 05:02:52 --> [DEPRECATED] Creation of dynamic property App\Controllers\Superadmin\Dashboard::$logModel is deprecated in APPPATH\Controllers\Superadmin\Dashboard.php on line 12.
 1 SYSTEMPATH\CodeIgniter.php(903): App\Controllers\Superadmin\Dashboard->__construct()
 2 SYSTEMPATH\CodeIgniter.php(500): CodeIgniter\CodeIgniter->createController()
 3 SYSTEMPATH\CodeIgniter.php(355): CodeIgniter\CodeIgniter->handleRequest(null, Object(Config\Cache), false)
 4 SYSTEMPATH\Boot.php(325): CodeIgniter\CodeIgniter->run()
 5 SYSTEMPATH\Boot.php(67): CodeIgniter\Boot::runCodeIgniter(Object(CodeIgniter\CodeIgniter))
 6 FCPATH\index.php(56): CodeIgniter\Boot::bootWeb(Object(Config\Paths))
 7 SYSTEMPATH\rewrite.php(44): require_once('D:\\Apps\\Laragon\\laragon\\www\\Runov_Litbang\\public\\index.php')
INFO - 2024-11-19 05:02:52 --> Session: Class initialized using 'CodeIgniter\Session\Handlers\FileHandler' driver.
CRITICAL - 2024-11-19 05:02:52 --> ErrorException: Attempt to read property "name" on null
[Method: GET, Route: dashboard]
in APPPATH\Views\layout\master_dashboard.php on line 107.
 1 APPPATH\Views\layout\master_dashboard.php(107): CodeIgniter\Debug\Exceptions->errorHandler(2, 'Attempt to read property "name" on null', 'D:\\Apps\\Laragon\\laragon\\www\\Runov_Litbang\\app\\Views\\layout\\master_dashboard.php', 107)
 2 SYSTEMPATH\View\View.php(234): include('D:\\Apps\\Laragon\\laragon\\www\\Runov_Litbang\\app\\Views\\layout\\master_dashboard.php')
 3 SYSTEMPATH\View\View.php(237): CodeIgniter\View\View->CodeIgniter\View\{closure}()
 4 SYSTEMPATH\View\View.php(250): CodeIgniter\View\View->render('layout/master_dashboard', [], true)
 5 SYSTEMPATH\Common.php(1171): CodeIgniter\View\View->render('super_admin/dashboard', [], true)
 6 APPPATH\Controllers\Superadmin\Dashboard.php(21): view('super_admin/dashboard', [...])
 7 SYSTEMPATH\CodeIgniter.php(933): App\Controllers\Superadmin\Dashboard->index()
 8 SYSTEMPATH\CodeIgniter.php(509): CodeIgniter\CodeIgniter->runController(Object(App\Controllers\Superadmin\Dashboard))
 9 SYSTEMPATH\CodeIgniter.php(355): CodeIgniter\CodeIgniter->handleRequest(null, Object(Config\Cache), false)
10 SYSTEMPATH\Boot.php(325): CodeIgniter\CodeIgniter->run()
11 SYSTEMPATH\Boot.php(67): CodeIgniter\Boot::runCodeIgniter(Object(CodeIgniter\CodeIgniter))
12 FCPATH\index.php(56): CodeIgniter\Boot::bootWeb(Object(Config\Paths))
13 SYSTEMPATH\rewrite.php(44): require_once('D:\\Apps\\Laragon\\laragon\\www\\Runov_Litbang\\public\\index.php')
INFO - 2024-11-19 05:02:56 --> Session: Class initialized using 'CodeIgniter\Session\Handlers\FileHandler' driver.
INFO - 2024-11-19 05:02:57 --> Session: Class initialized using 'CodeIgniter\Session\Handlers\FileHandler' driver.
INFO - 2024-11-19 05:02:58 --> Session: Class initialized using 'CodeIgniter\Session\Handlers\FileHandler' driver.
INFO - 2024-11-19 05:02:59 --> Session: Class initialized using 'CodeIgniter\Session\Handlers\FileHandler' driver.
INFO - 2024-11-19 05:03:14 --> Session: Class initialized using 'CodeIgniter\Session\Handlers\FileHandler' driver.
INFO - 2024-11-19 05:03:14 --> Session: Class initialized using 'CodeIgniter\Session\Handlers\FileHandler' driver.
INFO - 2024-11-19 05:03:15 --> Session: Class initialized using 'CodeIgniter\Session\Handlers\FileHandler' driver.
WARNING - 2024-11-19 05:03:19 --> [DEPRECATED] Creation of dynamic property App\Controllers\Superadmin\Dashboard::$logModel is deprecated in APPPATH\Controllers\Superadmin\Dashboard.php on line 12.
 1 SYSTEMPATH\CodeIgniter.php(903): App\Controllers\Superadmin\Dashboard->__construct()
 2 SYSTEMPATH\CodeIgniter.php(500): CodeIgniter\CodeIgniter->createController()
 3 SYSTEMPATH\CodeIgniter.php(355): CodeIgniter\CodeIgniter->handleRequest(null, Object(Config\Cache), false)
 4 SYSTEMPATH\Boot.php(325): CodeIgniter\CodeIgniter->run()
 5 SYSTEMPATH\Boot.php(67): CodeIgniter\Boot::runCodeIgniter(Object(CodeIgniter\CodeIgniter))
 6 FCPATH\index.php(56): CodeIgniter\Boot::bootWeb(Object(Config\Paths))
 7 SYSTEMPATH\rewrite.php(44): require_once('D:\\Apps\\Laragon\\laragon\\www\\Runov_Litbang\\public\\index.php')
INFO - 2024-11-19 05:03:19 --> Session: Class initialized using 'CodeIgniter\Session\Handlers\FileHandler' driver.
INFO - 2024-11-19 05:03:22 --> Session: Class initialized using 'CodeIgniter\Session\Handlers\FileHandler' driver.
INFO - 2024-11-19 05:03:24 --> Session: Class initialized using 'CodeIgniter\Session\Handlers\FileHandler' driver.
INFO - 2024-11-19 05:03:25 --> Session: Class initialized using 'CodeIgniter\Session\Handlers\FileHandler' driver.
INFO - 2024-11-19 05:03:30 --> Session: Class initialized using 'CodeIgniter\Session\Handlers\FileHandler' driver.
INFO - 2024-11-19 05:03:31 --> Session: Class initialized using 'CodeIgniter\Session\Handlers\FileHandler' driver.
INFO - 2024-11-19 05:03:32 --> Session: Class initialized using 'CodeIgniter\Session\Handlers\FileHandler' driver.
INFO - 2024-11-19 05:03:34 --> Session: Class initialized using 'CodeIgniter\Session\Handlers\FileHandler' driver.
