INFO - 2024-11-01 03:09:15 --> Session: Class initialized using 'CodeIgniter\Session\Handlers\FileHandler' driver.
INFO - 2024-11-01 03:09:18 --> Session: Class initialized using 'CodeIgniter\Session\Handlers\FileHandler' driver.
INFO - 2024-11-01 03:09:25 --> Session: Class initialized using 'CodeIgniter\Session\Handlers\FileHandler' driver.
INFO - 2024-11-01 03:09:27 --> Session: Class initialized using 'CodeIgniter\Session\Handlers\FileHandler' driver.
INFO - 2024-11-01 03:09:37 --> Session: Class initialized using 'CodeIgniter\Session\Handlers\FileHandler' driver.
INFO - 2024-11-01 03:09:37 --> Session: Class initialized using 'CodeIgniter\Session\Handlers\FileHandler' driver.
INFO - 2024-11-01 03:09:38 --> Session: Class initialized using 'CodeIgniter\Session\Handlers\FileHandler' driver.
INFO - 2024-11-01 03:09:53 --> Session: Class initialized using 'CodeIgniter\Session\Handlers\FileHandler' driver.
INFO - 2024-11-01 03:09:55 --> Session: Class initialized using 'CodeIgniter\Session\Handlers\FileHandler' driver.
WARNING - 2024-11-01 03:10:03 --> [DEPRECATED] Creation of dynamic property App\Controllers\Superadmin\KelolaUser::$userModel is deprecated in APPPATH\Controllers\Superadmin\KelolaUser.php on line 20.
 1 SYSTEMPATH\CodeIgniter.php(903): App\Controllers\Superadmin\KelolaUser->__construct()
 2 SYSTEMPATH\CodeIgniter.php(500): CodeIgniter\CodeIgniter->createController()
 3 SYSTEMPATH\CodeIgniter.php(355): CodeIgniter\CodeIgniter->handleRequest(null, Object(Config\Cache), false)
 4 SYSTEMPATH\Boot.php(325): CodeIgniter\CodeIgniter->run()
 5 SYSTEMPATH\Boot.php(67): CodeIgniter\Boot::runCodeIgniter(Object(CodeIgniter\CodeIgniter))
 6 FCPATH\index.php(56): CodeIgniter\Boot::bootWeb(Object(Config\Paths))
 7 SYSTEMPATH\rewrite.php(44): require_once('D:\\Apps\\Laragon\\laragon\\www\\Runov_Litbang\\public\\index.php')
INFO - 2024-11-01 03:10:04 --> Session: Class initialized using 'CodeIgniter\Session\Handlers\FileHandler' driver.
INFO - 2024-11-01 03:10:05 --> Session: Class initialized using 'CodeIgniter\Session\Handlers\FileHandler' driver.
WARNING - 2024-11-01 03:10:12 --> [DEPRECATED] Creation of dynamic property App\Controllers\Superadmin\KelolaUser::$userModel is deprecated in APPPATH\Controllers\Superadmin\KelolaUser.php on line 20.
 1 SYSTEMPATH\CodeIgniter.php(903): App\Controllers\Superadmin\KelolaUser->__construct()
 2 SYSTEMPATH\CodeIgniter.php(500): CodeIgniter\CodeIgniter->createController()
 3 SYSTEMPATH\CodeIgniter.php(355): CodeIgniter\CodeIgniter->handleRequest(null, Object(Config\Cache), false)
 4 SYSTEMPATH\Boot.php(325): CodeIgniter\CodeIgniter->run()
 5 SYSTEMPATH\Boot.php(67): CodeIgniter\Boot::runCodeIgniter(Object(CodeIgniter\CodeIgniter))
 6 FCPATH\index.php(56): CodeIgniter\Boot::bootWeb(Object(Config\Paths))
 7 SYSTEMPATH\rewrite.php(44): require_once('D:\\Apps\\Laragon\\laragon\\www\\Runov_Litbang\\public\\index.php')
INFO - 2024-11-01 03:10:13 --> Session: Class initialized using 'CodeIgniter\Session\Handlers\FileHandler' driver.
INFO - 2024-11-01 03:10:13 --> Session: Class initialized using 'CodeIgniter\Session\Handlers\FileHandler' driver.
WARNING - 2024-11-01 03:10:25 --> [DEPRECATED] Creation of dynamic property App\Controllers\Superadmin\KelolaUser::$userModel is deprecated in APPPATH\Controllers\Superadmin\KelolaUser.php on line 20.
 1 SYSTEMPATH\CodeIgniter.php(903): App\Controllers\Superadmin\KelolaUser->__construct()
 2 SYSTEMPATH\CodeIgniter.php(500): CodeIgniter\CodeIgniter->createController()
 3 SYSTEMPATH\CodeIgniter.php(355): CodeIgniter\CodeIgniter->handleRequest(null, Object(Config\Cache), false)
 4 SYSTEMPATH\Boot.php(325): CodeIgniter\CodeIgniter->run()
 5 SYSTEMPATH\Boot.php(67): CodeIgniter\Boot::runCodeIgniter(Object(CodeIgniter\CodeIgniter))
 6 FCPATH\index.php(56): CodeIgniter\Boot::bootWeb(Object(Config\Paths))
 7 SYSTEMPATH\rewrite.php(44): require_once('D:\\Apps\\Laragon\\laragon\\www\\Runov_Litbang\\public\\index.php')
INFO - 2024-11-01 03:10:25 --> Session: Class initialized using 'CodeIgniter\Session\Handlers\FileHandler' driver.
INFO - 2024-11-01 03:10:26 --> Session: Class initialized using 'CodeIgniter\Session\Handlers\FileHandler' driver.
WARNING - 2024-11-01 03:11:55 --> [DEPRECATED] Creation of dynamic property App\Controllers\Superadmin\KelolaUser::$userModel is deprecated in APPPATH\Controllers\Superadmin\KelolaUser.php on line 20.
 1 SYSTEMPATH\CodeIgniter.php(903): App\Controllers\Superadmin\KelolaUser->__construct()
 2 SYSTEMPATH\CodeIgniter.php(500): CodeIgniter\CodeIgniter->createController()
 3 SYSTEMPATH\CodeIgniter.php(355): CodeIgniter\CodeIgniter->handleRequest(null, Object(Config\Cache), false)
 4 SYSTEMPATH\Boot.php(325): CodeIgniter\CodeIgniter->run()
 5 SYSTEMPATH\Boot.php(67): CodeIgniter\Boot::runCodeIgniter(Object(CodeIgniter\CodeIgniter))
 6 FCPATH\index.php(56): CodeIgniter\Boot::bootWeb(Object(Config\Paths))
 7 SYSTEMPATH\rewrite.php(44): require_once('D:\\Apps\\Laragon\\laragon\\www\\Runov_Litbang\\public\\index.php')
INFO - 2024-11-01 03:11:55 --> Session: Class initialized using 'CodeIgniter\Session\Handlers\FileHandler' driver.
INFO - 2024-11-01 03:11:56 --> Session: Class initialized using 'CodeIgniter\Session\Handlers\FileHandler' driver.
WARNING - 2024-11-01 03:11:59 --> [DEPRECATED] Creation of dynamic property App\Controllers\Superadmin\KelolaUser::$userModel is deprecated in APPPATH\Controllers\Superadmin\KelolaUser.php on line 20.
 1 SYSTEMPATH\CodeIgniter.php(903): App\Controllers\Superadmin\KelolaUser->__construct()
 2 SYSTEMPATH\CodeIgniter.php(500): CodeIgniter\CodeIgniter->createController()
 3 SYSTEMPATH\CodeIgniter.php(355): CodeIgniter\CodeIgniter->handleRequest(null, Object(Config\Cache), false)
 4 SYSTEMPATH\Boot.php(325): CodeIgniter\CodeIgniter->run()
 5 SYSTEMPATH\Boot.php(67): CodeIgniter\Boot::runCodeIgniter(Object(CodeIgniter\CodeIgniter))
 6 FCPATH\index.php(56): CodeIgniter\Boot::bootWeb(Object(Config\Paths))
 7 SYSTEMPATH\rewrite.php(44): require_once('D:\\Apps\\Laragon\\laragon\\www\\Runov_Litbang\\public\\index.php')
INFO - 2024-11-01 03:11:59 --> Session: Class initialized using 'CodeIgniter\Session\Handlers\FileHandler' driver.
INFO - 2024-11-01 03:12:00 --> Session: Class initialized using 'CodeIgniter\Session\Handlers\FileHandler' driver.
WARNING - 2024-11-01 03:36:03 --> [DEPRECATED] Creation of dynamic property App\Controllers\Superadmin\KelolaUser::$userModel is deprecated in APPPATH\Controllers\Superadmin\KelolaUser.php on line 20.
 1 SYSTEMPATH\CodeIgniter.php(903): App\Controllers\Superadmin\KelolaUser->__construct()
 2 SYSTEMPATH\CodeIgniter.php(500): CodeIgniter\CodeIgniter->createController()
 3 SYSTEMPATH\CodeIgniter.php(355): CodeIgniter\CodeIgniter->handleRequest(null, Object(Config\Cache), false)
 4 SYSTEMPATH\Boot.php(325): CodeIgniter\CodeIgniter->run()
 5 SYSTEMPATH\Boot.php(67): CodeIgniter\Boot::runCodeIgniter(Object(CodeIgniter\CodeIgniter))
 6 FCPATH\index.php(56): CodeIgniter\Boot::bootWeb(Object(Config\Paths))
 7 SYSTEMPATH\rewrite.php(44): require_once('D:\\Apps\\Laragon\\laragon\\www\\Runov_Litbang\\public\\index.php')
INFO - 2024-11-01 03:36:04 --> Session: Class initialized using 'CodeIgniter\Session\Handlers\FileHandler' driver.
INFO - 2024-11-01 03:36:04 --> Session: Class initialized using 'CodeIgniter\Session\Handlers\FileHandler' driver.
INFO - 2024-11-01 03:39:01 --> Session: Class initialized using 'CodeIgniter\Session\Handlers\FileHandler' driver.
INFO - 2024-11-01 03:39:03 --> Session: Class initialized using 'CodeIgniter\Session\Handlers\FileHandler' driver.
WARNING - 2024-11-01 03:39:11 --> [DEPRECATED] Creation of dynamic property App\Controllers\Superadmin\KelolaUser::$userModel is deprecated in APPPATH\Controllers\Superadmin\KelolaUser.php on line 20.
 1 SYSTEMPATH\CodeIgniter.php(903): App\Controllers\Superadmin\KelolaUser->__construct()
 2 SYSTEMPATH\CodeIgniter.php(500): CodeIgniter\CodeIgniter->createController()
 3 SYSTEMPATH\CodeIgniter.php(355): CodeIgniter\CodeIgniter->handleRequest(null, Object(Config\Cache), false)
 4 SYSTEMPATH\Boot.php(325): CodeIgniter\CodeIgniter->run()
 5 SYSTEMPATH\Boot.php(67): CodeIgniter\Boot::runCodeIgniter(Object(CodeIgniter\CodeIgniter))
 6 FCPATH\index.php(56): CodeIgniter\Boot::bootWeb(Object(Config\Paths))
 7 SYSTEMPATH\rewrite.php(44): require_once('D:\\Apps\\Laragon\\laragon\\www\\Runov_Litbang\\public\\index.php')
INFO - 2024-11-01 03:39:11 --> Session: Class initialized using 'CodeIgniter\Session\Handlers\FileHandler' driver.
INFO - 2024-11-01 03:39:12 --> Session: Class initialized using 'CodeIgniter\Session\Handlers\FileHandler' driver.
WARNING - 2024-11-01 03:40:41 --> [DEPRECATED] Creation of dynamic property App\Controllers\Superadmin\KelolaUser::$userModel is deprecated in APPPATH\Controllers\Superadmin\KelolaUser.php on line 20.
 1 SYSTEMPATH\CodeIgniter.php(903): App\Controllers\Superadmin\KelolaUser->__construct()
 2 SYSTEMPATH\CodeIgniter.php(500): CodeIgniter\CodeIgniter->createController()
 3 SYSTEMPATH\CodeIgniter.php(355): CodeIgniter\CodeIgniter->handleRequest(null, Object(Config\Cache), false)
 4 SYSTEMPATH\Boot.php(325): CodeIgniter\CodeIgniter->run()
 5 SYSTEMPATH\Boot.php(67): CodeIgniter\Boot::runCodeIgniter(Object(CodeIgniter\CodeIgniter))
 6 FCPATH\index.php(56): CodeIgniter\Boot::bootWeb(Object(Config\Paths))
 7 SYSTEMPATH\rewrite.php(44): require_once('D:\\Apps\\Laragon\\laragon\\www\\Runov_Litbang\\public\\index.php')
INFO - 2024-11-01 03:40:41 --> Session: Class initialized using 'CodeIgniter\Session\Handlers\FileHandler' driver.
INFO - 2024-11-01 03:40:41 --> Session: Class initialized using 'CodeIgniter\Session\Handlers\FileHandler' driver.
WARNING - 2024-11-01 03:41:42 --> [DEPRECATED] Creation of dynamic property App\Controllers\Superadmin\KelolaUser::$userModel is deprecated in APPPATH\Controllers\Superadmin\KelolaUser.php on line 20.
 1 SYSTEMPATH\CodeIgniter.php(903): App\Controllers\Superadmin\KelolaUser->__construct()
 2 SYSTEMPATH\CodeIgniter.php(500): CodeIgniter\CodeIgniter->createController()
 3 SYSTEMPATH\CodeIgniter.php(355): CodeIgniter\CodeIgniter->handleRequest(null, Object(Config\Cache), false)
 4 SYSTEMPATH\Boot.php(325): CodeIgniter\CodeIgniter->run()
 5 SYSTEMPATH\Boot.php(67): CodeIgniter\Boot::runCodeIgniter(Object(CodeIgniter\CodeIgniter))
 6 FCPATH\index.php(56): CodeIgniter\Boot::bootWeb(Object(Config\Paths))
 7 SYSTEMPATH\rewrite.php(44): require_once('D:\\Apps\\Laragon\\laragon\\www\\Runov_Litbang\\public\\index.php')
INFO - 2024-11-01 03:41:43 --> Session: Class initialized using 'CodeIgniter\Session\Handlers\FileHandler' driver.
INFO - 2024-11-01 03:41:43 --> Session: Class initialized using 'CodeIgniter\Session\Handlers\FileHandler' driver.
WARNING - 2024-11-01 03:41:47 --> [DEPRECATED] Creation of dynamic property App\Controllers\Superadmin\KelolaUser::$userModel is deprecated in APPPATH\Controllers\Superadmin\KelolaUser.php on line 20.
 1 SYSTEMPATH\CodeIgniter.php(903): App\Controllers\Superadmin\KelolaUser->__construct()
 2 SYSTEMPATH\CodeIgniter.php(500): CodeIgniter\CodeIgniter->createController()
 3 SYSTEMPATH\CodeIgniter.php(355): CodeIgniter\CodeIgniter->handleRequest(null, Object(Config\Cache), false)
 4 SYSTEMPATH\Boot.php(325): CodeIgniter\CodeIgniter->run()
 5 SYSTEMPATH\Boot.php(67): CodeIgniter\Boot::runCodeIgniter(Object(CodeIgniter\CodeIgniter))
 6 FCPATH\index.php(56): CodeIgniter\Boot::bootWeb(Object(Config\Paths))
 7 SYSTEMPATH\rewrite.php(44): require_once('D:\\Apps\\Laragon\\laragon\\www\\Runov_Litbang\\public\\index.php')
INFO - 2024-11-01 03:41:47 --> Session: Class initialized using 'CodeIgniter\Session\Handlers\FileHandler' driver.
INFO - 2024-11-01 03:41:48 --> Session: Class initialized using 'CodeIgniter\Session\Handlers\FileHandler' driver.
WARNING - 2024-11-01 03:41:56 --> [DEPRECATED] Creation of dynamic property App\Controllers\Superadmin\KelolaUser::$userModel is deprecated in APPPATH\Controllers\Superadmin\KelolaUser.php on line 20.
 1 SYSTEMPATH\CodeIgniter.php(903): App\Controllers\Superadmin\KelolaUser->__construct()
 2 SYSTEMPATH\CodeIgniter.php(500): CodeIgniter\CodeIgniter->createController()
 3 SYSTEMPATH\CodeIgniter.php(355): CodeIgniter\CodeIgniter->handleRequest(null, Object(Config\Cache), false)
 4 SYSTEMPATH\Boot.php(325): CodeIgniter\CodeIgniter->run()
 5 SYSTEMPATH\Boot.php(67): CodeIgniter\Boot::runCodeIgniter(Object(CodeIgniter\CodeIgniter))
 6 FCPATH\index.php(56): CodeIgniter\Boot::bootWeb(Object(Config\Paths))
 7 SYSTEMPATH\rewrite.php(44): require_once('D:\\Apps\\Laragon\\laragon\\www\\Runov_Litbang\\public\\index.php')
INFO - 2024-11-01 03:41:56 --> Session: Class initialized using 'CodeIgniter\Session\Handlers\FileHandler' driver.
INFO - 2024-11-01 03:41:57 --> Session: Class initialized using 'CodeIgniter\Session\Handlers\FileHandler' driver.
WARNING - 2024-11-01 03:42:06 --> [DEPRECATED] Creation of dynamic property App\Controllers\Superadmin\KelolaUser::$userModel is deprecated in APPPATH\Controllers\Superadmin\KelolaUser.php on line 20.
 1 SYSTEMPATH\CodeIgniter.php(903): App\Controllers\Superadmin\KelolaUser->__construct()
 2 SYSTEMPATH\CodeIgniter.php(500): CodeIgniter\CodeIgniter->createController()
 3 SYSTEMPATH\CodeIgniter.php(355): CodeIgniter\CodeIgniter->handleRequest(null, Object(Config\Cache), false)
 4 SYSTEMPATH\Boot.php(325): CodeIgniter\CodeIgniter->run()
 5 SYSTEMPATH\Boot.php(67): CodeIgniter\Boot::runCodeIgniter(Object(CodeIgniter\CodeIgniter))
 6 FCPATH\index.php(56): CodeIgniter\Boot::bootWeb(Object(Config\Paths))
 7 SYSTEMPATH\rewrite.php(44): require_once('D:\\Apps\\Laragon\\laragon\\www\\Runov_Litbang\\public\\index.php')
INFO - 2024-11-01 03:42:06 --> Session: Class initialized using 'CodeIgniter\Session\Handlers\FileHandler' driver.
INFO - 2024-11-01 03:42:07 --> Session: Class initialized using 'CodeIgniter\Session\Handlers\FileHandler' driver.
WARNING - 2024-11-01 04:09:50 --> [DEPRECATED] Creation of dynamic property App\Controllers\Superadmin\KelolaUser::$userModel is deprecated in APPPATH\Controllers\Superadmin\KelolaUser.php on line 20.
 1 SYSTEMPATH\CodeIgniter.php(903): App\Controllers\Superadmin\KelolaUser->__construct()
 2 SYSTEMPATH\CodeIgniter.php(500): CodeIgniter\CodeIgniter->createController()
 3 SYSTEMPATH\CodeIgniter.php(355): CodeIgniter\CodeIgniter->handleRequest(null, Object(Config\Cache), false)
 4 SYSTEMPATH\Boot.php(325): CodeIgniter\CodeIgniter->run()
 5 SYSTEMPATH\Boot.php(67): CodeIgniter\Boot::runCodeIgniter(Object(CodeIgniter\CodeIgniter))
 6 FCPATH\index.php(56): CodeIgniter\Boot::bootWeb(Object(Config\Paths))
 7 SYSTEMPATH\rewrite.php(44): require_once('D:\\Apps\\Laragon\\laragon\\www\\Runov_Litbang\\public\\index.php')
INFO - 2024-11-01 04:09:52 --> Session: Class initialized using 'CodeIgniter\Session\Handlers\FileHandler' driver.
INFO - 2024-11-01 04:10:00 --> Session: Class initialized using 'CodeIgniter\Session\Handlers\FileHandler' driver.
WARNING - 2024-11-01 04:11:31 --> [DEPRECATED] Creation of dynamic property App\Controllers\Superadmin\KelolaUser::$userModel is deprecated in APPPATH\Controllers\Superadmin\KelolaUser.php on line 20.
 1 SYSTEMPATH\CodeIgniter.php(903): App\Controllers\Superadmin\KelolaUser->__construct()
 2 SYSTEMPATH\CodeIgniter.php(500): CodeIgniter\CodeIgniter->createController()
 3 SYSTEMPATH\CodeIgniter.php(355): CodeIgniter\CodeIgniter->handleRequest(null, Object(Config\Cache), false)
 4 SYSTEMPATH\Boot.php(325): CodeIgniter\CodeIgniter->run()
 5 SYSTEMPATH\Boot.php(67): CodeIgniter\Boot::runCodeIgniter(Object(CodeIgniter\CodeIgniter))
 6 FCPATH\index.php(56): CodeIgniter\Boot::bootWeb(Object(Config\Paths))
 7 SYSTEMPATH\rewrite.php(44): require_once('D:\\Apps\\Laragon\\laragon\\www\\Runov_Litbang\\public\\index.php')
INFO - 2024-11-01 04:11:31 --> Session: Class initialized using 'CodeIgniter\Session\Handlers\FileHandler' driver.
INFO - 2024-11-01 04:11:32 --> Session: Class initialized using 'CodeIgniter\Session\Handlers\FileHandler' driver.
WARNING - 2024-11-01 04:17:37 --> [DEPRECATED] Creation of dynamic property App\Controllers\Superadmin\KelolaUser::$userModel is deprecated in APPPATH\Controllers\Superadmin\KelolaUser.php on line 20.
 1 SYSTEMPATH\CodeIgniter.php(903): App\Controllers\Superadmin\KelolaUser->__construct()
 2 SYSTEMPATH\CodeIgniter.php(500): CodeIgniter\CodeIgniter->createController()
 3 SYSTEMPATH\CodeIgniter.php(355): CodeIgniter\CodeIgniter->handleRequest(null, Object(Config\Cache), false)
 4 SYSTEMPATH\Boot.php(325): CodeIgniter\CodeIgniter->run()
 5 SYSTEMPATH\Boot.php(67): CodeIgniter\Boot::runCodeIgniter(Object(CodeIgniter\CodeIgniter))
 6 FCPATH\index.php(56): CodeIgniter\Boot::bootWeb(Object(Config\Paths))
 7 SYSTEMPATH\rewrite.php(44): require_once('D:\\Apps\\Laragon\\laragon\\www\\Runov_Litbang\\public\\index.php')
INFO - 2024-11-01 04:17:37 --> Session: Class initialized using 'CodeIgniter\Session\Handlers\FileHandler' driver.
INFO - 2024-11-01 04:17:37 --> Session: Class initialized using 'CodeIgniter\Session\Handlers\FileHandler' driver.
WARNING - 2024-11-01 04:18:16 --> [DEPRECATED] Creation of dynamic property App\Controllers\Superadmin\KelolaUser::$userModel is deprecated in APPPATH\Controllers\Superadmin\KelolaUser.php on line 20.
 1 SYSTEMPATH\CodeIgniter.php(903): App\Controllers\Superadmin\KelolaUser->__construct()
 2 SYSTEMPATH\CodeIgniter.php(500): CodeIgniter\CodeIgniter->createController()
 3 SYSTEMPATH\CodeIgniter.php(355): CodeIgniter\CodeIgniter->handleRequest(null, Object(Config\Cache), false)
 4 SYSTEMPATH\Boot.php(325): CodeIgniter\CodeIgniter->run()
 5 SYSTEMPATH\Boot.php(67): CodeIgniter\Boot::runCodeIgniter(Object(CodeIgniter\CodeIgniter))
 6 FCPATH\index.php(56): CodeIgniter\Boot::bootWeb(Object(Config\Paths))
 7 SYSTEMPATH\rewrite.php(44): require_once('D:\\Apps\\Laragon\\laragon\\www\\Runov_Litbang\\public\\index.php')
INFO - 2024-11-01 04:18:16 --> Session: Class initialized using 'CodeIgniter\Session\Handlers\FileHandler' driver.
INFO - 2024-11-01 04:18:17 --> Session: Class initialized using 'CodeIgniter\Session\Handlers\FileHandler' driver.
WARNING - 2024-11-01 04:20:51 --> [DEPRECATED] Creation of dynamic property App\Controllers\Superadmin\KelolaUser::$userModel is deprecated in APPPATH\Controllers\Superadmin\KelolaUser.php on line 20.
 1 SYSTEMPATH\CodeIgniter.php(903): App\Controllers\Superadmin\KelolaUser->__construct()
 2 SYSTEMPATH\CodeIgniter.php(500): CodeIgniter\CodeIgniter->createController()
 3 SYSTEMPATH\CodeIgniter.php(355): CodeIgniter\CodeIgniter->handleRequest(null, Object(Config\Cache), false)
 4 SYSTEMPATH\Boot.php(325): CodeIgniter\CodeIgniter->run()
 5 SYSTEMPATH\Boot.php(67): CodeIgniter\Boot::runCodeIgniter(Object(CodeIgniter\CodeIgniter))
 6 FCPATH\index.php(56): CodeIgniter\Boot::bootWeb(Object(Config\Paths))
 7 SYSTEMPATH\rewrite.php(44): require_once('D:\\Apps\\Laragon\\laragon\\www\\Runov_Litbang\\public\\index.php')
INFO - 2024-11-01 04:20:51 --> Session: Class initialized using 'CodeIgniter\Session\Handlers\FileHandler' driver.
INFO - 2024-11-01 04:20:52 --> Session: Class initialized using 'CodeIgniter\Session\Handlers\FileHandler' driver.
WARNING - 2024-11-01 04:21:02 --> [DEPRECATED] Creation of dynamic property App\Controllers\Superadmin\KelolaUser::$userModel is deprecated in APPPATH\Controllers\Superadmin\KelolaUser.php on line 20.
 1 SYSTEMPATH\CodeIgniter.php(903): App\Controllers\Superadmin\KelolaUser->__construct()
 2 SYSTEMPATH\CodeIgniter.php(500): CodeIgniter\CodeIgniter->createController()
 3 SYSTEMPATH\CodeIgniter.php(355): CodeIgniter\CodeIgniter->handleRequest(null, Object(Config\Cache), false)
 4 SYSTEMPATH\Boot.php(325): CodeIgniter\CodeIgniter->run()
 5 SYSTEMPATH\Boot.php(67): CodeIgniter\Boot::runCodeIgniter(Object(CodeIgniter\CodeIgniter))
 6 FCPATH\index.php(56): CodeIgniter\Boot::bootWeb(Object(Config\Paths))
 7 SYSTEMPATH\rewrite.php(44): require_once('D:\\Apps\\Laragon\\laragon\\www\\Runov_Litbang\\public\\index.php')
INFO - 2024-11-01 04:21:02 --> Session: Class initialized using 'CodeIgniter\Session\Handlers\FileHandler' driver.
WARNING - 2024-11-01 04:21:09 --> [DEPRECATED] Creation of dynamic property App\Controllers\Superadmin\KelolaUser::$userModel is deprecated in APPPATH\Controllers\Superadmin\KelolaUser.php on line 20.
 1 SYSTEMPATH\CodeIgniter.php(903): App\Controllers\Superadmin\KelolaUser->__construct()
 2 SYSTEMPATH\CodeIgniter.php(500): CodeIgniter\CodeIgniter->createController()
 3 SYSTEMPATH\CodeIgniter.php(355): CodeIgniter\CodeIgniter->handleRequest(null, Object(Config\Cache), false)
 4 SYSTEMPATH\Boot.php(325): CodeIgniter\CodeIgniter->run()
 5 SYSTEMPATH\Boot.php(67): CodeIgniter\Boot::runCodeIgniter(Object(CodeIgniter\CodeIgniter))
 6 FCPATH\index.php(56): CodeIgniter\Boot::bootWeb(Object(Config\Paths))
 7 SYSTEMPATH\rewrite.php(44): require_once('D:\\Apps\\Laragon\\laragon\\www\\Runov_Litbang\\public\\index.php')
INFO - 2024-11-01 04:21:09 --> Session: Class initialized using 'CodeIgniter\Session\Handlers\FileHandler' driver.
INFO - 2024-11-01 04:21:10 --> Session: Class initialized using 'CodeIgniter\Session\Handlers\FileHandler' driver.
WARNING - 2024-11-01 04:21:24 --> [DEPRECATED] Creation of dynamic property App\Controllers\Superadmin\KelolaUser::$userModel is deprecated in APPPATH\Controllers\Superadmin\KelolaUser.php on line 20.
 1 SYSTEMPATH\CodeIgniter.php(903): App\Controllers\Superadmin\KelolaUser->__construct()
 2 SYSTEMPATH\CodeIgniter.php(500): CodeIgniter\CodeIgniter->createController()
 3 SYSTEMPATH\CodeIgniter.php(355): CodeIgniter\CodeIgniter->handleRequest(null, Object(Config\Cache), false)
 4 SYSTEMPATH\Boot.php(325): CodeIgniter\CodeIgniter->run()
 5 SYSTEMPATH\Boot.php(67): CodeIgniter\Boot::runCodeIgniter(Object(CodeIgniter\CodeIgniter))
 6 FCPATH\index.php(56): CodeIgniter\Boot::bootWeb(Object(Config\Paths))
 7 SYSTEMPATH\rewrite.php(44): require_once('D:\\Apps\\Laragon\\laragon\\www\\Runov_Litbang\\public\\index.php')
INFO - 2024-11-01 04:21:24 --> Session: Class initialized using 'CodeIgniter\Session\Handlers\FileHandler' driver.
INFO - 2024-11-01 04:21:25 --> Session: Class initialized using 'CodeIgniter\Session\Handlers\FileHandler' driver.
WARNING - 2024-11-01 04:21:27 --> [DEPRECATED] Creation of dynamic property App\Controllers\Superadmin\KelolaUser::$userModel is deprecated in APPPATH\Controllers\Superadmin\KelolaUser.php on line 20.
 1 SYSTEMPATH\CodeIgniter.php(903): App\Controllers\Superadmin\KelolaUser->__construct()
 2 SYSTEMPATH\CodeIgniter.php(500): CodeIgniter\CodeIgniter->createController()
 3 SYSTEMPATH\CodeIgniter.php(355): CodeIgniter\CodeIgniter->handleRequest(null, Object(Config\Cache), false)
 4 SYSTEMPATH\Boot.php(325): CodeIgniter\CodeIgniter->run()
 5 SYSTEMPATH\Boot.php(67): CodeIgniter\Boot::runCodeIgniter(Object(CodeIgniter\CodeIgniter))
 6 FCPATH\index.php(56): CodeIgniter\Boot::bootWeb(Object(Config\Paths))
 7 SYSTEMPATH\rewrite.php(44): require_once('D:\\Apps\\Laragon\\laragon\\www\\Runov_Litbang\\public\\index.php')
INFO - 2024-11-01 04:21:27 --> Session: Class initialized using 'CodeIgniter\Session\Handlers\FileHandler' driver.
INFO - 2024-11-01 04:21:28 --> Session: Class initialized using 'CodeIgniter\Session\Handlers\FileHandler' driver.
WARNING - 2024-11-01 04:30:05 --> [DEPRECATED] Creation of dynamic property App\Controllers\Superadmin\KelolaUser::$userModel is deprecated in APPPATH\Controllers\Superadmin\KelolaUser.php on line 20.
 1 SYSTEMPATH\CodeIgniter.php(903): App\Controllers\Superadmin\KelolaUser->__construct()
 2 SYSTEMPATH\CodeIgniter.php(500): CodeIgniter\CodeIgniter->createController()
 3 SYSTEMPATH\CodeIgniter.php(355): CodeIgniter\CodeIgniter->handleRequest(null, Object(Config\Cache), false)
 4 SYSTEMPATH\Boot.php(325): CodeIgniter\CodeIgniter->run()
 5 SYSTEMPATH\Boot.php(67): CodeIgniter\Boot::runCodeIgniter(Object(CodeIgniter\CodeIgniter))
 6 FCPATH\index.php(56): CodeIgniter\Boot::bootWeb(Object(Config\Paths))
 7 SYSTEMPATH\rewrite.php(44): require_once('D:\\Apps\\Laragon\\laragon\\www\\Runov_Litbang\\public\\index.php')
INFO - 2024-11-01 04:30:05 --> Session: Class initialized using 'CodeIgniter\Session\Handlers\FileHandler' driver.
INFO - 2024-11-01 04:30:06 --> Session: Class initialized using 'CodeIgniter\Session\Handlers\FileHandler' driver.
WARNING - 2024-11-01 04:32:21 --> [DEPRECATED] Creation of dynamic property App\Controllers\Superadmin\KelolaUser::$userModel is deprecated in APPPATH\Controllers\Superadmin\KelolaUser.php on line 20.
 1 SYSTEMPATH\CodeIgniter.php(903): App\Controllers\Superadmin\KelolaUser->__construct()
 2 SYSTEMPATH\CodeIgniter.php(500): CodeIgniter\CodeIgniter->createController()
 3 SYSTEMPATH\CodeIgniter.php(355): CodeIgniter\CodeIgniter->handleRequest(null, Object(Config\Cache), false)
 4 SYSTEMPATH\Boot.php(325): CodeIgniter\CodeIgniter->run()
 5 SYSTEMPATH\Boot.php(67): CodeIgniter\Boot::runCodeIgniter(Object(CodeIgniter\CodeIgniter))
 6 FCPATH\index.php(56): CodeIgniter\Boot::bootWeb(Object(Config\Paths))
 7 SYSTEMPATH\rewrite.php(44): require_once('D:\\Apps\\Laragon\\laragon\\www\\Runov_Litbang\\public\\index.php')
INFO - 2024-11-01 04:32:21 --> Session: Class initialized using 'CodeIgniter\Session\Handlers\FileHandler' driver.
INFO - 2024-11-01 04:32:22 --> Session: Class initialized using 'CodeIgniter\Session\Handlers\FileHandler' driver.
WARNING - 2024-11-01 04:32:27 --> [DEPRECATED] Creation of dynamic property App\Controllers\Superadmin\KelolaUser::$userModel is deprecated in APPPATH\Controllers\Superadmin\KelolaUser.php on line 20.
 1 SYSTEMPATH\CodeIgniter.php(903): App\Controllers\Superadmin\KelolaUser->__construct()
 2 SYSTEMPATH\CodeIgniter.php(500): CodeIgniter\CodeIgniter->createController()
 3 SYSTEMPATH\CodeIgniter.php(355): CodeIgniter\CodeIgniter->handleRequest(null, Object(Config\Cache), false)
 4 SYSTEMPATH\Boot.php(325): CodeIgniter\CodeIgniter->run()
 5 SYSTEMPATH\Boot.php(67): CodeIgniter\Boot::runCodeIgniter(Object(CodeIgniter\CodeIgniter))
 6 FCPATH\index.php(56): CodeIgniter\Boot::bootWeb(Object(Config\Paths))
 7 SYSTEMPATH\rewrite.php(44): require_once('D:\\Apps\\Laragon\\laragon\\www\\Runov_Litbang\\public\\index.php')
INFO - 2024-11-01 04:32:27 --> Session: Class initialized using 'CodeIgniter\Session\Handlers\FileHandler' driver.
INFO - 2024-11-01 04:32:28 --> Session: Class initialized using 'CodeIgniter\Session\Handlers\FileHandler' driver.
WARNING - 2024-11-01 04:32:50 --> [DEPRECATED] Creation of dynamic property App\Controllers\Superadmin\KelolaUser::$userModel is deprecated in APPPATH\Controllers\Superadmin\KelolaUser.php on line 20.
 1 SYSTEMPATH\CodeIgniter.php(903): App\Controllers\Superadmin\KelolaUser->__construct()
 2 SYSTEMPATH\CodeIgniter.php(500): CodeIgniter\CodeIgniter->createController()
 3 SYSTEMPATH\CodeIgniter.php(355): CodeIgniter\CodeIgniter->handleRequest(null, Object(Config\Cache), false)
 4 SYSTEMPATH\Boot.php(325): CodeIgniter\CodeIgniter->run()
 5 SYSTEMPATH\Boot.php(67): CodeIgniter\Boot::runCodeIgniter(Object(CodeIgniter\CodeIgniter))
 6 FCPATH\index.php(56): CodeIgniter\Boot::bootWeb(Object(Config\Paths))
 7 SYSTEMPATH\rewrite.php(44): require_once('D:\\Apps\\Laragon\\laragon\\www\\Runov_Litbang\\public\\index.php')
INFO - 2024-11-01 04:32:50 --> Session: Class initialized using 'CodeIgniter\Session\Handlers\FileHandler' driver.
INFO - 2024-11-01 04:32:51 --> Session: Class initialized using 'CodeIgniter\Session\Handlers\FileHandler' driver.
WARNING - 2024-11-01 04:32:54 --> [DEPRECATED] Creation of dynamic property App\Controllers\Superadmin\KelolaUser::$userModel is deprecated in APPPATH\Controllers\Superadmin\KelolaUser.php on line 20.
 1 SYSTEMPATH\CodeIgniter.php(903): App\Controllers\Superadmin\KelolaUser->__construct()
 2 SYSTEMPATH\CodeIgniter.php(500): CodeIgniter\CodeIgniter->createController()
 3 SYSTEMPATH\CodeIgniter.php(355): CodeIgniter\CodeIgniter->handleRequest(null, Object(Config\Cache), false)
 4 SYSTEMPATH\Boot.php(325): CodeIgniter\CodeIgniter->run()
 5 SYSTEMPATH\Boot.php(67): CodeIgniter\Boot::runCodeIgniter(Object(CodeIgniter\CodeIgniter))
 6 FCPATH\index.php(56): CodeIgniter\Boot::bootWeb(Object(Config\Paths))
 7 SYSTEMPATH\rewrite.php(44): require_once('D:\\Apps\\Laragon\\laragon\\www\\Runov_Litbang\\public\\index.php')
CRITICAL - 2024-11-01 04:32:54 --> CodeIgniter\View\Exceptions\ViewException: Invalid file: "super_admin/user/edit_opd.php"
[Method: GET, Route: superadmin/user/edit/7]
in SYSTEMPATH\Exceptions\FrameworkException.php on line 41.
 1 SYSTEMPATH\View\View.php(222): CodeIgniter\Exceptions\FrameworkException::forInvalidFile('super_admin/user/edit_opd.php')
 2 SYSTEMPATH\Common.php(1171): CodeIgniter\View\View->render('super_admin/user/edit_opd', [], true)
 3 APPPATH\Controllers\Superadmin\KelolaUser.php(254): view('super_admin/user/edit_opd', [...])
 4 SYSTEMPATH\CodeIgniter.php(933): App\Controllers\Superadmin\KelolaUser->edit(7)
 5 SYSTEMPATH\CodeIgniter.php(509): CodeIgniter\CodeIgniter->runController(Object(App\Controllers\Superadmin\KelolaUser))
 6 SYSTEMPATH\CodeIgniter.php(355): CodeIgniter\CodeIgniter->handleRequest(null, Object(Config\Cache), false)
 7 SYSTEMPATH\Boot.php(325): CodeIgniter\CodeIgniter->run()
 8 SYSTEMPATH\Boot.php(67): CodeIgniter\Boot::runCodeIgniter(Object(CodeIgniter\CodeIgniter))
 9 FCPATH\index.php(56): CodeIgniter\Boot::bootWeb(Object(Config\Paths))
10 SYSTEMPATH\rewrite.php(44): require_once('D:\\Apps\\Laragon\\laragon\\www\\Runov_Litbang\\public\\index.php')
WARNING - 2024-11-01 04:33:01 --> [DEPRECATED] Creation of dynamic property App\Controllers\Superadmin\KelolaUser::$userModel is deprecated in APPPATH\Controllers\Superadmin\KelolaUser.php on line 20.
 1 SYSTEMPATH\CodeIgniter.php(903): App\Controllers\Superadmin\KelolaUser->__construct()
 2 SYSTEMPATH\CodeIgniter.php(500): CodeIgniter\CodeIgniter->createController()
 3 SYSTEMPATH\CodeIgniter.php(355): CodeIgniter\CodeIgniter->handleRequest(null, Object(Config\Cache), false)
 4 SYSTEMPATH\Boot.php(325): CodeIgniter\CodeIgniter->run()
 5 SYSTEMPATH\Boot.php(67): CodeIgniter\Boot::runCodeIgniter(Object(CodeIgniter\CodeIgniter))
 6 FCPATH\index.php(56): CodeIgniter\Boot::bootWeb(Object(Config\Paths))
 7 SYSTEMPATH\rewrite.php(44): require_once('D:\\Apps\\Laragon\\laragon\\www\\Runov_Litbang\\public\\index.php')
INFO - 2024-11-01 04:33:01 --> Session: Class initialized using 'CodeIgniter\Session\Handlers\FileHandler' driver.
INFO - 2024-11-01 04:33:02 --> Session: Class initialized using 'CodeIgniter\Session\Handlers\FileHandler' driver.
INFO - 2024-11-01 04:33:09 --> Session: Class initialized using 'CodeIgniter\Session\Handlers\FileHandler' driver.
INFO - 2024-11-01 04:33:10 --> Session: Class initialized using 'CodeIgniter\Session\Handlers\FileHandler' driver.
WARNING - 2024-11-01 04:33:30 --> [DEPRECATED] Creation of dynamic property App\Controllers\Superadmin\KelolaUser::$userModel is deprecated in APPPATH\Controllers\Superadmin\KelolaUser.php on line 20.
 1 SYSTEMPATH\CodeIgniter.php(903): App\Controllers\Superadmin\KelolaUser->__construct()
 2 SYSTEMPATH\CodeIgniter.php(500): CodeIgniter\CodeIgniter->createController()
 3 SYSTEMPATH\CodeIgniter.php(355): CodeIgniter\CodeIgniter->handleRequest(null, Object(Config\Cache), false)
 4 SYSTEMPATH\Boot.php(325): CodeIgniter\CodeIgniter->run()
 5 SYSTEMPATH\Boot.php(67): CodeIgniter\Boot::runCodeIgniter(Object(CodeIgniter\CodeIgniter))
 6 FCPATH\index.php(56): CodeIgniter\Boot::bootWeb(Object(Config\Paths))
 7 SYSTEMPATH\rewrite.php(44): require_once('D:\\Apps\\Laragon\\laragon\\www\\Runov_Litbang\\public\\index.php')
INFO - 2024-11-01 04:33:31 --> Session: Class initialized using 'CodeIgniter\Session\Handlers\FileHandler' driver.
INFO - 2024-11-01 04:33:31 --> Session: Class initialized using 'CodeIgniter\Session\Handlers\FileHandler' driver.
WARNING - 2024-11-01 04:34:18 --> [DEPRECATED] Creation of dynamic property App\Controllers\Superadmin\KelolaUser::$userModel is deprecated in APPPATH\Controllers\Superadmin\KelolaUser.php on line 20.
 1 SYSTEMPATH\CodeIgniter.php(903): App\Controllers\Superadmin\KelolaUser->__construct()
 2 SYSTEMPATH\CodeIgniter.php(500): CodeIgniter\CodeIgniter->createController()
 3 SYSTEMPATH\CodeIgniter.php(355): CodeIgniter\CodeIgniter->handleRequest(null, Object(Config\Cache), false)
 4 SYSTEMPATH\Boot.php(325): CodeIgniter\CodeIgniter->run()
 5 SYSTEMPATH\Boot.php(67): CodeIgniter\Boot::runCodeIgniter(Object(CodeIgniter\CodeIgniter))
 6 FCPATH\index.php(56): CodeIgniter\Boot::bootWeb(Object(Config\Paths))
 7 SYSTEMPATH\rewrite.php(44): require_once('D:\\Apps\\Laragon\\laragon\\www\\Runov_Litbang\\public\\index.php')
CRITICAL - 2024-11-01 04:34:18 --> CodeIgniter\View\Exceptions\ViewException: Invalid file: "super_admin/user/edit_opd.php"
[Method: GET, Route: superadmin/user/edit/7]
in SYSTEMPATH\Exceptions\FrameworkException.php on line 41.
 1 SYSTEMPATH\View\View.php(222): CodeIgniter\Exceptions\FrameworkException::forInvalidFile('super_admin/user/edit_opd.php')
 2 SYSTEMPATH\Common.php(1171): CodeIgniter\View\View->render('super_admin/user/edit_opd', [], true)
 3 APPPATH\Controllers\Superadmin\KelolaUser.php(254): view('super_admin/user/edit_opd', [...])
 4 SYSTEMPATH\CodeIgniter.php(933): App\Controllers\Superadmin\KelolaUser->edit(7)
 5 SYSTEMPATH\CodeIgniter.php(509): CodeIgniter\CodeIgniter->runController(Object(App\Controllers\Superadmin\KelolaUser))
 6 SYSTEMPATH\CodeIgniter.php(355): CodeIgniter\CodeIgniter->handleRequest(null, Object(Config\Cache), false)
 7 SYSTEMPATH\Boot.php(325): CodeIgniter\CodeIgniter->run()
 8 SYSTEMPATH\Boot.php(67): CodeIgniter\Boot::runCodeIgniter(Object(CodeIgniter\CodeIgniter))
 9 FCPATH\index.php(56): CodeIgniter\Boot::bootWeb(Object(Config\Paths))
10 SYSTEMPATH\rewrite.php(44): require_once('D:\\Apps\\Laragon\\laragon\\www\\Runov_Litbang\\public\\index.php')
WARNING - 2024-11-01 04:34:34 --> [DEPRECATED] Creation of dynamic property App\Controllers\Superadmin\KelolaUser::$userModel is deprecated in APPPATH\Controllers\Superadmin\KelolaUser.php on line 20.
 1 SYSTEMPATH\CodeIgniter.php(903): App\Controllers\Superadmin\KelolaUser->__construct()
 2 SYSTEMPATH\CodeIgniter.php(500): CodeIgniter\CodeIgniter->createController()
 3 SYSTEMPATH\CodeIgniter.php(355): CodeIgniter\CodeIgniter->handleRequest(null, Object(Config\Cache), false)
 4 SYSTEMPATH\Boot.php(325): CodeIgniter\CodeIgniter->run()
 5 SYSTEMPATH\Boot.php(67): CodeIgniter\Boot::runCodeIgniter(Object(CodeIgniter\CodeIgniter))
 6 FCPATH\index.php(56): CodeIgniter\Boot::bootWeb(Object(Config\Paths))
 7 SYSTEMPATH\rewrite.php(44): require_once('D:\\Apps\\Laragon\\laragon\\www\\Runov_Litbang\\public\\index.php')
INFO - 2024-11-01 04:34:34 --> Session: Class initialized using 'CodeIgniter\Session\Handlers\FileHandler' driver.
INFO - 2024-11-01 04:34:34 --> Session: Class initialized using 'CodeIgniter\Session\Handlers\FileHandler' driver.
WARNING - 2024-11-01 04:34:49 --> [DEPRECATED] Creation of dynamic property App\Controllers\Superadmin\KelolaUser::$userModel is deprecated in APPPATH\Controllers\Superadmin\KelolaUser.php on line 20.
 1 SYSTEMPATH\CodeIgniter.php(903): App\Controllers\Superadmin\KelolaUser->__construct()
 2 SYSTEMPATH\CodeIgniter.php(500): CodeIgniter\CodeIgniter->createController()
 3 SYSTEMPATH\CodeIgniter.php(355): CodeIgniter\CodeIgniter->handleRequest(null, Object(Config\Cache), false)
 4 SYSTEMPATH\Boot.php(325): CodeIgniter\CodeIgniter->run()
 5 SYSTEMPATH\Boot.php(67): CodeIgniter\Boot::runCodeIgniter(Object(CodeIgniter\CodeIgniter))
 6 FCPATH\index.php(56): CodeIgniter\Boot::bootWeb(Object(Config\Paths))
 7 SYSTEMPATH\rewrite.php(44): require_once('D:\\Apps\\Laragon\\laragon\\www\\Runov_Litbang\\public\\index.php')
INFO - 2024-11-01 04:34:49 --> Session: Class initialized using 'CodeIgniter\Session\Handlers\FileHandler' driver.
INFO - 2024-11-01 04:34:50 --> Session: Class initialized using 'CodeIgniter\Session\Handlers\FileHandler' driver.
WARNING - 2024-11-01 04:35:15 --> [DEPRECATED] Creation of dynamic property App\Controllers\Superadmin\KelolaUser::$userModel is deprecated in APPPATH\Controllers\Superadmin\KelolaUser.php on line 20.
 1 SYSTEMPATH\CodeIgniter.php(903): App\Controllers\Superadmin\KelolaUser->__construct()
 2 SYSTEMPATH\CodeIgniter.php(500): CodeIgniter\CodeIgniter->createController()
 3 SYSTEMPATH\CodeIgniter.php(355): CodeIgniter\CodeIgniter->handleRequest(null, Object(Config\Cache), false)
 4 SYSTEMPATH\Boot.php(325): CodeIgniter\CodeIgniter->run()
 5 SYSTEMPATH\Boot.php(67): CodeIgniter\Boot::runCodeIgniter(Object(CodeIgniter\CodeIgniter))
 6 FCPATH\index.php(56): CodeIgniter\Boot::bootWeb(Object(Config\Paths))
 7 SYSTEMPATH\rewrite.php(44): require_once('D:\\Apps\\Laragon\\laragon\\www\\Runov_Litbang\\public\\index.php')
INFO - 2024-11-01 04:35:15 --> Session: Class initialized using 'CodeIgniter\Session\Handlers\FileHandler' driver.
INFO - 2024-11-01 04:35:16 --> Session: Class initialized using 'CodeIgniter\Session\Handlers\FileHandler' driver.
WARNING - 2024-11-01 04:35:23 --> [DEPRECATED] Creation of dynamic property App\Controllers\Superadmin\KelolaUser::$userModel is deprecated in APPPATH\Controllers\Superadmin\KelolaUser.php on line 20.
 1 SYSTEMPATH\CodeIgniter.php(903): App\Controllers\Superadmin\KelolaUser->__construct()
 2 SYSTEMPATH\CodeIgniter.php(500): CodeIgniter\CodeIgniter->createController()
 3 SYSTEMPATH\CodeIgniter.php(355): CodeIgniter\CodeIgniter->handleRequest(null, Object(Config\Cache), false)
 4 SYSTEMPATH\Boot.php(325): CodeIgniter\CodeIgniter->run()
 5 SYSTEMPATH\Boot.php(67): CodeIgniter\Boot::runCodeIgniter(Object(CodeIgniter\CodeIgniter))
 6 FCPATH\index.php(56): CodeIgniter\Boot::bootWeb(Object(Config\Paths))
 7 SYSTEMPATH\rewrite.php(44): require_once('D:\\Apps\\Laragon\\laragon\\www\\Runov_Litbang\\public\\index.php')
CRITICAL - 2024-11-01 04:35:23 --> CodeIgniter\View\Exceptions\ViewException: Invalid file: "super_admin/user/edit_opd.php"
[Method: GET, Route: superadmin/user/edit/7]
in SYSTEMPATH\Exceptions\FrameworkException.php on line 41.
 1 SYSTEMPATH\View\View.php(222): CodeIgniter\Exceptions\FrameworkException::forInvalidFile('super_admin/user/edit_opd.php')
 2 SYSTEMPATH\Common.php(1171): CodeIgniter\View\View->render('super_admin/user/edit_opd', [], true)
 3 APPPATH\Controllers\Superadmin\KelolaUser.php(254): view('super_admin/user/edit_opd', [...])
 4 SYSTEMPATH\CodeIgniter.php(933): App\Controllers\Superadmin\KelolaUser->edit(7)
 5 SYSTEMPATH\CodeIgniter.php(509): CodeIgniter\CodeIgniter->runController(Object(App\Controllers\Superadmin\KelolaUser))
 6 SYSTEMPATH\CodeIgniter.php(355): CodeIgniter\CodeIgniter->handleRequest(null, Object(Config\Cache), false)
 7 SYSTEMPATH\Boot.php(325): CodeIgniter\CodeIgniter->run()
 8 SYSTEMPATH\Boot.php(67): CodeIgniter\Boot::runCodeIgniter(Object(CodeIgniter\CodeIgniter))
 9 FCPATH\index.php(56): CodeIgniter\Boot::bootWeb(Object(Config\Paths))
10 SYSTEMPATH\rewrite.php(44): require_once('D:\\Apps\\Laragon\\laragon\\www\\Runov_Litbang\\public\\index.php')
WARNING - 2024-11-01 04:36:27 --> [DEPRECATED] Creation of dynamic property App\Controllers\Superadmin\KelolaUser::$userModel is deprecated in APPPATH\Controllers\Superadmin\KelolaUser.php on line 20.
 1 SYSTEMPATH\CodeIgniter.php(903): App\Controllers\Superadmin\KelolaUser->__construct()
 2 SYSTEMPATH\CodeIgniter.php(500): CodeIgniter\CodeIgniter->createController()
 3 SYSTEMPATH\CodeIgniter.php(355): CodeIgniter\CodeIgniter->handleRequest(null, Object(Config\Cache), false)
 4 SYSTEMPATH\Boot.php(325): CodeIgniter\CodeIgniter->run()
 5 SYSTEMPATH\Boot.php(67): CodeIgniter\Boot::runCodeIgniter(Object(CodeIgniter\CodeIgniter))
 6 FCPATH\index.php(56): CodeIgniter\Boot::bootWeb(Object(Config\Paths))
 7 SYSTEMPATH\rewrite.php(44): require_once('D:\\Apps\\Laragon\\laragon\\www\\Runov_Litbang\\public\\index.php')
INFO - 2024-11-01 04:36:27 --> Session: Class initialized using 'CodeIgniter\Session\Handlers\FileHandler' driver.
INFO - 2024-11-01 04:36:28 --> Session: Class initialized using 'CodeIgniter\Session\Handlers\FileHandler' driver.
INFO - 2024-11-01 04:36:30 --> Session: Class initialized using 'CodeIgniter\Session\Handlers\FileHandler' driver.
INFO - 2024-11-01 04:36:31 --> Session: Class initialized using 'CodeIgniter\Session\Handlers\FileHandler' driver.
INFO - 2024-11-01 04:36:34 --> Session: Class initialized using 'CodeIgniter\Session\Handlers\FileHandler' driver.
INFO - 2024-11-01 04:36:34 --> Session: Class initialized using 'CodeIgniter\Session\Handlers\FileHandler' driver.
INFO - 2024-11-01 04:36:53 --> Session: Class initialized using 'CodeIgniter\Session\Handlers\FileHandler' driver.
INFO - 2024-11-01 04:36:54 --> Session: Class initialized using 'CodeIgniter\Session\Handlers\FileHandler' driver.
INFO - 2024-11-01 04:36:54 --> Session: Class initialized using 'CodeIgniter\Session\Handlers\FileHandler' driver.
INFO - 2024-11-01 04:36:58 --> Session: Class initialized using 'CodeIgniter\Session\Handlers\FileHandler' driver.
INFO - 2024-11-01 04:36:58 --> Session: Class initialized using 'CodeIgniter\Session\Handlers\FileHandler' driver.
INFO - 2024-11-01 04:36:59 --> Session: Class initialized using 'CodeIgniter\Session\Handlers\FileHandler' driver.
INFO - 2024-11-01 04:37:00 --> Session: Class initialized using 'CodeIgniter\Session\Handlers\FileHandler' driver.
INFO - 2024-11-01 04:37:01 --> Session: Class initialized using 'CodeIgniter\Session\Handlers\FileHandler' driver.
INFO - 2024-11-01 04:37:02 --> Session: Class initialized using 'CodeIgniter\Session\Handlers\FileHandler' driver.
INFO - 2024-11-01 04:37:10 --> Session: Class initialized using 'CodeIgniter\Session\Handlers\FileHandler' driver.
INFO - 2024-11-01 04:37:10 --> Session: Class initialized using 'CodeIgniter\Session\Handlers\FileHandler' driver.
INFO - 2024-11-01 04:37:15 --> Session: Class initialized using 'CodeIgniter\Session\Handlers\FileHandler' driver.
INFO - 2024-11-01 04:37:15 --> Session: Class initialized using 'CodeIgniter\Session\Handlers\FileHandler' driver.
INFO - 2024-11-01 04:37:15 --> Session: Class initialized using 'CodeIgniter\Session\Handlers\FileHandler' driver.
INFO - 2024-11-01 04:37:18 --> Session: Class initialized using 'CodeIgniter\Session\Handlers\FileHandler' driver.
INFO - 2024-11-01 04:37:18 --> Session: Class initialized using 'CodeIgniter\Session\Handlers\FileHandler' driver.
INFO - 2024-11-01 04:37:19 --> Session: Class initialized using 'CodeIgniter\Session\Handlers\FileHandler' driver.
INFO - 2024-11-01 04:37:19 --> Session: Class initialized using 'CodeIgniter\Session\Handlers\FileHandler' driver.
INFO - 2024-11-01 04:37:22 --> Session: Class initialized using 'CodeIgniter\Session\Handlers\FileHandler' driver.
INFO - 2024-11-01 04:37:22 --> Session: Class initialized using 'CodeIgniter\Session\Handlers\FileHandler' driver.
INFO - 2024-11-01 04:37:26 --> Session: Class initialized using 'CodeIgniter\Session\Handlers\FileHandler' driver.
INFO - 2024-11-01 04:37:27 --> Session: Class initialized using 'CodeIgniter\Session\Handlers\FileHandler' driver.
INFO - 2024-11-01 04:38:01 --> Session: Class initialized using 'CodeIgniter\Session\Handlers\FileHandler' driver.
INFO - 2024-11-01 04:38:02 --> Session: Class initialized using 'CodeIgniter\Session\Handlers\FileHandler' driver.
WARNING - 2024-11-01 04:38:03 --> [DEPRECATED] Creation of dynamic property App\Controllers\Superadmin\KelolaUser::$userModel is deprecated in APPPATH\Controllers\Superadmin\KelolaUser.php on line 20.
 1 SYSTEMPATH\CodeIgniter.php(903): App\Controllers\Superadmin\KelolaUser->__construct()
 2 SYSTEMPATH\CodeIgniter.php(500): CodeIgniter\CodeIgniter->createController()
 3 SYSTEMPATH\CodeIgniter.php(355): CodeIgniter\CodeIgniter->handleRequest(null, Object(Config\Cache), false)
 4 SYSTEMPATH\Boot.php(325): CodeIgniter\CodeIgniter->run()
 5 SYSTEMPATH\Boot.php(67): CodeIgniter\Boot::runCodeIgniter(Object(CodeIgniter\CodeIgniter))
 6 FCPATH\index.php(56): CodeIgniter\Boot::bootWeb(Object(Config\Paths))
 7 SYSTEMPATH\rewrite.php(44): require_once('D:\\Apps\\Laragon\\laragon\\www\\Runov_Litbang\\public\\index.php')
INFO - 2024-11-01 04:38:03 --> Session: Class initialized using 'CodeIgniter\Session\Handlers\FileHandler' driver.
INFO - 2024-11-01 04:38:04 --> Session: Class initialized using 'CodeIgniter\Session\Handlers\FileHandler' driver.
WARNING - 2024-11-01 04:38:07 --> [DEPRECATED] Creation of dynamic property App\Controllers\Superadmin\KelolaUser::$userModel is deprecated in APPPATH\Controllers\Superadmin\KelolaUser.php on line 20.
 1 SYSTEMPATH\CodeIgniter.php(903): App\Controllers\Superadmin\KelolaUser->__construct()
 2 SYSTEMPATH\CodeIgniter.php(500): CodeIgniter\CodeIgniter->createController()
 3 SYSTEMPATH\CodeIgniter.php(355): CodeIgniter\CodeIgniter->handleRequest(null, Object(Config\Cache), false)
 4 SYSTEMPATH\Boot.php(325): CodeIgniter\CodeIgniter->run()
 5 SYSTEMPATH\Boot.php(67): CodeIgniter\Boot::runCodeIgniter(Object(CodeIgniter\CodeIgniter))
 6 FCPATH\index.php(56): CodeIgniter\Boot::bootWeb(Object(Config\Paths))
 7 SYSTEMPATH\rewrite.php(44): require_once('D:\\Apps\\Laragon\\laragon\\www\\Runov_Litbang\\public\\index.php')
CRITICAL - 2024-11-01 04:38:07 --> CodeIgniter\View\Exceptions\ViewException: Invalid file: "super_admin/user/edit_opd.php"
[Method: GET, Route: superadmin/user/edit/7]
in SYSTEMPATH\Exceptions\FrameworkException.php on line 41.
 1 SYSTEMPATH\View\View.php(222): CodeIgniter\Exceptions\FrameworkException::forInvalidFile('super_admin/user/edit_opd.php')
 2 SYSTEMPATH\Common.php(1171): CodeIgniter\View\View->render('super_admin/user/edit_opd', [], true)
 3 APPPATH\Controllers\Superadmin\KelolaUser.php(254): view('super_admin/user/edit_opd', [...])
 4 SYSTEMPATH\CodeIgniter.php(933): App\Controllers\Superadmin\KelolaUser->edit(7)
 5 SYSTEMPATH\CodeIgniter.php(509): CodeIgniter\CodeIgniter->runController(Object(App\Controllers\Superadmin\KelolaUser))
 6 SYSTEMPATH\CodeIgniter.php(355): CodeIgniter\CodeIgniter->handleRequest(null, Object(Config\Cache), false)
 7 SYSTEMPATH\Boot.php(325): CodeIgniter\CodeIgniter->run()
 8 SYSTEMPATH\Boot.php(67): CodeIgniter\Boot::runCodeIgniter(Object(CodeIgniter\CodeIgniter))
 9 FCPATH\index.php(56): CodeIgniter\Boot::bootWeb(Object(Config\Paths))
10 SYSTEMPATH\rewrite.php(44): require_once('D:\\Apps\\Laragon\\laragon\\www\\Runov_Litbang\\public\\index.php')
WARNING - 2024-11-01 04:38:12 --> [DEPRECATED] Creation of dynamic property App\Controllers\Superadmin\KelolaUser::$userModel is deprecated in APPPATH\Controllers\Superadmin\KelolaUser.php on line 20.
 1 SYSTEMPATH\CodeIgniter.php(903): App\Controllers\Superadmin\KelolaUser->__construct()
 2 SYSTEMPATH\CodeIgniter.php(500): CodeIgniter\CodeIgniter->createController()
 3 SYSTEMPATH\CodeIgniter.php(355): CodeIgniter\CodeIgniter->handleRequest(null, Object(Config\Cache), false)
 4 SYSTEMPATH\Boot.php(325): CodeIgniter\CodeIgniter->run()
 5 SYSTEMPATH\Boot.php(67): CodeIgniter\Boot::runCodeIgniter(Object(CodeIgniter\CodeIgniter))
 6 FCPATH\index.php(56): CodeIgniter\Boot::bootWeb(Object(Config\Paths))
 7 SYSTEMPATH\rewrite.php(44): require_once('D:\\Apps\\Laragon\\laragon\\www\\Runov_Litbang\\public\\index.php')
INFO - 2024-11-01 04:38:12 --> Session: Class initialized using 'CodeIgniter\Session\Handlers\FileHandler' driver.
INFO - 2024-11-01 04:38:12 --> Session: Class initialized using 'CodeIgniter\Session\Handlers\FileHandler' driver.
WARNING - 2024-11-01 04:38:59 --> [DEPRECATED] Creation of dynamic property App\Controllers\Superadmin\KelolaUser::$userModel is deprecated in APPPATH\Controllers\Superadmin\KelolaUser.php on line 20.
 1 SYSTEMPATH\CodeIgniter.php(903): App\Controllers\Superadmin\KelolaUser->__construct()
 2 SYSTEMPATH\CodeIgniter.php(500): CodeIgniter\CodeIgniter->createController()
 3 SYSTEMPATH\CodeIgniter.php(355): CodeIgniter\CodeIgniter->handleRequest(null, Object(Config\Cache), false)
 4 SYSTEMPATH\Boot.php(325): CodeIgniter\CodeIgniter->run()
 5 SYSTEMPATH\Boot.php(67): CodeIgniter\Boot::runCodeIgniter(Object(CodeIgniter\CodeIgniter))
 6 FCPATH\index.php(56): CodeIgniter\Boot::bootWeb(Object(Config\Paths))
 7 SYSTEMPATH\rewrite.php(44): require_once('D:\\Apps\\Laragon\\laragon\\www\\Runov_Litbang\\public\\index.php')
INFO - 2024-11-01 04:38:59 --> Session: Class initialized using 'CodeIgniter\Session\Handlers\FileHandler' driver.
INFO - 2024-11-01 04:39:00 --> Session: Class initialized using 'CodeIgniter\Session\Handlers\FileHandler' driver.
WARNING - 2024-11-01 04:39:03 --> [DEPRECATED] Creation of dynamic property App\Controllers\Superadmin\KelolaUser::$userModel is deprecated in APPPATH\Controllers\Superadmin\KelolaUser.php on line 20.
 1 SYSTEMPATH\CodeIgniter.php(903): App\Controllers\Superadmin\KelolaUser->__construct()
 2 SYSTEMPATH\CodeIgniter.php(500): CodeIgniter\CodeIgniter->createController()
 3 SYSTEMPATH\CodeIgniter.php(355): CodeIgniter\CodeIgniter->handleRequest(null, Object(Config\Cache), false)
 4 SYSTEMPATH\Boot.php(325): CodeIgniter\CodeIgniter->run()
 5 SYSTEMPATH\Boot.php(67): CodeIgniter\Boot::runCodeIgniter(Object(CodeIgniter\CodeIgniter))
 6 FCPATH\index.php(56): CodeIgniter\Boot::bootWeb(Object(Config\Paths))
 7 SYSTEMPATH\rewrite.php(44): require_once('D:\\Apps\\Laragon\\laragon\\www\\Runov_Litbang\\public\\index.php')
INFO - 2024-11-01 04:39:03 --> Session: Class initialized using 'CodeIgniter\Session\Handlers\FileHandler' driver.
INFO - 2024-11-01 04:39:03 --> Session: Class initialized using 'CodeIgniter\Session\Handlers\FileHandler' driver.
WARNING - 2024-11-01 04:52:10 --> [DEPRECATED] Creation of dynamic property App\Controllers\Superadmin\KelolaUser::$userModel is deprecated in APPPATH\Controllers\Superadmin\KelolaUser.php on line 20.
 1 SYSTEMPATH\CodeIgniter.php(903): App\Controllers\Superadmin\KelolaUser->__construct()
 2 SYSTEMPATH\CodeIgniter.php(500): CodeIgniter\CodeIgniter->createController()
 3 SYSTEMPATH\CodeIgniter.php(355): CodeIgniter\CodeIgniter->handleRequest(null, Object(Config\Cache), false)
 4 SYSTEMPATH\Boot.php(325): CodeIgniter\CodeIgniter->run()
 5 SYSTEMPATH\Boot.php(67): CodeIgniter\Boot::runCodeIgniter(Object(CodeIgniter\CodeIgniter))
 6 FCPATH\index.php(56): CodeIgniter\Boot::bootWeb(Object(Config\Paths))
 7 SYSTEMPATH\rewrite.php(44): require_once('D:\\Apps\\Laragon\\laragon\\www\\Runov_Litbang\\public\\index.php')
INFO - 2024-11-01 04:52:10 --> Session: Class initialized using 'CodeIgniter\Session\Handlers\FileHandler' driver.
INFO - 2024-11-01 04:52:10 --> Session: Class initialized using 'CodeIgniter\Session\Handlers\FileHandler' driver.
WARNING - 2024-11-01 04:52:19 --> [DEPRECATED] Creation of dynamic property App\Controllers\Superadmin\KelolaUser::$userModel is deprecated in APPPATH\Controllers\Superadmin\KelolaUser.php on line 20.
 1 SYSTEMPATH\CodeIgniter.php(903): App\Controllers\Superadmin\KelolaUser->__construct()
 2 SYSTEMPATH\CodeIgniter.php(500): CodeIgniter\CodeIgniter->createController()
 3 SYSTEMPATH\CodeIgniter.php(355): CodeIgniter\CodeIgniter->handleRequest(null, Object(Config\Cache), false)
 4 SYSTEMPATH\Boot.php(325): CodeIgniter\CodeIgniter->run()
 5 SYSTEMPATH\Boot.php(67): CodeIgniter\Boot::runCodeIgniter(Object(CodeIgniter\CodeIgniter))
 6 FCPATH\index.php(56): CodeIgniter\Boot::bootWeb(Object(Config\Paths))
 7 SYSTEMPATH\rewrite.php(44): require_once('D:\\Apps\\Laragon\\laragon\\www\\Runov_Litbang\\public\\index.php')
INFO - 2024-11-01 04:52:19 --> Session: Class initialized using 'CodeIgniter\Session\Handlers\FileHandler' driver.
INFO - 2024-11-01 04:52:20 --> Session: Class initialized using 'CodeIgniter\Session\Handlers\FileHandler' driver.
WARNING - 2024-11-01 04:52:27 --> [DEPRECATED] Creation of dynamic property App\Controllers\Superadmin\KelolaUser::$userModel is deprecated in APPPATH\Controllers\Superadmin\KelolaUser.php on line 20.
 1 SYSTEMPATH\CodeIgniter.php(903): App\Controllers\Superadmin\KelolaUser->__construct()
 2 SYSTEMPATH\CodeIgniter.php(500): CodeIgniter\CodeIgniter->createController()
 3 SYSTEMPATH\CodeIgniter.php(355): CodeIgniter\CodeIgniter->handleRequest(null, Object(Config\Cache), false)
 4 SYSTEMPATH\Boot.php(325): CodeIgniter\CodeIgniter->run()
 5 SYSTEMPATH\Boot.php(67): CodeIgniter\Boot::runCodeIgniter(Object(CodeIgniter\CodeIgniter))
 6 FCPATH\index.php(56): CodeIgniter\Boot::bootWeb(Object(Config\Paths))
 7 SYSTEMPATH\rewrite.php(44): require_once('D:\\Apps\\Laragon\\laragon\\www\\Runov_Litbang\\public\\index.php')
INFO - 2024-11-01 04:52:27 --> Session: Class initialized using 'CodeIgniter\Session\Handlers\FileHandler' driver.
INFO - 2024-11-01 04:52:28 --> Session: Class initialized using 'CodeIgniter\Session\Handlers\FileHandler' driver.
WARNING - 2024-11-01 04:52:43 --> [DEPRECATED] Creation of dynamic property App\Controllers\Superadmin\KelolaUser::$userModel is deprecated in APPPATH\Controllers\Superadmin\KelolaUser.php on line 20.
 1 SYSTEMPATH\CodeIgniter.php(903): App\Controllers\Superadmin\KelolaUser->__construct()
 2 SYSTEMPATH\CodeIgniter.php(500): CodeIgniter\CodeIgniter->createController()
 3 SYSTEMPATH\CodeIgniter.php(355): CodeIgniter\CodeIgniter->handleRequest(null, Object(Config\Cache), false)
 4 SYSTEMPATH\Boot.php(325): CodeIgniter\CodeIgniter->run()
 5 SYSTEMPATH\Boot.php(67): CodeIgniter\Boot::runCodeIgniter(Object(CodeIgniter\CodeIgniter))
 6 FCPATH\index.php(56): CodeIgniter\Boot::bootWeb(Object(Config\Paths))
 7 SYSTEMPATH\rewrite.php(44): require_once('D:\\Apps\\Laragon\\laragon\\www\\Runov_Litbang\\public\\index.php')
INFO - 2024-11-01 04:52:43 --> Session: Class initialized using 'CodeIgniter\Session\Handlers\FileHandler' driver.
INFO - 2024-11-01 04:52:44 --> Session: Class initialized using 'CodeIgniter\Session\Handlers\FileHandler' driver.
WARNING - 2024-11-01 04:52:48 --> [DEPRECATED] Creation of dynamic property App\Controllers\Superadmin\KelolaUser::$userModel is deprecated in APPPATH\Controllers\Superadmin\KelolaUser.php on line 20.
 1 SYSTEMPATH\CodeIgniter.php(903): App\Controllers\Superadmin\KelolaUser->__construct()
 2 SYSTEMPATH\CodeIgniter.php(500): CodeIgniter\CodeIgniter->createController()
 3 SYSTEMPATH\CodeIgniter.php(355): CodeIgniter\CodeIgniter->handleRequest(null, Object(Config\Cache), false)
 4 SYSTEMPATH\Boot.php(325): CodeIgniter\CodeIgniter->run()
 5 SYSTEMPATH\Boot.php(67): CodeIgniter\Boot::runCodeIgniter(Object(CodeIgniter\CodeIgniter))
 6 FCPATH\index.php(56): CodeIgniter\Boot::bootWeb(Object(Config\Paths))
 7 SYSTEMPATH\rewrite.php(44): require_once('D:\\Apps\\Laragon\\laragon\\www\\Runov_Litbang\\public\\index.php')
INFO - 2024-11-01 04:52:48 --> Session: Class initialized using 'CodeIgniter\Session\Handlers\FileHandler' driver.
INFO - 2024-11-01 04:52:49 --> Session: Class initialized using 'CodeIgniter\Session\Handlers\FileHandler' driver.
WARNING - 2024-11-01 04:59:34 --> [DEPRECATED] Creation of dynamic property App\Controllers\Superadmin\KelolaUser::$userModel is deprecated in APPPATH\Controllers\Superadmin\KelolaUser.php on line 20.
 1 SYSTEMPATH\CodeIgniter.php(903): App\Controllers\Superadmin\KelolaUser->__construct()
 2 SYSTEMPATH\CodeIgniter.php(500): CodeIgniter\CodeIgniter->createController()
 3 SYSTEMPATH\CodeIgniter.php(355): CodeIgniter\CodeIgniter->handleRequest(null, Object(Config\Cache), false)
 4 SYSTEMPATH\Boot.php(325): CodeIgniter\CodeIgniter->run()
 5 SYSTEMPATH\Boot.php(67): CodeIgniter\Boot::runCodeIgniter(Object(CodeIgniter\CodeIgniter))
 6 FCPATH\index.php(56): CodeIgniter\Boot::bootWeb(Object(Config\Paths))
 7 SYSTEMPATH\rewrite.php(44): require_once('D:\\Apps\\Laragon\\laragon\\www\\Runov_Litbang\\public\\index.php')
INFO - 2024-11-01 04:59:34 --> Session: Class initialized using 'CodeIgniter\Session\Handlers\FileHandler' driver.
INFO - 2024-11-01 04:59:35 --> Session: Class initialized using 'CodeIgniter\Session\Handlers\FileHandler' driver.
WARNING - 2024-11-01 05:00:58 --> [DEPRECATED] Creation of dynamic property App\Controllers\Superadmin\KelolaUser::$userModel is deprecated in APPPATH\Controllers\Superadmin\KelolaUser.php on line 20.
 1 SYSTEMPATH\CodeIgniter.php(903): App\Controllers\Superadmin\KelolaUser->__construct()
 2 SYSTEMPATH\CodeIgniter.php(500): CodeIgniter\CodeIgniter->createController()
 3 SYSTEMPATH\CodeIgniter.php(355): CodeIgniter\CodeIgniter->handleRequest(null, Object(Config\Cache), false)
 4 SYSTEMPATH\Boot.php(325): CodeIgniter\CodeIgniter->run()
 5 SYSTEMPATH\Boot.php(67): CodeIgniter\Boot::runCodeIgniter(Object(CodeIgniter\CodeIgniter))
 6 FCPATH\index.php(56): CodeIgniter\Boot::bootWeb(Object(Config\Paths))
 7 SYSTEMPATH\rewrite.php(44): require_once('D:\\Apps\\Laragon\\laragon\\www\\Runov_Litbang\\public\\index.php')
INFO - 2024-11-01 05:00:58 --> Session: Class initialized using 'CodeIgniter\Session\Handlers\FileHandler' driver.
INFO - 2024-11-01 05:00:59 --> Session: Class initialized using 'CodeIgniter\Session\Handlers\FileHandler' driver.
WARNING - 2024-11-01 05:01:51 --> [DEPRECATED] Creation of dynamic property App\Controllers\Superadmin\KelolaUser::$userModel is deprecated in APPPATH\Controllers\Superadmin\KelolaUser.php on line 20.
 1 SYSTEMPATH\CodeIgniter.php(903): App\Controllers\Superadmin\KelolaUser->__construct()
 2 SYSTEMPATH\CodeIgniter.php(500): CodeIgniter\CodeIgniter->createController()
 3 SYSTEMPATH\CodeIgniter.php(355): CodeIgniter\CodeIgniter->handleRequest(null, Object(Config\Cache), false)
 4 SYSTEMPATH\Boot.php(325): CodeIgniter\CodeIgniter->run()
 5 SYSTEMPATH\Boot.php(67): CodeIgniter\Boot::runCodeIgniter(Object(CodeIgniter\CodeIgniter))
 6 FCPATH\index.php(56): CodeIgniter\Boot::bootWeb(Object(Config\Paths))
 7 SYSTEMPATH\rewrite.php(44): require_once('D:\\Apps\\Laragon\\laragon\\www\\Runov_Litbang\\public\\index.php')
INFO - 2024-11-01 05:01:51 --> Session: Class initialized using 'CodeIgniter\Session\Handlers\FileHandler' driver.
INFO - 2024-11-01 05:01:52 --> Session: Class initialized using 'CodeIgniter\Session\Handlers\FileHandler' driver.
WARNING - 2024-11-01 05:02:24 --> [DEPRECATED] Creation of dynamic property App\Controllers\Superadmin\KelolaUser::$userModel is deprecated in APPPATH\Controllers\Superadmin\KelolaUser.php on line 20.
 1 SYSTEMPATH\CodeIgniter.php(903): App\Controllers\Superadmin\KelolaUser->__construct()
 2 SYSTEMPATH\CodeIgniter.php(500): CodeIgniter\CodeIgniter->createController()
 3 SYSTEMPATH\CodeIgniter.php(355): CodeIgniter\CodeIgniter->handleRequest(null, Object(Config\Cache), false)
 4 SYSTEMPATH\Boot.php(325): CodeIgniter\CodeIgniter->run()
 5 SYSTEMPATH\Boot.php(67): CodeIgniter\Boot::runCodeIgniter(Object(CodeIgniter\CodeIgniter))
 6 FCPATH\index.php(56): CodeIgniter\Boot::bootWeb(Object(Config\Paths))
 7 SYSTEMPATH\rewrite.php(44): require_once('D:\\Apps\\Laragon\\laragon\\www\\Runov_Litbang\\public\\index.php')
INFO - 2024-11-01 05:02:24 --> Session: Class initialized using 'CodeIgniter\Session\Handlers\FileHandler' driver.
INFO - 2024-11-01 05:02:25 --> Session: Class initialized using 'CodeIgniter\Session\Handlers\FileHandler' driver.
WARNING - 2024-11-01 05:05:03 --> [DEPRECATED] Creation of dynamic property App\Controllers\Superadmin\KelolaUser::$userModel is deprecated in APPPATH\Controllers\Superadmin\KelolaUser.php on line 20.
 1 SYSTEMPATH\CodeIgniter.php(903): App\Controllers\Superadmin\KelolaUser->__construct()
 2 SYSTEMPATH\CodeIgniter.php(500): CodeIgniter\CodeIgniter->createController()
 3 SYSTEMPATH\CodeIgniter.php(355): CodeIgniter\CodeIgniter->handleRequest(null, Object(Config\Cache), false)
 4 SYSTEMPATH\Boot.php(325): CodeIgniter\CodeIgniter->run()
 5 SYSTEMPATH\Boot.php(67): CodeIgniter\Boot::runCodeIgniter(Object(CodeIgniter\CodeIgniter))
 6 FCPATH\index.php(56): CodeIgniter\Boot::bootWeb(Object(Config\Paths))
 7 SYSTEMPATH\rewrite.php(44): require_once('D:\\Apps\\Laragon\\laragon\\www\\Runov_Litbang\\public\\index.php')
INFO - 2024-11-01 05:05:03 --> Session: Class initialized using 'CodeIgniter\Session\Handlers\FileHandler' driver.
INFO - 2024-11-01 05:05:04 --> Session: Class initialized using 'CodeIgniter\Session\Handlers\FileHandler' driver.
WARNING - 2024-11-01 05:14:19 --> [DEPRECATED] Creation of dynamic property App\Controllers\Superadmin\KelolaUser::$userModel is deprecated in APPPATH\Controllers\Superadmin\KelolaUser.php on line 20.
 1 SYSTEMPATH\CodeIgniter.php(903): App\Controllers\Superadmin\KelolaUser->__construct()
 2 SYSTEMPATH\CodeIgniter.php(500): CodeIgniter\CodeIgniter->createController()
 3 SYSTEMPATH\CodeIgniter.php(355): CodeIgniter\CodeIgniter->handleRequest(null, Object(Config\Cache), false)
 4 SYSTEMPATH\Boot.php(325): CodeIgniter\CodeIgniter->run()
 5 SYSTEMPATH\Boot.php(67): CodeIgniter\Boot::runCodeIgniter(Object(CodeIgniter\CodeIgniter))
 6 FCPATH\index.php(56): CodeIgniter\Boot::bootWeb(Object(Config\Paths))
 7 SYSTEMPATH\rewrite.php(44): require_once('D:\\Apps\\Laragon\\laragon\\www\\Runov_Litbang\\public\\index.php')
INFO - 2024-11-01 05:14:19 --> Session: Class initialized using 'CodeIgniter\Session\Handlers\FileHandler' driver.
INFO - 2024-11-01 05:14:20 --> Session: Class initialized using 'CodeIgniter\Session\Handlers\FileHandler' driver.
WARNING - 2024-11-01 05:14:36 --> [DEPRECATED] Creation of dynamic property App\Controllers\Superadmin\KelolaUser::$userModel is deprecated in APPPATH\Controllers\Superadmin\KelolaUser.php on line 20.
 1 SYSTEMPATH\CodeIgniter.php(903): App\Controllers\Superadmin\KelolaUser->__construct()
 2 SYSTEMPATH\CodeIgniter.php(500): CodeIgniter\CodeIgniter->createController()
 3 SYSTEMPATH\CodeIgniter.php(355): CodeIgniter\CodeIgniter->handleRequest(null, Object(Config\Cache), false)
 4 SYSTEMPATH\Boot.php(325): CodeIgniter\CodeIgniter->run()
 5 SYSTEMPATH\Boot.php(67): CodeIgniter\Boot::runCodeIgniter(Object(CodeIgniter\CodeIgniter))
 6 FCPATH\index.php(56): CodeIgniter\Boot::bootWeb(Object(Config\Paths))
 7 SYSTEMPATH\rewrite.php(44): require_once('D:\\Apps\\Laragon\\laragon\\www\\Runov_Litbang\\public\\index.php')
INFO - 2024-11-01 05:14:36 --> Session: Class initialized using 'CodeIgniter\Session\Handlers\FileHandler' driver.
INFO - 2024-11-01 05:14:37 --> Session: Class initialized using 'CodeIgniter\Session\Handlers\FileHandler' driver.
WARNING - 2024-11-01 05:14:39 --> [DEPRECATED] Creation of dynamic property App\Controllers\Superadmin\KelolaUser::$userModel is deprecated in APPPATH\Controllers\Superadmin\KelolaUser.php on line 20.
 1 SYSTEMPATH\CodeIgniter.php(903): App\Controllers\Superadmin\KelolaUser->__construct()
 2 SYSTEMPATH\CodeIgniter.php(500): CodeIgniter\CodeIgniter->createController()
 3 SYSTEMPATH\CodeIgniter.php(355): CodeIgniter\CodeIgniter->handleRequest(null, Object(Config\Cache), false)
 4 SYSTEMPATH\Boot.php(325): CodeIgniter\CodeIgniter->run()
 5 SYSTEMPATH\Boot.php(67): CodeIgniter\Boot::runCodeIgniter(Object(CodeIgniter\CodeIgniter))
 6 FCPATH\index.php(56): CodeIgniter\Boot::bootWeb(Object(Config\Paths))
 7 SYSTEMPATH\rewrite.php(44): require_once('D:\\Apps\\Laragon\\laragon\\www\\Runov_Litbang\\public\\index.php')
INFO - 2024-11-01 05:14:39 --> Session: Class initialized using 'CodeIgniter\Session\Handlers\FileHandler' driver.
INFO - 2024-11-01 05:14:41 --> Session: Class initialized using 'CodeIgniter\Session\Handlers\FileHandler' driver.
WARNING - 2024-11-01 05:14:44 --> [DEPRECATED] Creation of dynamic property App\Controllers\Superadmin\KelolaUser::$userModel is deprecated in APPPATH\Controllers\Superadmin\KelolaUser.php on line 20.
 1 SYSTEMPATH\CodeIgniter.php(903): App\Controllers\Superadmin\KelolaUser->__construct()
 2 SYSTEMPATH\CodeIgniter.php(500): CodeIgniter\CodeIgniter->createController()
 3 SYSTEMPATH\CodeIgniter.php(355): CodeIgniter\CodeIgniter->handleRequest(null, Object(Config\Cache), false)
 4 SYSTEMPATH\Boot.php(325): CodeIgniter\CodeIgniter->run()
 5 SYSTEMPATH\Boot.php(67): CodeIgniter\Boot::runCodeIgniter(Object(CodeIgniter\CodeIgniter))
 6 FCPATH\index.php(56): CodeIgniter\Boot::bootWeb(Object(Config\Paths))
 7 SYSTEMPATH\rewrite.php(44): require_once('D:\\Apps\\Laragon\\laragon\\www\\Runov_Litbang\\public\\index.php')
INFO - 2024-11-01 05:14:44 --> Session: Class initialized using 'CodeIgniter\Session\Handlers\FileHandler' driver.
INFO - 2024-11-01 05:14:45 --> Session: Class initialized using 'CodeIgniter\Session\Handlers\FileHandler' driver.
WARNING - 2024-11-01 05:14:46 --> [DEPRECATED] Creation of dynamic property App\Controllers\Superadmin\KelolaUser::$userModel is deprecated in APPPATH\Controllers\Superadmin\KelolaUser.php on line 20.
 1 SYSTEMPATH\CodeIgniter.php(903): App\Controllers\Superadmin\KelolaUser->__construct()
 2 SYSTEMPATH\CodeIgniter.php(500): CodeIgniter\CodeIgniter->createController()
 3 SYSTEMPATH\CodeIgniter.php(355): CodeIgniter\CodeIgniter->handleRequest(null, Object(Config\Cache), false)
 4 SYSTEMPATH\Boot.php(325): CodeIgniter\CodeIgniter->run()
 5 SYSTEMPATH\Boot.php(67): CodeIgniter\Boot::runCodeIgniter(Object(CodeIgniter\CodeIgniter))
 6 FCPATH\index.php(56): CodeIgniter\Boot::bootWeb(Object(Config\Paths))
 7 SYSTEMPATH\rewrite.php(44): require_once('D:\\Apps\\Laragon\\laragon\\www\\Runov_Litbang\\public\\index.php')
INFO - 2024-11-01 05:14:46 --> Session: Class initialized using 'CodeIgniter\Session\Handlers\FileHandler' driver.
INFO - 2024-11-01 05:14:47 --> Session: Class initialized using 'CodeIgniter\Session\Handlers\FileHandler' driver.
WARNING - 2024-11-01 05:16:37 --> [DEPRECATED] Creation of dynamic property App\Controllers\Superadmin\KelolaUser::$userModel is deprecated in APPPATH\Controllers\Superadmin\KelolaUser.php on line 20.
 1 SYSTEMPATH\CodeIgniter.php(903): App\Controllers\Superadmin\KelolaUser->__construct()
 2 SYSTEMPATH\CodeIgniter.php(500): CodeIgniter\CodeIgniter->createController()
 3 SYSTEMPATH\CodeIgniter.php(355): CodeIgniter\CodeIgniter->handleRequest(null, Object(Config\Cache), false)
 4 SYSTEMPATH\Boot.php(325): CodeIgniter\CodeIgniter->run()
 5 SYSTEMPATH\Boot.php(67): CodeIgniter\Boot::runCodeIgniter(Object(CodeIgniter\CodeIgniter))
 6 FCPATH\index.php(56): CodeIgniter\Boot::bootWeb(Object(Config\Paths))
 7 SYSTEMPATH\rewrite.php(44): require_once('D:\\Apps\\Laragon\\laragon\\www\\Runov_Litbang\\public\\index.php')
INFO - 2024-11-01 05:16:37 --> Session: Class initialized using 'CodeIgniter\Session\Handlers\FileHandler' driver.
INFO - 2024-11-01 05:16:38 --> Session: Class initialized using 'CodeIgniter\Session\Handlers\FileHandler' driver.
WARNING - 2024-11-01 05:16:45 --> [DEPRECATED] Creation of dynamic property App\Controllers\Superadmin\KelolaUser::$userModel is deprecated in APPPATH\Controllers\Superadmin\KelolaUser.php on line 20.
 1 SYSTEMPATH\CodeIgniter.php(903): App\Controllers\Superadmin\KelolaUser->__construct()
 2 SYSTEMPATH\CodeIgniter.php(500): CodeIgniter\CodeIgniter->createController()
 3 SYSTEMPATH\CodeIgniter.php(355): CodeIgniter\CodeIgniter->handleRequest(null, Object(Config\Cache), false)
 4 SYSTEMPATH\Boot.php(325): CodeIgniter\CodeIgniter->run()
 5 SYSTEMPATH\Boot.php(67): CodeIgniter\Boot::runCodeIgniter(Object(CodeIgniter\CodeIgniter))
 6 FCPATH\index.php(56): CodeIgniter\Boot::bootWeb(Object(Config\Paths))
 7 SYSTEMPATH\rewrite.php(44): require_once('D:\\Apps\\Laragon\\laragon\\www\\Runov_Litbang\\public\\index.php')
INFO - 2024-11-01 05:16:45 --> Session: Class initialized using 'CodeIgniter\Session\Handlers\FileHandler' driver.
INFO - 2024-11-01 05:16:46 --> Session: Class initialized using 'CodeIgniter\Session\Handlers\FileHandler' driver.
WARNING - 2024-11-01 05:17:02 --> [DEPRECATED] Creation of dynamic property App\Controllers\Superadmin\KelolaUser::$userModel is deprecated in APPPATH\Controllers\Superadmin\KelolaUser.php on line 20.
 1 SYSTEMPATH\CodeIgniter.php(903): App\Controllers\Superadmin\KelolaUser->__construct()
 2 SYSTEMPATH\CodeIgniter.php(500): CodeIgniter\CodeIgniter->createController()
 3 SYSTEMPATH\CodeIgniter.php(355): CodeIgniter\CodeIgniter->handleRequest(null, Object(Config\Cache), false)
 4 SYSTEMPATH\Boot.php(325): CodeIgniter\CodeIgniter->run()
 5 SYSTEMPATH\Boot.php(67): CodeIgniter\Boot::runCodeIgniter(Object(CodeIgniter\CodeIgniter))
 6 FCPATH\index.php(56): CodeIgniter\Boot::bootWeb(Object(Config\Paths))
 7 SYSTEMPATH\rewrite.php(44): require_once('D:\\Apps\\Laragon\\laragon\\www\\Runov_Litbang\\public\\index.php')
INFO - 2024-11-01 05:17:02 --> Session: Class initialized using 'CodeIgniter\Session\Handlers\FileHandler' driver.
INFO - 2024-11-01 05:17:03 --> Session: Class initialized using 'CodeIgniter\Session\Handlers\FileHandler' driver.
WARNING - 2024-11-01 05:17:12 --> [DEPRECATED] Creation of dynamic property App\Controllers\Superadmin\KelolaUser::$userModel is deprecated in APPPATH\Controllers\Superadmin\KelolaUser.php on line 20.
 1 SYSTEMPATH\CodeIgniter.php(903): App\Controllers\Superadmin\KelolaUser->__construct()
 2 SYSTEMPATH\CodeIgniter.php(500): CodeIgniter\CodeIgniter->createController()
 3 SYSTEMPATH\CodeIgniter.php(355): CodeIgniter\CodeIgniter->handleRequest(null, Object(Config\Cache), false)
 4 SYSTEMPATH\Boot.php(325): CodeIgniter\CodeIgniter->run()
 5 SYSTEMPATH\Boot.php(67): CodeIgniter\Boot::runCodeIgniter(Object(CodeIgniter\CodeIgniter))
 6 FCPATH\index.php(56): CodeIgniter\Boot::bootWeb(Object(Config\Paths))
 7 SYSTEMPATH\rewrite.php(44): require_once('D:\\Apps\\Laragon\\laragon\\www\\Runov_Litbang\\public\\index.php')
INFO - 2024-11-01 05:17:12 --> Session: Class initialized using 'CodeIgniter\Session\Handlers\FileHandler' driver.
INFO - 2024-11-01 05:17:13 --> Session: Class initialized using 'CodeIgniter\Session\Handlers\FileHandler' driver.
WARNING - 2024-11-01 05:22:29 --> [DEPRECATED] Creation of dynamic property App\Controllers\Superadmin\KelolaUser::$userModel is deprecated in APPPATH\Controllers\Superadmin\KelolaUser.php on line 20.
 1 SYSTEMPATH\CodeIgniter.php(903): App\Controllers\Superadmin\KelolaUser->__construct()
 2 SYSTEMPATH\CodeIgniter.php(500): CodeIgniter\CodeIgniter->createController()
 3 SYSTEMPATH\CodeIgniter.php(355): CodeIgniter\CodeIgniter->handleRequest(null, Object(Config\Cache), false)
 4 SYSTEMPATH\Boot.php(325): CodeIgniter\CodeIgniter->run()
 5 SYSTEMPATH\Boot.php(67): CodeIgniter\Boot::runCodeIgniter(Object(CodeIgniter\CodeIgniter))
 6 FCPATH\index.php(56): CodeIgniter\Boot::bootWeb(Object(Config\Paths))
 7 SYSTEMPATH\rewrite.php(44): require_once('D:\\Apps\\Laragon\\laragon\\www\\Runov_Litbang\\public\\index.php')
INFO - 2024-11-01 05:22:29 --> Session: Class initialized using 'CodeIgniter\Session\Handlers\FileHandler' driver.
INFO - 2024-11-01 05:22:30 --> Session: Class initialized using 'CodeIgniter\Session\Handlers\FileHandler' driver.
WARNING - 2024-11-01 05:22:32 --> [DEPRECATED] Creation of dynamic property App\Controllers\Superadmin\KelolaUser::$userModel is deprecated in APPPATH\Controllers\Superadmin\KelolaUser.php on line 20.
 1 SYSTEMPATH\CodeIgniter.php(903): App\Controllers\Superadmin\KelolaUser->__construct()
 2 SYSTEMPATH\CodeIgniter.php(500): CodeIgniter\CodeIgniter->createController()
 3 SYSTEMPATH\CodeIgniter.php(355): CodeIgniter\CodeIgniter->handleRequest(null, Object(Config\Cache), false)
 4 SYSTEMPATH\Boot.php(325): CodeIgniter\CodeIgniter->run()
 5 SYSTEMPATH\Boot.php(67): CodeIgniter\Boot::runCodeIgniter(Object(CodeIgniter\CodeIgniter))
 6 FCPATH\index.php(56): CodeIgniter\Boot::bootWeb(Object(Config\Paths))
 7 SYSTEMPATH\rewrite.php(44): require_once('D:\\Apps\\Laragon\\laragon\\www\\Runov_Litbang\\public\\index.php')
INFO - 2024-11-01 05:22:32 --> Session: Class initialized using 'CodeIgniter\Session\Handlers\FileHandler' driver.
INFO - 2024-11-01 05:22:33 --> Session: Class initialized using 'CodeIgniter\Session\Handlers\FileHandler' driver.
WARNING - 2024-11-01 05:22:34 --> [DEPRECATED] Creation of dynamic property App\Controllers\Superadmin\KelolaUser::$userModel is deprecated in APPPATH\Controllers\Superadmin\KelolaUser.php on line 20.
 1 SYSTEMPATH\CodeIgniter.php(903): App\Controllers\Superadmin\KelolaUser->__construct()
 2 SYSTEMPATH\CodeIgniter.php(500): CodeIgniter\CodeIgniter->createController()
 3 SYSTEMPATH\CodeIgniter.php(355): CodeIgniter\CodeIgniter->handleRequest(null, Object(Config\Cache), false)
 4 SYSTEMPATH\Boot.php(325): CodeIgniter\CodeIgniter->run()
 5 SYSTEMPATH\Boot.php(67): CodeIgniter\Boot::runCodeIgniter(Object(CodeIgniter\CodeIgniter))
 6 FCPATH\index.php(56): CodeIgniter\Boot::bootWeb(Object(Config\Paths))
 7 SYSTEMPATH\rewrite.php(44): require_once('D:\\Apps\\Laragon\\laragon\\www\\Runov_Litbang\\public\\index.php')
INFO - 2024-11-01 05:22:34 --> Session: Class initialized using 'CodeIgniter\Session\Handlers\FileHandler' driver.
INFO - 2024-11-01 05:22:36 --> Session: Class initialized using 'CodeIgniter\Session\Handlers\FileHandler' driver.
WARNING - 2024-11-01 05:22:37 --> [DEPRECATED] Creation of dynamic property App\Controllers\Superadmin\KelolaUser::$userModel is deprecated in APPPATH\Controllers\Superadmin\KelolaUser.php on line 20.
 1 SYSTEMPATH\CodeIgniter.php(903): App\Controllers\Superadmin\KelolaUser->__construct()
 2 SYSTEMPATH\CodeIgniter.php(500): CodeIgniter\CodeIgniter->createController()
 3 SYSTEMPATH\CodeIgniter.php(355): CodeIgniter\CodeIgniter->handleRequest(null, Object(Config\Cache), false)
 4 SYSTEMPATH\Boot.php(325): CodeIgniter\CodeIgniter->run()
 5 SYSTEMPATH\Boot.php(67): CodeIgniter\Boot::runCodeIgniter(Object(CodeIgniter\CodeIgniter))
 6 FCPATH\index.php(56): CodeIgniter\Boot::bootWeb(Object(Config\Paths))
 7 SYSTEMPATH\rewrite.php(44): require_once('D:\\Apps\\Laragon\\laragon\\www\\Runov_Litbang\\public\\index.php')
INFO - 2024-11-01 05:22:37 --> Session: Class initialized using 'CodeIgniter\Session\Handlers\FileHandler' driver.
INFO - 2024-11-01 05:22:38 --> Session: Class initialized using 'CodeIgniter\Session\Handlers\FileHandler' driver.
