INFO - 2024-12-17 03:06:15 --> Session: Class initialized using 'CodeIgniter\Session\Handlers\FileHandler' driver.
INFO - 2024-12-17 03:06:18 --> Session: Class initialized using 'CodeIgniter\Session\Handlers\FileHandler' driver.
INFO - 2024-12-17 03:06:22 --> Session: Class initialized using 'CodeIgniter\Session\Handlers\FileHandler' driver.
INFO - 2024-12-17 03:06:24 --> Session: Class initialized using 'CodeIgniter\Session\Handlers\FileHandler' driver.
INFO - 2024-12-17 03:06:32 --> Session: Class initialized using 'CodeIgniter\Session\Handlers\FileHandler' driver.
INFO - 2024-12-17 03:06:33 --> Session: Class initialized using 'CodeIgniter\Session\Handlers\FileHandler' driver.
INFO - 2024-12-17 03:06:33 --> Session: Class initialized using 'CodeIgniter\Session\Handlers\FileHandler' driver.
WARNING - 2024-12-17 03:06:33 --> [DEPRECATED] Creation of dynamic property App\Controllers\Superadmin\Dashboard::$logModel is deprecated in APPPATH\Controllers\Superadmin\Dashboard.php on line 12.
 1 SYSTEMPATH\CodeIgniter.php(903): App\Controllers\Superadmin\Dashboard->__construct()
 2 SYSTEMPATH\CodeIgniter.php(500): CodeIgniter\CodeIgniter->createController()
 3 SYSTEMPATH\CodeIgniter.php(355): CodeIgniter\CodeIgniter->handleRequest(null, Object(Config\Cache), false)
 4 SYSTEMPATH\Boot.php(325): CodeIgniter\CodeIgniter->run()
 5 SYSTEMPATH\Boot.php(67): CodeIgniter\Boot::runCodeIgniter(Object(CodeIgniter\CodeIgniter))
 6 FCPATH\index.php(56): CodeIgniter\Boot::bootWeb(Object(Config\Paths))
 7 SYSTEMPATH\rewrite.php(44): require_once('D:\\Apps\\Laragon\\laragon\\www\\Runov_Litbang\\public\\index.php')
INFO - 2024-12-17 03:06:38 --> Session: Class initialized using 'CodeIgniter\Session\Handlers\FileHandler' driver.
INFO - 2024-12-17 03:06:53 --> Session: Class initialized using 'CodeIgniter\Session\Handlers\FileHandler' driver.
WARNING - 2024-12-17 03:06:53 --> [DEPRECATED] Creation of dynamic property App\Controllers\Superadmin\KelolaUser::$userModel is deprecated in APPPATH\Controllers\Superadmin\KelolaUser.php on line 20.
 1 SYSTEMPATH\CodeIgniter.php(903): App\Controllers\Superadmin\KelolaUser->__construct()
 2 SYSTEMPATH\CodeIgniter.php(500): CodeIgniter\CodeIgniter->createController()
 3 SYSTEMPATH\CodeIgniter.php(355): CodeIgniter\CodeIgniter->handleRequest(null, Object(Config\Cache), false)
 4 SYSTEMPATH\Boot.php(325): CodeIgniter\CodeIgniter->run()
 5 SYSTEMPATH\Boot.php(67): CodeIgniter\Boot::runCodeIgniter(Object(CodeIgniter\CodeIgniter))
 6 FCPATH\index.php(56): CodeIgniter\Boot::bootWeb(Object(Config\Paths))
 7 SYSTEMPATH\rewrite.php(44): require_once('D:\\Apps\\Laragon\\laragon\\www\\Runov_Litbang\\public\\index.php')
INFO - 2024-12-17 03:06:54 --> Session: Class initialized using 'CodeIgniter\Session\Handlers\FileHandler' driver.
INFO - 2024-12-17 03:06:56 --> Session: Class initialized using 'CodeIgniter\Session\Handlers\FileHandler' driver.
WARNING - 2024-12-17 03:06:56 --> [DEPRECATED] Creation of dynamic property App\Controllers\Superadmin\KelolaUser::$userModel is deprecated in APPPATH\Controllers\Superadmin\KelolaUser.php on line 20.
 1 SYSTEMPATH\CodeIgniter.php(903): App\Controllers\Superadmin\KelolaUser->__construct()
 2 SYSTEMPATH\CodeIgniter.php(500): CodeIgniter\CodeIgniter->createController()
 3 SYSTEMPATH\CodeIgniter.php(355): CodeIgniter\CodeIgniter->handleRequest(null, Object(Config\Cache), false)
 4 SYSTEMPATH\Boot.php(325): CodeIgniter\CodeIgniter->run()
 5 SYSTEMPATH\Boot.php(67): CodeIgniter\Boot::runCodeIgniter(Object(CodeIgniter\CodeIgniter))
 6 FCPATH\index.php(56): CodeIgniter\Boot::bootWeb(Object(Config\Paths))
 7 SYSTEMPATH\rewrite.php(44): require_once('D:\\Apps\\Laragon\\laragon\\www\\Runov_Litbang\\public\\index.php')
INFO - 2024-12-17 03:06:57 --> Session: Class initialized using 'CodeIgniter\Session\Handlers\FileHandler' driver.
INFO - 2024-12-17 03:06:58 --> Session: Class initialized using 'CodeIgniter\Session\Handlers\FileHandler' driver.
WARNING - 2024-12-17 03:06:58 --> [DEPRECATED] Creation of dynamic property App\Controllers\Superadmin\KelolaUser::$userModel is deprecated in APPPATH\Controllers\Superadmin\KelolaUser.php on line 20.
 1 SYSTEMPATH\CodeIgniter.php(903): App\Controllers\Superadmin\KelolaUser->__construct()
 2 SYSTEMPATH\CodeIgniter.php(500): CodeIgniter\CodeIgniter->createController()
 3 SYSTEMPATH\CodeIgniter.php(355): CodeIgniter\CodeIgniter->handleRequest(null, Object(Config\Cache), false)
 4 SYSTEMPATH\Boot.php(325): CodeIgniter\CodeIgniter->run()
 5 SYSTEMPATH\Boot.php(67): CodeIgniter\Boot::runCodeIgniter(Object(CodeIgniter\CodeIgniter))
 6 FCPATH\index.php(56): CodeIgniter\Boot::bootWeb(Object(Config\Paths))
 7 SYSTEMPATH\rewrite.php(44): require_once('D:\\Apps\\Laragon\\laragon\\www\\Runov_Litbang\\public\\index.php')
INFO - 2024-12-17 03:06:59 --> Session: Class initialized using 'CodeIgniter\Session\Handlers\FileHandler' driver.
WARNING - 2024-12-17 03:06:59 --> [DEPRECATED] Creation of dynamic property App\Controllers\Superadmin\KelolaUser::$userModel is deprecated in APPPATH\Controllers\Superadmin\KelolaUser.php on line 20.
 1 SYSTEMPATH\CodeIgniter.php(903): App\Controllers\Superadmin\KelolaUser->__construct()
 2 SYSTEMPATH\CodeIgniter.php(500): CodeIgniter\CodeIgniter->createController()
 3 SYSTEMPATH\CodeIgniter.php(355): CodeIgniter\CodeIgniter->handleRequest(null, Object(Config\Cache), false)
 4 SYSTEMPATH\Boot.php(325): CodeIgniter\CodeIgniter->run()
 5 SYSTEMPATH\Boot.php(67): CodeIgniter\Boot::runCodeIgniter(Object(CodeIgniter\CodeIgniter))
 6 FCPATH\index.php(56): CodeIgniter\Boot::bootWeb(Object(Config\Paths))
 7 SYSTEMPATH\rewrite.php(44): require_once('D:\\Apps\\Laragon\\laragon\\www\\Runov_Litbang\\public\\index.php')
INFO - 2024-12-17 03:07:00 --> Session: Class initialized using 'CodeIgniter\Session\Handlers\FileHandler' driver.
INFO - 2024-12-17 03:07:07 --> Session: Class initialized using 'CodeIgniter\Session\Handlers\FileHandler' driver.
WARNING - 2024-12-17 03:07:07 --> [DEPRECATED] Creation of dynamic property App\Controllers\Superadmin\KelolaUser::$userModel is deprecated in APPPATH\Controllers\Superadmin\KelolaUser.php on line 20.
 1 SYSTEMPATH\CodeIgniter.php(903): App\Controllers\Superadmin\KelolaUser->__construct()
 2 SYSTEMPATH\CodeIgniter.php(500): CodeIgniter\CodeIgniter->createController()
 3 SYSTEMPATH\CodeIgniter.php(355): CodeIgniter\CodeIgniter->handleRequest(null, Object(Config\Cache), false)
 4 SYSTEMPATH\Boot.php(325): CodeIgniter\CodeIgniter->run()
 5 SYSTEMPATH\Boot.php(67): CodeIgniter\Boot::runCodeIgniter(Object(CodeIgniter\CodeIgniter))
 6 FCPATH\index.php(56): CodeIgniter\Boot::bootWeb(Object(Config\Paths))
 7 SYSTEMPATH\rewrite.php(44): require_once('D:\\Apps\\Laragon\\laragon\\www\\Runov_Litbang\\public\\index.php')
INFO - 2024-12-17 03:07:08 --> Session: Class initialized using 'CodeIgniter\Session\Handlers\FileHandler' driver.
INFO - 2024-12-17 03:08:23 --> Session: Class initialized using 'CodeIgniter\Session\Handlers\FileHandler' driver.
WARNING - 2024-12-17 03:08:23 --> [DEPRECATED] Creation of dynamic property App\Controllers\Superadmin\KelolaUser::$userModel is deprecated in APPPATH\Controllers\Superadmin\KelolaUser.php on line 20.
 1 SYSTEMPATH\CodeIgniter.php(903): App\Controllers\Superadmin\KelolaUser->__construct()
 2 SYSTEMPATH\CodeIgniter.php(500): CodeIgniter\CodeIgniter->createController()
 3 SYSTEMPATH\CodeIgniter.php(355): CodeIgniter\CodeIgniter->handleRequest(null, Object(Config\Cache), false)
 4 SYSTEMPATH\Boot.php(325): CodeIgniter\CodeIgniter->run()
 5 SYSTEMPATH\Boot.php(67): CodeIgniter\Boot::runCodeIgniter(Object(CodeIgniter\CodeIgniter))
 6 FCPATH\index.php(56): CodeIgniter\Boot::bootWeb(Object(Config\Paths))
 7 SYSTEMPATH\rewrite.php(44): require_once('D:\\Apps\\Laragon\\laragon\\www\\Runov_Litbang\\public\\index.php')
INFO - 2024-12-17 03:08:23 --> Session: Class initialized using 'CodeIgniter\Session\Handlers\FileHandler' driver.
INFO - 2024-12-17 03:08:24 --> Session: Class initialized using 'CodeIgniter\Session\Handlers\FileHandler' driver.
WARNING - 2024-12-17 03:08:24 --> [DEPRECATED] Creation of dynamic property App\Controllers\Superadmin\KelolaUser::$userModel is deprecated in APPPATH\Controllers\Superadmin\KelolaUser.php on line 20.
 1 SYSTEMPATH\CodeIgniter.php(903): App\Controllers\Superadmin\KelolaUser->__construct()
 2 SYSTEMPATH\CodeIgniter.php(500): CodeIgniter\CodeIgniter->createController()
 3 SYSTEMPATH\CodeIgniter.php(355): CodeIgniter\CodeIgniter->handleRequest(null, Object(Config\Cache), false)
 4 SYSTEMPATH\Boot.php(325): CodeIgniter\CodeIgniter->run()
 5 SYSTEMPATH\Boot.php(67): CodeIgniter\Boot::runCodeIgniter(Object(CodeIgniter\CodeIgniter))
 6 FCPATH\index.php(56): CodeIgniter\Boot::bootWeb(Object(Config\Paths))
 7 SYSTEMPATH\rewrite.php(44): require_once('D:\\Apps\\Laragon\\laragon\\www\\Runov_Litbang\\public\\index.php')
INFO - 2024-12-17 03:08:26 --> Session: Class initialized using 'CodeIgniter\Session\Handlers\FileHandler' driver.
WARNING - 2024-12-17 03:08:26 --> [DEPRECATED] Creation of dynamic property App\Controllers\Superadmin\KelolaUser::$userModel is deprecated in APPPATH\Controllers\Superadmin\KelolaUser.php on line 20.
 1 SYSTEMPATH\CodeIgniter.php(903): App\Controllers\Superadmin\KelolaUser->__construct()
 2 SYSTEMPATH\CodeIgniter.php(500): CodeIgniter\CodeIgniter->createController()
 3 SYSTEMPATH\CodeIgniter.php(355): CodeIgniter\CodeIgniter->handleRequest(null, Object(Config\Cache), false)
 4 SYSTEMPATH\Boot.php(325): CodeIgniter\CodeIgniter->run()
 5 SYSTEMPATH\Boot.php(67): CodeIgniter\Boot::runCodeIgniter(Object(CodeIgniter\CodeIgniter))
 6 FCPATH\index.php(56): CodeIgniter\Boot::bootWeb(Object(Config\Paths))
 7 SYSTEMPATH\rewrite.php(44): require_once('D:\\Apps\\Laragon\\laragon\\www\\Runov_Litbang\\public\\index.php')
INFO - 2024-12-17 03:08:27 --> Session: Class initialized using 'CodeIgniter\Session\Handlers\FileHandler' driver.
INFO - 2024-12-17 03:08:30 --> Session: Class initialized using 'CodeIgniter\Session\Handlers\FileHandler' driver.
WARNING - 2024-12-17 03:08:30 --> [DEPRECATED] Creation of dynamic property App\Controllers\Superadmin\KelolaUser::$userModel is deprecated in APPPATH\Controllers\Superadmin\KelolaUser.php on line 20.
 1 SYSTEMPATH\CodeIgniter.php(903): App\Controllers\Superadmin\KelolaUser->__construct()
 2 SYSTEMPATH\CodeIgniter.php(500): CodeIgniter\CodeIgniter->createController()
 3 SYSTEMPATH\CodeIgniter.php(355): CodeIgniter\CodeIgniter->handleRequest(null, Object(Config\Cache), false)
 4 SYSTEMPATH\Boot.php(325): CodeIgniter\CodeIgniter->run()
 5 SYSTEMPATH\Boot.php(67): CodeIgniter\Boot::runCodeIgniter(Object(CodeIgniter\CodeIgniter))
 6 FCPATH\index.php(56): CodeIgniter\Boot::bootWeb(Object(Config\Paths))
 7 SYSTEMPATH\rewrite.php(44): require_once('D:\\Apps\\Laragon\\laragon\\www\\Runov_Litbang\\public\\index.php')
INFO - 2024-12-17 03:08:30 --> Session: Class initialized using 'CodeIgniter\Session\Handlers\FileHandler' driver.
WARNING - 2024-12-17 03:08:30 --> [DEPRECATED] Creation of dynamic property App\Controllers\Superadmin\KelolaUser::$userModel is deprecated in APPPATH\Controllers\Superadmin\KelolaUser.php on line 20.
 1 SYSTEMPATH\CodeIgniter.php(903): App\Controllers\Superadmin\KelolaUser->__construct()
 2 SYSTEMPATH\CodeIgniter.php(500): CodeIgniter\CodeIgniter->createController()
 3 SYSTEMPATH\CodeIgniter.php(355): CodeIgniter\CodeIgniter->handleRequest(null, Object(Config\Cache), false)
 4 SYSTEMPATH\Boot.php(325): CodeIgniter\CodeIgniter->run()
 5 SYSTEMPATH\Boot.php(67): CodeIgniter\Boot::runCodeIgniter(Object(CodeIgniter\CodeIgniter))
 6 FCPATH\index.php(56): CodeIgniter\Boot::bootWeb(Object(Config\Paths))
 7 SYSTEMPATH\rewrite.php(44): require_once('D:\\Apps\\Laragon\\laragon\\www\\Runov_Litbang\\public\\index.php')
INFO - 2024-12-17 03:08:32 --> Session: Class initialized using 'CodeIgniter\Session\Handlers\FileHandler' driver.
INFO - 2024-12-17 03:08:36 --> Session: Class initialized using 'CodeIgniter\Session\Handlers\FileHandler' driver.
WARNING - 2024-12-17 03:08:36 --> [DEPRECATED] Creation of dynamic property App\Controllers\Superadmin\KelolaUser::$userModel is deprecated in APPPATH\Controllers\Superadmin\KelolaUser.php on line 20.
 1 SYSTEMPATH\CodeIgniter.php(903): App\Controllers\Superadmin\KelolaUser->__construct()
 2 SYSTEMPATH\CodeIgniter.php(500): CodeIgniter\CodeIgniter->createController()
 3 SYSTEMPATH\CodeIgniter.php(355): CodeIgniter\CodeIgniter->handleRequest(null, Object(Config\Cache), false)
 4 SYSTEMPATH\Boot.php(325): CodeIgniter\CodeIgniter->run()
 5 SYSTEMPATH\Boot.php(67): CodeIgniter\Boot::runCodeIgniter(Object(CodeIgniter\CodeIgniter))
 6 FCPATH\index.php(56): CodeIgniter\Boot::bootWeb(Object(Config\Paths))
 7 SYSTEMPATH\rewrite.php(44): require_once('D:\\Apps\\Laragon\\laragon\\www\\Runov_Litbang\\public\\index.php')
INFO - 2024-12-17 03:08:37 --> Session: Class initialized using 'CodeIgniter\Session\Handlers\FileHandler' driver.
WARNING - 2024-12-17 03:08:37 --> [DEPRECATED] Creation of dynamic property App\Controllers\Superadmin\KelolaUser::$userModel is deprecated in APPPATH\Controllers\Superadmin\KelolaUser.php on line 20.
 1 SYSTEMPATH\CodeIgniter.php(903): App\Controllers\Superadmin\KelolaUser->__construct()
 2 SYSTEMPATH\CodeIgniter.php(500): CodeIgniter\CodeIgniter->createController()
 3 SYSTEMPATH\CodeIgniter.php(355): CodeIgniter\CodeIgniter->handleRequest(null, Object(Config\Cache), false)
 4 SYSTEMPATH\Boot.php(325): CodeIgniter\CodeIgniter->run()
 5 SYSTEMPATH\Boot.php(67): CodeIgniter\Boot::runCodeIgniter(Object(CodeIgniter\CodeIgniter))
 6 FCPATH\index.php(56): CodeIgniter\Boot::bootWeb(Object(Config\Paths))
 7 SYSTEMPATH\rewrite.php(44): require_once('D:\\Apps\\Laragon\\laragon\\www\\Runov_Litbang\\public\\index.php')
INFO - 2024-12-17 03:08:37 --> Session: Class initialized using 'CodeIgniter\Session\Handlers\FileHandler' driver.
INFO - 2024-12-17 03:08:38 --> Session: Class initialized using 'CodeIgniter\Session\Handlers\FileHandler' driver.
WARNING - 2024-12-17 03:08:38 --> [DEPRECATED] Creation of dynamic property App\Controllers\Superadmin\KelolaUser::$userModel is deprecated in APPPATH\Controllers\Superadmin\KelolaUser.php on line 20.
 1 SYSTEMPATH\CodeIgniter.php(903): App\Controllers\Superadmin\KelolaUser->__construct()
 2 SYSTEMPATH\CodeIgniter.php(500): CodeIgniter\CodeIgniter->createController()
 3 SYSTEMPATH\CodeIgniter.php(355): CodeIgniter\CodeIgniter->handleRequest(null, Object(Config\Cache), false)
 4 SYSTEMPATH\Boot.php(325): CodeIgniter\CodeIgniter->run()
 5 SYSTEMPATH\Boot.php(67): CodeIgniter\Boot::runCodeIgniter(Object(CodeIgniter\CodeIgniter))
 6 FCPATH\index.php(56): CodeIgniter\Boot::bootWeb(Object(Config\Paths))
 7 SYSTEMPATH\rewrite.php(44): require_once('D:\\Apps\\Laragon\\laragon\\www\\Runov_Litbang\\public\\index.php')
INFO - 2024-12-17 03:08:41 --> Session: Class initialized using 'CodeIgniter\Session\Handlers\FileHandler' driver.
WARNING - 2024-12-17 03:08:41 --> [DEPRECATED] Creation of dynamic property App\Controllers\Superadmin\KelolaUser::$userModel is deprecated in APPPATH\Controllers\Superadmin\KelolaUser.php on line 20.
 1 SYSTEMPATH\CodeIgniter.php(903): App\Controllers\Superadmin\KelolaUser->__construct()
 2 SYSTEMPATH\CodeIgniter.php(500): CodeIgniter\CodeIgniter->createController()
 3 SYSTEMPATH\CodeIgniter.php(355): CodeIgniter\CodeIgniter->handleRequest(null, Object(Config\Cache), false)
 4 SYSTEMPATH\Boot.php(325): CodeIgniter\CodeIgniter->run()
 5 SYSTEMPATH\Boot.php(67): CodeIgniter\Boot::runCodeIgniter(Object(CodeIgniter\CodeIgniter))
 6 FCPATH\index.php(56): CodeIgniter\Boot::bootWeb(Object(Config\Paths))
 7 SYSTEMPATH\rewrite.php(44): require_once('D:\\Apps\\Laragon\\laragon\\www\\Runov_Litbang\\public\\index.php')
INFO - 2024-12-17 03:08:42 --> Session: Class initialized using 'CodeIgniter\Session\Handlers\FileHandler' driver.
INFO - 2024-12-17 03:09:38 --> Session: Class initialized using 'CodeIgniter\Session\Handlers\FileHandler' driver.
WARNING - 2024-12-17 03:09:38 --> [DEPRECATED] Creation of dynamic property App\Controllers\Superadmin\KelolaUser::$userModel is deprecated in APPPATH\Controllers\Superadmin\KelolaUser.php on line 20.
 1 SYSTEMPATH\CodeIgniter.php(903): App\Controllers\Superadmin\KelolaUser->__construct()
 2 SYSTEMPATH\CodeIgniter.php(500): CodeIgniter\CodeIgniter->createController()
 3 SYSTEMPATH\CodeIgniter.php(355): CodeIgniter\CodeIgniter->handleRequest(null, Object(Config\Cache), false)
 4 SYSTEMPATH\Boot.php(325): CodeIgniter\CodeIgniter->run()
 5 SYSTEMPATH\Boot.php(67): CodeIgniter\Boot::runCodeIgniter(Object(CodeIgniter\CodeIgniter))
 6 FCPATH\index.php(56): CodeIgniter\Boot::bootWeb(Object(Config\Paths))
 7 SYSTEMPATH\rewrite.php(44): require_once('D:\\Apps\\Laragon\\laragon\\www\\Runov_Litbang\\public\\index.php')
INFO - 2024-12-17 03:09:39 --> Session: Class initialized using 'CodeIgniter\Session\Handlers\FileHandler' driver.
INFO - 2024-12-17 03:09:40 --> Session: Class initialized using 'CodeIgniter\Session\Handlers\FileHandler' driver.
WARNING - 2024-12-17 03:09:40 --> [DEPRECATED] Creation of dynamic property App\Controllers\Superadmin\KelolaUser::$userModel is deprecated in APPPATH\Controllers\Superadmin\KelolaUser.php on line 20.
 1 SYSTEMPATH\CodeIgniter.php(903): App\Controllers\Superadmin\KelolaUser->__construct()
 2 SYSTEMPATH\CodeIgniter.php(500): CodeIgniter\CodeIgniter->createController()
 3 SYSTEMPATH\CodeIgniter.php(355): CodeIgniter\CodeIgniter->handleRequest(null, Object(Config\Cache), false)
 4 SYSTEMPATH\Boot.php(325): CodeIgniter\CodeIgniter->run()
 5 SYSTEMPATH\Boot.php(67): CodeIgniter\Boot::runCodeIgniter(Object(CodeIgniter\CodeIgniter))
 6 FCPATH\index.php(56): CodeIgniter\Boot::bootWeb(Object(Config\Paths))
 7 SYSTEMPATH\rewrite.php(44): require_once('D:\\Apps\\Laragon\\laragon\\www\\Runov_Litbang\\public\\index.php')
INFO - 2024-12-17 03:09:42 --> Session: Class initialized using 'CodeIgniter\Session\Handlers\FileHandler' driver.
WARNING - 2024-12-17 03:09:42 --> [DEPRECATED] Creation of dynamic property App\Controllers\Superadmin\KelolaUser::$userModel is deprecated in APPPATH\Controllers\Superadmin\KelolaUser.php on line 20.
 1 SYSTEMPATH\CodeIgniter.php(903): App\Controllers\Superadmin\KelolaUser->__construct()
 2 SYSTEMPATH\CodeIgniter.php(500): CodeIgniter\CodeIgniter->createController()
 3 SYSTEMPATH\CodeIgniter.php(355): CodeIgniter\CodeIgniter->handleRequest(null, Object(Config\Cache), false)
 4 SYSTEMPATH\Boot.php(325): CodeIgniter\CodeIgniter->run()
 5 SYSTEMPATH\Boot.php(67): CodeIgniter\Boot::runCodeIgniter(Object(CodeIgniter\CodeIgniter))
 6 FCPATH\index.php(56): CodeIgniter\Boot::bootWeb(Object(Config\Paths))
 7 SYSTEMPATH\rewrite.php(44): require_once('D:\\Apps\\Laragon\\laragon\\www\\Runov_Litbang\\public\\index.php')
INFO - 2024-12-17 03:09:43 --> Session: Class initialized using 'CodeIgniter\Session\Handlers\FileHandler' driver.
INFO - 2024-12-17 03:13:10 --> Session: Class initialized using 'CodeIgniter\Session\Handlers\FileHandler' driver.
WARNING - 2024-12-17 03:13:10 --> [DEPRECATED] Creation of dynamic property App\Controllers\Superadmin\KelolaUser::$userModel is deprecated in APPPATH\Controllers\Superadmin\KelolaUser.php on line 20.
 1 SYSTEMPATH\CodeIgniter.php(903): App\Controllers\Superadmin\KelolaUser->__construct()
 2 SYSTEMPATH\CodeIgniter.php(500): CodeIgniter\CodeIgniter->createController()
 3 SYSTEMPATH\CodeIgniter.php(355): CodeIgniter\CodeIgniter->handleRequest(null, Object(Config\Cache), false)
 4 SYSTEMPATH\Boot.php(325): CodeIgniter\CodeIgniter->run()
 5 SYSTEMPATH\Boot.php(67): CodeIgniter\Boot::runCodeIgniter(Object(CodeIgniter\CodeIgniter))
 6 FCPATH\index.php(56): CodeIgniter\Boot::bootWeb(Object(Config\Paths))
 7 SYSTEMPATH\rewrite.php(44): require_once('D:\\Apps\\Laragon\\laragon\\www\\Runov_Litbang\\public\\index.php')
INFO - 2024-12-17 03:13:11 --> Session: Class initialized using 'CodeIgniter\Session\Handlers\FileHandler' driver.
INFO - 2024-12-17 03:13:12 --> Session: Class initialized using 'CodeIgniter\Session\Handlers\FileHandler' driver.
WARNING - 2024-12-17 03:13:12 --> [DEPRECATED] Creation of dynamic property App\Controllers\Superadmin\KelolaUser::$userModel is deprecated in APPPATH\Controllers\Superadmin\KelolaUser.php on line 20.
 1 SYSTEMPATH\CodeIgniter.php(903): App\Controllers\Superadmin\KelolaUser->__construct()
 2 SYSTEMPATH\CodeIgniter.php(500): CodeIgniter\CodeIgniter->createController()
 3 SYSTEMPATH\CodeIgniter.php(355): CodeIgniter\CodeIgniter->handleRequest(null, Object(Config\Cache), false)
 4 SYSTEMPATH\Boot.php(325): CodeIgniter\CodeIgniter->run()
 5 SYSTEMPATH\Boot.php(67): CodeIgniter\Boot::runCodeIgniter(Object(CodeIgniter\CodeIgniter))
 6 FCPATH\index.php(56): CodeIgniter\Boot::bootWeb(Object(Config\Paths))
 7 SYSTEMPATH\rewrite.php(44): require_once('D:\\Apps\\Laragon\\laragon\\www\\Runov_Litbang\\public\\index.php')
INFO - 2024-12-17 03:13:21 --> Session: Class initialized using 'CodeIgniter\Session\Handlers\FileHandler' driver.
WARNING - 2024-12-17 03:13:21 --> [DEPRECATED] Creation of dynamic property App\Controllers\Superadmin\KelolaUser::$userModel is deprecated in APPPATH\Controllers\Superadmin\KelolaUser.php on line 20.
 1 SYSTEMPATH\CodeIgniter.php(903): App\Controllers\Superadmin\KelolaUser->__construct()
 2 SYSTEMPATH\CodeIgniter.php(500): CodeIgniter\CodeIgniter->createController()
 3 SYSTEMPATH\CodeIgniter.php(355): CodeIgniter\CodeIgniter->handleRequest(null, Object(Config\Cache), false)
 4 SYSTEMPATH\Boot.php(325): CodeIgniter\CodeIgniter->run()
 5 SYSTEMPATH\Boot.php(67): CodeIgniter\Boot::runCodeIgniter(Object(CodeIgniter\CodeIgniter))
 6 FCPATH\index.php(56): CodeIgniter\Boot::bootWeb(Object(Config\Paths))
 7 SYSTEMPATH\rewrite.php(44): require_once('D:\\Apps\\Laragon\\laragon\\www\\Runov_Litbang\\public\\index.php')
INFO - 2024-12-17 03:13:22 --> Session: Class initialized using 'CodeIgniter\Session\Handlers\FileHandler' driver.
INFO - 2024-12-17 03:14:57 --> Session: Class initialized using 'CodeIgniter\Session\Handlers\FileHandler' driver.
WARNING - 2024-12-17 03:14:57 --> [DEPRECATED] Creation of dynamic property App\Controllers\Superadmin\KelolaUser::$userModel is deprecated in APPPATH\Controllers\Superadmin\KelolaUser.php on line 20.
 1 SYSTEMPATH\CodeIgniter.php(903): App\Controllers\Superadmin\KelolaUser->__construct()
 2 SYSTEMPATH\CodeIgniter.php(500): CodeIgniter\CodeIgniter->createController()
 3 SYSTEMPATH\CodeIgniter.php(355): CodeIgniter\CodeIgniter->handleRequest(null, Object(Config\Cache), false)
 4 SYSTEMPATH\Boot.php(325): CodeIgniter\CodeIgniter->run()
 5 SYSTEMPATH\Boot.php(67): CodeIgniter\Boot::runCodeIgniter(Object(CodeIgniter\CodeIgniter))
 6 FCPATH\index.php(56): CodeIgniter\Boot::bootWeb(Object(Config\Paths))
 7 SYSTEMPATH\rewrite.php(44): require_once('D:\\Apps\\Laragon\\laragon\\www\\Runov_Litbang\\public\\index.php')
INFO - 2024-12-17 03:14:58 --> Session: Class initialized using 'CodeIgniter\Session\Handlers\FileHandler' driver.
INFO - 2024-12-17 03:39:34 --> Session: Class initialized using 'CodeIgniter\Session\Handlers\FileHandler' driver.
WARNING - 2024-12-17 03:39:34 --> [DEPRECATED] Creation of dynamic property App\Controllers\Superadmin\KelolaUser::$userModel is deprecated in APPPATH\Controllers\Superadmin\KelolaUser.php on line 20.
 1 SYSTEMPATH\CodeIgniter.php(903): App\Controllers\Superadmin\KelolaUser->__construct()
 2 SYSTEMPATH\CodeIgniter.php(500): CodeIgniter\CodeIgniter->createController()
 3 SYSTEMPATH\CodeIgniter.php(355): CodeIgniter\CodeIgniter->handleRequest(null, Object(Config\Cache), false)
 4 SYSTEMPATH\Boot.php(325): CodeIgniter\CodeIgniter->run()
 5 SYSTEMPATH\Boot.php(67): CodeIgniter\Boot::runCodeIgniter(Object(CodeIgniter\CodeIgniter))
 6 FCPATH\index.php(56): CodeIgniter\Boot::bootWeb(Object(Config\Paths))
 7 SYSTEMPATH\rewrite.php(44): require_once('D:\\Apps\\Laragon\\laragon\\www\\Runov_Litbang\\public\\index.php')
INFO - 2024-12-17 03:39:35 --> Session: Class initialized using 'CodeIgniter\Session\Handlers\FileHandler' driver.
INFO - 2024-12-17 03:39:36 --> Session: Class initialized using 'CodeIgniter\Session\Handlers\FileHandler' driver.
WARNING - 2024-12-17 03:39:36 --> [DEPRECATED] Creation of dynamic property App\Controllers\Superadmin\KelolaUser::$userModel is deprecated in APPPATH\Controllers\Superadmin\KelolaUser.php on line 20.
 1 SYSTEMPATH\CodeIgniter.php(903): App\Controllers\Superadmin\KelolaUser->__construct()
 2 SYSTEMPATH\CodeIgniter.php(500): CodeIgniter\CodeIgniter->createController()
 3 SYSTEMPATH\CodeIgniter.php(355): CodeIgniter\CodeIgniter->handleRequest(null, Object(Config\Cache), false)
 4 SYSTEMPATH\Boot.php(325): CodeIgniter\CodeIgniter->run()
 5 SYSTEMPATH\Boot.php(67): CodeIgniter\Boot::runCodeIgniter(Object(CodeIgniter\CodeIgniter))
 6 FCPATH\index.php(56): CodeIgniter\Boot::bootWeb(Object(Config\Paths))
 7 SYSTEMPATH\rewrite.php(44): require_once('D:\\Apps\\Laragon\\laragon\\www\\Runov_Litbang\\public\\index.php')
INFO - 2024-12-17 03:39:38 --> Session: Class initialized using 'CodeIgniter\Session\Handlers\FileHandler' driver.
WARNING - 2024-12-17 03:39:38 --> [DEPRECATED] Creation of dynamic property App\Controllers\Superadmin\KelolaUser::$userModel is deprecated in APPPATH\Controllers\Superadmin\KelolaUser.php on line 20.
 1 SYSTEMPATH\CodeIgniter.php(903): App\Controllers\Superadmin\KelolaUser->__construct()
 2 SYSTEMPATH\CodeIgniter.php(500): CodeIgniter\CodeIgniter->createController()
 3 SYSTEMPATH\CodeIgniter.php(355): CodeIgniter\CodeIgniter->handleRequest(null, Object(Config\Cache), false)
 4 SYSTEMPATH\Boot.php(325): CodeIgniter\CodeIgniter->run()
 5 SYSTEMPATH\Boot.php(67): CodeIgniter\Boot::runCodeIgniter(Object(CodeIgniter\CodeIgniter))
 6 FCPATH\index.php(56): CodeIgniter\Boot::bootWeb(Object(Config\Paths))
 7 SYSTEMPATH\rewrite.php(44): require_once('D:\\Apps\\Laragon\\laragon\\www\\Runov_Litbang\\public\\index.php')
INFO - 2024-12-17 03:39:39 --> Session: Class initialized using 'CodeIgniter\Session\Handlers\FileHandler' driver.
INFO - 2024-12-17 03:39:40 --> Session: Class initialized using 'CodeIgniter\Session\Handlers\FileHandler' driver.
WARNING - 2024-12-17 03:39:40 --> [DEPRECATED] Creation of dynamic property App\Controllers\Superadmin\KelolaUser::$userModel is deprecated in APPPATH\Controllers\Superadmin\KelolaUser.php on line 20.
 1 SYSTEMPATH\CodeIgniter.php(903): App\Controllers\Superadmin\KelolaUser->__construct()
 2 SYSTEMPATH\CodeIgniter.php(500): CodeIgniter\CodeIgniter->createController()
 3 SYSTEMPATH\CodeIgniter.php(355): CodeIgniter\CodeIgniter->handleRequest(null, Object(Config\Cache), false)
 4 SYSTEMPATH\Boot.php(325): CodeIgniter\CodeIgniter->run()
 5 SYSTEMPATH\Boot.php(67): CodeIgniter\Boot::runCodeIgniter(Object(CodeIgniter\CodeIgniter))
 6 FCPATH\index.php(56): CodeIgniter\Boot::bootWeb(Object(Config\Paths))
 7 SYSTEMPATH\rewrite.php(44): require_once('D:\\Apps\\Laragon\\laragon\\www\\Runov_Litbang\\public\\index.php')
INFO - 2024-12-17 03:39:40 --> Session: Class initialized using 'CodeIgniter\Session\Handlers\FileHandler' driver.
WARNING - 2024-12-17 03:39:40 --> [DEPRECATED] Creation of dynamic property App\Controllers\Superadmin\KelolaUser::$userModel is deprecated in APPPATH\Controllers\Superadmin\KelolaUser.php on line 20.
 1 SYSTEMPATH\CodeIgniter.php(903): App\Controllers\Superadmin\KelolaUser->__construct()
 2 SYSTEMPATH\CodeIgniter.php(500): CodeIgniter\CodeIgniter->createController()
 3 SYSTEMPATH\CodeIgniter.php(355): CodeIgniter\CodeIgniter->handleRequest(null, Object(Config\Cache), false)
 4 SYSTEMPATH\Boot.php(325): CodeIgniter\CodeIgniter->run()
 5 SYSTEMPATH\Boot.php(67): CodeIgniter\Boot::runCodeIgniter(Object(CodeIgniter\CodeIgniter))
 6 FCPATH\index.php(56): CodeIgniter\Boot::bootWeb(Object(Config\Paths))
 7 SYSTEMPATH\rewrite.php(44): require_once('D:\\Apps\\Laragon\\laragon\\www\\Runov_Litbang\\public\\index.php')
INFO - 2024-12-17 03:39:42 --> Session: Class initialized using 'CodeIgniter\Session\Handlers\FileHandler' driver.
INFO - 2024-12-17 03:39:46 --> Session: Class initialized using 'CodeIgniter\Session\Handlers\FileHandler' driver.
WARNING - 2024-12-17 03:39:46 --> [DEPRECATED] Creation of dynamic property App\Controllers\Superadmin\KelolaUser::$userModel is deprecated in APPPATH\Controllers\Superadmin\KelolaUser.php on line 20.
 1 SYSTEMPATH\CodeIgniter.php(903): App\Controllers\Superadmin\KelolaUser->__construct()
 2 SYSTEMPATH\CodeIgniter.php(500): CodeIgniter\CodeIgniter->createController()
 3 SYSTEMPATH\CodeIgniter.php(355): CodeIgniter\CodeIgniter->handleRequest(null, Object(Config\Cache), false)
 4 SYSTEMPATH\Boot.php(325): CodeIgniter\CodeIgniter->run()
 5 SYSTEMPATH\Boot.php(67): CodeIgniter\Boot::runCodeIgniter(Object(CodeIgniter\CodeIgniter))
 6 FCPATH\index.php(56): CodeIgniter\Boot::bootWeb(Object(Config\Paths))
 7 SYSTEMPATH\rewrite.php(44): require_once('D:\\Apps\\Laragon\\laragon\\www\\Runov_Litbang\\public\\index.php')
INFO - 2024-12-17 03:39:47 --> Session: Class initialized using 'CodeIgniter\Session\Handlers\FileHandler' driver.
INFO - 2024-12-17 03:39:47 --> Session: Class initialized using 'CodeIgniter\Session\Handlers\FileHandler' driver.
WARNING - 2024-12-17 03:39:48 --> [DEPRECATED] Creation of dynamic property App\Controllers\Superadmin\KelolaUser::$userModel is deprecated in APPPATH\Controllers\Superadmin\KelolaUser.php on line 20.
 1 SYSTEMPATH\CodeIgniter.php(903): App\Controllers\Superadmin\KelolaUser->__construct()
 2 SYSTEMPATH\CodeIgniter.php(500): CodeIgniter\CodeIgniter->createController()
 3 SYSTEMPATH\CodeIgniter.php(355): CodeIgniter\CodeIgniter->handleRequest(null, Object(Config\Cache), false)
 4 SYSTEMPATH\Boot.php(325): CodeIgniter\CodeIgniter->run()
 5 SYSTEMPATH\Boot.php(67): CodeIgniter\Boot::runCodeIgniter(Object(CodeIgniter\CodeIgniter))
 6 FCPATH\index.php(56): CodeIgniter\Boot::bootWeb(Object(Config\Paths))
 7 SYSTEMPATH\rewrite.php(44): require_once('D:\\Apps\\Laragon\\laragon\\www\\Runov_Litbang\\public\\index.php')
INFO - 2024-12-17 03:39:51 --> Session: Class initialized using 'CodeIgniter\Session\Handlers\FileHandler' driver.
WARNING - 2024-12-17 03:39:51 --> [DEPRECATED] Creation of dynamic property App\Controllers\Superadmin\KelolaUser::$userModel is deprecated in APPPATH\Controllers\Superadmin\KelolaUser.php on line 20.
 1 SYSTEMPATH\CodeIgniter.php(903): App\Controllers\Superadmin\KelolaUser->__construct()
 2 SYSTEMPATH\CodeIgniter.php(500): CodeIgniter\CodeIgniter->createController()
 3 SYSTEMPATH\CodeIgniter.php(355): CodeIgniter\CodeIgniter->handleRequest(null, Object(Config\Cache), false)
 4 SYSTEMPATH\Boot.php(325): CodeIgniter\CodeIgniter->run()
 5 SYSTEMPATH\Boot.php(67): CodeIgniter\Boot::runCodeIgniter(Object(CodeIgniter\CodeIgniter))
 6 FCPATH\index.php(56): CodeIgniter\Boot::bootWeb(Object(Config\Paths))
 7 SYSTEMPATH\rewrite.php(44): require_once('D:\\Apps\\Laragon\\laragon\\www\\Runov_Litbang\\public\\index.php')
INFO - 2024-12-17 03:39:52 --> Session: Class initialized using 'CodeIgniter\Session\Handlers\FileHandler' driver.
INFO - 2024-12-17 03:39:54 --> Session: Class initialized using 'CodeIgniter\Session\Handlers\FileHandler' driver.
WARNING - 2024-12-17 03:39:54 --> [DEPRECATED] Creation of dynamic property App\Controllers\Superadmin\KelolaUser::$userModel is deprecated in APPPATH\Controllers\Superadmin\KelolaUser.php on line 20.
 1 SYSTEMPATH\CodeIgniter.php(903): App\Controllers\Superadmin\KelolaUser->__construct()
 2 SYSTEMPATH\CodeIgniter.php(500): CodeIgniter\CodeIgniter->createController()
 3 SYSTEMPATH\CodeIgniter.php(355): CodeIgniter\CodeIgniter->handleRequest(null, Object(Config\Cache), false)
 4 SYSTEMPATH\Boot.php(325): CodeIgniter\CodeIgniter->run()
 5 SYSTEMPATH\Boot.php(67): CodeIgniter\Boot::runCodeIgniter(Object(CodeIgniter\CodeIgniter))
 6 FCPATH\index.php(56): CodeIgniter\Boot::bootWeb(Object(Config\Paths))
 7 SYSTEMPATH\rewrite.php(44): require_once('D:\\Apps\\Laragon\\laragon\\www\\Runov_Litbang\\public\\index.php')
INFO - 2024-12-17 03:39:55 --> Session: Class initialized using 'CodeIgniter\Session\Handlers\FileHandler' driver.
INFO - 2024-12-17 03:39:55 --> Session: Class initialized using 'CodeIgniter\Session\Handlers\FileHandler' driver.
WARNING - 2024-12-17 03:39:55 --> [DEPRECATED] Creation of dynamic property App\Controllers\Superadmin\KelolaUser::$userModel is deprecated in APPPATH\Controllers\Superadmin\KelolaUser.php on line 20.
 1 SYSTEMPATH\CodeIgniter.php(903): App\Controllers\Superadmin\KelolaUser->__construct()
 2 SYSTEMPATH\CodeIgniter.php(500): CodeIgniter\CodeIgniter->createController()
 3 SYSTEMPATH\CodeIgniter.php(355): CodeIgniter\CodeIgniter->handleRequest(null, Object(Config\Cache), false)
 4 SYSTEMPATH\Boot.php(325): CodeIgniter\CodeIgniter->run()
 5 SYSTEMPATH\Boot.php(67): CodeIgniter\Boot::runCodeIgniter(Object(CodeIgniter\CodeIgniter))
 6 FCPATH\index.php(56): CodeIgniter\Boot::bootWeb(Object(Config\Paths))
 7 SYSTEMPATH\rewrite.php(44): require_once('D:\\Apps\\Laragon\\laragon\\www\\Runov_Litbang\\public\\index.php')
INFO - 2024-12-17 03:39:58 --> Session: Class initialized using 'CodeIgniter\Session\Handlers\FileHandler' driver.
WARNING - 2024-12-17 03:39:58 --> [DEPRECATED] Creation of dynamic property App\Controllers\Superadmin\KelolaUser::$userModel is deprecated in APPPATH\Controllers\Superadmin\KelolaUser.php on line 20.
 1 SYSTEMPATH\CodeIgniter.php(903): App\Controllers\Superadmin\KelolaUser->__construct()
 2 SYSTEMPATH\CodeIgniter.php(500): CodeIgniter\CodeIgniter->createController()
 3 SYSTEMPATH\CodeIgniter.php(355): CodeIgniter\CodeIgniter->handleRequest(null, Object(Config\Cache), false)
 4 SYSTEMPATH\Boot.php(325): CodeIgniter\CodeIgniter->run()
 5 SYSTEMPATH\Boot.php(67): CodeIgniter\Boot::runCodeIgniter(Object(CodeIgniter\CodeIgniter))
 6 FCPATH\index.php(56): CodeIgniter\Boot::bootWeb(Object(Config\Paths))
 7 SYSTEMPATH\rewrite.php(44): require_once('D:\\Apps\\Laragon\\laragon\\www\\Runov_Litbang\\public\\index.php')
INFO - 2024-12-17 03:39:59 --> Session: Class initialized using 'CodeIgniter\Session\Handlers\FileHandler' driver.
INFO - 2024-12-17 03:40:01 --> Session: Class initialized using 'CodeIgniter\Session\Handlers\FileHandler' driver.
WARNING - 2024-12-17 03:40:01 --> [DEPRECATED] Creation of dynamic property App\Controllers\Superadmin\KelolaUser::$userModel is deprecated in APPPATH\Controllers\Superadmin\KelolaUser.php on line 20.
 1 SYSTEMPATH\CodeIgniter.php(903): App\Controllers\Superadmin\KelolaUser->__construct()
 2 SYSTEMPATH\CodeIgniter.php(500): CodeIgniter\CodeIgniter->createController()
 3 SYSTEMPATH\CodeIgniter.php(355): CodeIgniter\CodeIgniter->handleRequest(null, Object(Config\Cache), false)
 4 SYSTEMPATH\Boot.php(325): CodeIgniter\CodeIgniter->run()
 5 SYSTEMPATH\Boot.php(67): CodeIgniter\Boot::runCodeIgniter(Object(CodeIgniter\CodeIgniter))
 6 FCPATH\index.php(56): CodeIgniter\Boot::bootWeb(Object(Config\Paths))
 7 SYSTEMPATH\rewrite.php(44): require_once('D:\\Apps\\Laragon\\laragon\\www\\Runov_Litbang\\public\\index.php')
INFO - 2024-12-17 03:40:11 --> Session: Class initialized using 'CodeIgniter\Session\Handlers\FileHandler' driver.
WARNING - 2024-12-17 03:40:11 --> [DEPRECATED] Creation of dynamic property App\Controllers\Superadmin\KelolaUser::$userModel is deprecated in APPPATH\Controllers\Superadmin\KelolaUser.php on line 20.
 1 SYSTEMPATH\CodeIgniter.php(903): App\Controllers\Superadmin\KelolaUser->__construct()
 2 SYSTEMPATH\CodeIgniter.php(500): CodeIgniter\CodeIgniter->createController()
 3 SYSTEMPATH\CodeIgniter.php(355): CodeIgniter\CodeIgniter->handleRequest(null, Object(Config\Cache), false)
 4 SYSTEMPATH\Boot.php(325): CodeIgniter\CodeIgniter->run()
 5 SYSTEMPATH\Boot.php(67): CodeIgniter\Boot::runCodeIgniter(Object(CodeIgniter\CodeIgniter))
 6 FCPATH\index.php(56): CodeIgniter\Boot::bootWeb(Object(Config\Paths))
 7 SYSTEMPATH\rewrite.php(44): require_once('D:\\Apps\\Laragon\\laragon\\www\\Runov_Litbang\\public\\index.php')
INFO - 2024-12-17 03:40:13 --> Session: Class initialized using 'CodeIgniter\Session\Handlers\FileHandler' driver.
INFO - 2024-12-17 03:40:17 --> Session: Class initialized using 'CodeIgniter\Session\Handlers\FileHandler' driver.
WARNING - 2024-12-17 03:40:17 --> [DEPRECATED] Creation of dynamic property App\Controllers\Superadmin\KelolaUser::$userModel is deprecated in APPPATH\Controllers\Superadmin\KelolaUser.php on line 20.
 1 SYSTEMPATH\CodeIgniter.php(903): App\Controllers\Superadmin\KelolaUser->__construct()
 2 SYSTEMPATH\CodeIgniter.php(500): CodeIgniter\CodeIgniter->createController()
 3 SYSTEMPATH\CodeIgniter.php(355): CodeIgniter\CodeIgniter->handleRequest(null, Object(Config\Cache), false)
 4 SYSTEMPATH\Boot.php(325): CodeIgniter\CodeIgniter->run()
 5 SYSTEMPATH\Boot.php(67): CodeIgniter\Boot::runCodeIgniter(Object(CodeIgniter\CodeIgniter))
 6 FCPATH\index.php(56): CodeIgniter\Boot::bootWeb(Object(Config\Paths))
 7 SYSTEMPATH\rewrite.php(44): require_once('D:\\Apps\\Laragon\\laragon\\www\\Runov_Litbang\\public\\index.php')
INFO - 2024-12-17 03:40:29 --> Session: Class initialized using 'CodeIgniter\Session\Handlers\FileHandler' driver.
WARNING - 2024-12-17 03:40:29 --> [DEPRECATED] Creation of dynamic property App\Controllers\Superadmin\KelolaUser::$userModel is deprecated in APPPATH\Controllers\Superadmin\KelolaUser.php on line 20.
 1 SYSTEMPATH\CodeIgniter.php(903): App\Controllers\Superadmin\KelolaUser->__construct()
 2 SYSTEMPATH\CodeIgniter.php(500): CodeIgniter\CodeIgniter->createController()
 3 SYSTEMPATH\CodeIgniter.php(355): CodeIgniter\CodeIgniter->handleRequest(null, Object(Config\Cache), false)
 4 SYSTEMPATH\Boot.php(325): CodeIgniter\CodeIgniter->run()
 5 SYSTEMPATH\Boot.php(67): CodeIgniter\Boot::runCodeIgniter(Object(CodeIgniter\CodeIgniter))
 6 FCPATH\index.php(56): CodeIgniter\Boot::bootWeb(Object(Config\Paths))
 7 SYSTEMPATH\rewrite.php(44): require_once('D:\\Apps\\Laragon\\laragon\\www\\Runov_Litbang\\public\\index.php')
INFO - 2024-12-17 03:40:30 --> Session: Class initialized using 'CodeIgniter\Session\Handlers\FileHandler' driver.
INFO - 2024-12-17 03:40:32 --> Session: Class initialized using 'CodeIgniter\Session\Handlers\FileHandler' driver.
WARNING - 2024-12-17 03:40:32 --> [DEPRECATED] Creation of dynamic property App\Controllers\Superadmin\KelolaUser::$userModel is deprecated in APPPATH\Controllers\Superadmin\KelolaUser.php on line 20.
 1 SYSTEMPATH\CodeIgniter.php(903): App\Controllers\Superadmin\KelolaUser->__construct()
 2 SYSTEMPATH\CodeIgniter.php(500): CodeIgniter\CodeIgniter->createController()
 3 SYSTEMPATH\CodeIgniter.php(355): CodeIgniter\CodeIgniter->handleRequest(null, Object(Config\Cache), false)
 4 SYSTEMPATH\Boot.php(325): CodeIgniter\CodeIgniter->run()
 5 SYSTEMPATH\Boot.php(67): CodeIgniter\Boot::runCodeIgniter(Object(CodeIgniter\CodeIgniter))
 6 FCPATH\index.php(56): CodeIgniter\Boot::bootWeb(Object(Config\Paths))
 7 SYSTEMPATH\rewrite.php(44): require_once('D:\\Apps\\Laragon\\laragon\\www\\Runov_Litbang\\public\\index.php')
INFO - 2024-12-17 03:40:33 --> Session: Class initialized using 'CodeIgniter\Session\Handlers\FileHandler' driver.
INFO - 2024-12-17 03:40:34 --> Session: Class initialized using 'CodeIgniter\Session\Handlers\FileHandler' driver.
WARNING - 2024-12-17 03:40:34 --> [DEPRECATED] Creation of dynamic property App\Controllers\Superadmin\KelolaUser::$userModel is deprecated in APPPATH\Controllers\Superadmin\KelolaUser.php on line 20.
 1 SYSTEMPATH\CodeIgniter.php(903): App\Controllers\Superadmin\KelolaUser->__construct()
 2 SYSTEMPATH\CodeIgniter.php(500): CodeIgniter\CodeIgniter->createController()
 3 SYSTEMPATH\CodeIgniter.php(355): CodeIgniter\CodeIgniter->handleRequest(null, Object(Config\Cache), false)
 4 SYSTEMPATH\Boot.php(325): CodeIgniter\CodeIgniter->run()
 5 SYSTEMPATH\Boot.php(67): CodeIgniter\Boot::runCodeIgniter(Object(CodeIgniter\CodeIgniter))
 6 FCPATH\index.php(56): CodeIgniter\Boot::bootWeb(Object(Config\Paths))
 7 SYSTEMPATH\rewrite.php(44): require_once('D:\\Apps\\Laragon\\laragon\\www\\Runov_Litbang\\public\\index.php')
INFO - 2024-12-17 03:40:42 --> Session: Class initialized using 'CodeIgniter\Session\Handlers\FileHandler' driver.
WARNING - 2024-12-17 03:40:42 --> [DEPRECATED] Creation of dynamic property App\Controllers\Superadmin\KelolaUser::$userModel is deprecated in APPPATH\Controllers\Superadmin\KelolaUser.php on line 20.
 1 SYSTEMPATH\CodeIgniter.php(903): App\Controllers\Superadmin\KelolaUser->__construct()
 2 SYSTEMPATH\CodeIgniter.php(500): CodeIgniter\CodeIgniter->createController()
 3 SYSTEMPATH\CodeIgniter.php(355): CodeIgniter\CodeIgniter->handleRequest(null, Object(Config\Cache), false)
 4 SYSTEMPATH\Boot.php(325): CodeIgniter\CodeIgniter->run()
 5 SYSTEMPATH\Boot.php(67): CodeIgniter\Boot::runCodeIgniter(Object(CodeIgniter\CodeIgniter))
 6 FCPATH\index.php(56): CodeIgniter\Boot::bootWeb(Object(Config\Paths))
 7 SYSTEMPATH\rewrite.php(44): require_once('D:\\Apps\\Laragon\\laragon\\www\\Runov_Litbang\\public\\index.php')
INFO - 2024-12-17 03:40:43 --> Session: Class initialized using 'CodeIgniter\Session\Handlers\FileHandler' driver.
INFO - 2024-12-17 03:40:43 --> Session: Class initialized using 'CodeIgniter\Session\Handlers\FileHandler' driver.
WARNING - 2024-12-17 03:40:43 --> [DEPRECATED] Creation of dynamic property App\Controllers\Superadmin\KelolaUser::$userModel is deprecated in APPPATH\Controllers\Superadmin\KelolaUser.php on line 20.
 1 SYSTEMPATH\CodeIgniter.php(903): App\Controllers\Superadmin\KelolaUser->__construct()
 2 SYSTEMPATH\CodeIgniter.php(500): CodeIgniter\CodeIgniter->createController()
 3 SYSTEMPATH\CodeIgniter.php(355): CodeIgniter\CodeIgniter->handleRequest(null, Object(Config\Cache), false)
 4 SYSTEMPATH\Boot.php(325): CodeIgniter\CodeIgniter->run()
 5 SYSTEMPATH\Boot.php(67): CodeIgniter\Boot::runCodeIgniter(Object(CodeIgniter\CodeIgniter))
 6 FCPATH\index.php(56): CodeIgniter\Boot::bootWeb(Object(Config\Paths))
 7 SYSTEMPATH\rewrite.php(44): require_once('D:\\Apps\\Laragon\\laragon\\www\\Runov_Litbang\\public\\index.php')
INFO - 2024-12-17 03:41:43 --> Session: Class initialized using 'CodeIgniter\Session\Handlers\FileHandler' driver.
WARNING - 2024-12-17 03:41:43 --> [DEPRECATED] Creation of dynamic property App\Controllers\Superadmin\KelolaUser::$userModel is deprecated in APPPATH\Controllers\Superadmin\KelolaUser.php on line 20.
 1 SYSTEMPATH\CodeIgniter.php(903): App\Controllers\Superadmin\KelolaUser->__construct()
 2 SYSTEMPATH\CodeIgniter.php(500): CodeIgniter\CodeIgniter->createController()
 3 SYSTEMPATH\CodeIgniter.php(355): CodeIgniter\CodeIgniter->handleRequest(null, Object(Config\Cache), false)
 4 SYSTEMPATH\Boot.php(325): CodeIgniter\CodeIgniter->run()
 5 SYSTEMPATH\Boot.php(67): CodeIgniter\Boot::runCodeIgniter(Object(CodeIgniter\CodeIgniter))
 6 FCPATH\index.php(56): CodeIgniter\Boot::bootWeb(Object(Config\Paths))
 7 SYSTEMPATH\rewrite.php(44): require_once('D:\\Apps\\Laragon\\laragon\\www\\Runov_Litbang\\public\\index.php')
INFO - 2024-12-17 03:42:43 --> Session: Class initialized using 'CodeIgniter\Session\Handlers\FileHandler' driver.
WARNING - 2024-12-17 03:42:44 --> [DEPRECATED] Creation of dynamic property App\Controllers\Superadmin\KelolaUser::$userModel is deprecated in APPPATH\Controllers\Superadmin\KelolaUser.php on line 20.
 1 SYSTEMPATH\CodeIgniter.php(903): App\Controllers\Superadmin\KelolaUser->__construct()
 2 SYSTEMPATH\CodeIgniter.php(500): CodeIgniter\CodeIgniter->createController()
 3 SYSTEMPATH\CodeIgniter.php(355): CodeIgniter\CodeIgniter->handleRequest(null, Object(Config\Cache), false)
 4 SYSTEMPATH\Boot.php(325): CodeIgniter\CodeIgniter->run()
 5 SYSTEMPATH\Boot.php(67): CodeIgniter\Boot::runCodeIgniter(Object(CodeIgniter\CodeIgniter))
 6 FCPATH\index.php(56): CodeIgniter\Boot::bootWeb(Object(Config\Paths))
 7 SYSTEMPATH\rewrite.php(44): require_once('D:\\Apps\\Laragon\\laragon\\www\\Runov_Litbang\\public\\index.php')
INFO - 2024-12-17 03:43:43 --> Session: Class initialized using 'CodeIgniter\Session\Handlers\FileHandler' driver.
WARNING - 2024-12-17 03:43:44 --> [DEPRECATED] Creation of dynamic property App\Controllers\Superadmin\KelolaUser::$userModel is deprecated in APPPATH\Controllers\Superadmin\KelolaUser.php on line 20.
 1 SYSTEMPATH\CodeIgniter.php(903): App\Controllers\Superadmin\KelolaUser->__construct()
 2 SYSTEMPATH\CodeIgniter.php(500): CodeIgniter\CodeIgniter->createController()
 3 SYSTEMPATH\CodeIgniter.php(355): CodeIgniter\CodeIgniter->handleRequest(null, Object(Config\Cache), false)
 4 SYSTEMPATH\Boot.php(325): CodeIgniter\CodeIgniter->run()
 5 SYSTEMPATH\Boot.php(67): CodeIgniter\Boot::runCodeIgniter(Object(CodeIgniter\CodeIgniter))
 6 FCPATH\index.php(56): CodeIgniter\Boot::bootWeb(Object(Config\Paths))
 7 SYSTEMPATH\rewrite.php(44): require_once('D:\\Apps\\Laragon\\laragon\\www\\Runov_Litbang\\public\\index.php')
INFO - 2024-12-17 03:44:43 --> Session: Class initialized using 'CodeIgniter\Session\Handlers\FileHandler' driver.
WARNING - 2024-12-17 03:44:44 --> [DEPRECATED] Creation of dynamic property App\Controllers\Superadmin\KelolaUser::$userModel is deprecated in APPPATH\Controllers\Superadmin\KelolaUser.php on line 20.
 1 SYSTEMPATH\CodeIgniter.php(903): App\Controllers\Superadmin\KelolaUser->__construct()
 2 SYSTEMPATH\CodeIgniter.php(500): CodeIgniter\CodeIgniter->createController()
 3 SYSTEMPATH\CodeIgniter.php(355): CodeIgniter\CodeIgniter->handleRequest(null, Object(Config\Cache), false)
 4 SYSTEMPATH\Boot.php(325): CodeIgniter\CodeIgniter->run()
 5 SYSTEMPATH\Boot.php(67): CodeIgniter\Boot::runCodeIgniter(Object(CodeIgniter\CodeIgniter))
 6 FCPATH\index.php(56): CodeIgniter\Boot::bootWeb(Object(Config\Paths))
 7 SYSTEMPATH\rewrite.php(44): require_once('D:\\Apps\\Laragon\\laragon\\www\\Runov_Litbang\\public\\index.php')
INFO - 2024-12-17 03:48:01 --> Session: Class initialized using 'CodeIgniter\Session\Handlers\FileHandler' driver.
WARNING - 2024-12-17 03:48:01 --> [DEPRECATED] Creation of dynamic property App\Controllers\Superadmin\KelolaUser::$userModel is deprecated in APPPATH\Controllers\Superadmin\KelolaUser.php on line 20.
 1 SYSTEMPATH\CodeIgniter.php(903): App\Controllers\Superadmin\KelolaUser->__construct()
 2 SYSTEMPATH\CodeIgniter.php(500): CodeIgniter\CodeIgniter->createController()
 3 SYSTEMPATH\CodeIgniter.php(355): CodeIgniter\CodeIgniter->handleRequest(null, Object(Config\Cache), false)
 4 SYSTEMPATH\Boot.php(325): CodeIgniter\CodeIgniter->run()
 5 SYSTEMPATH\Boot.php(67): CodeIgniter\Boot::runCodeIgniter(Object(CodeIgniter\CodeIgniter))
 6 FCPATH\index.php(56): CodeIgniter\Boot::bootWeb(Object(Config\Paths))
 7 SYSTEMPATH\rewrite.php(44): require_once('D:\\Apps\\Laragon\\laragon\\www\\Runov_Litbang\\public\\index.php')
INFO - 2024-12-17 03:48:44 --> Session: Class initialized using 'CodeIgniter\Session\Handlers\FileHandler' driver.
WARNING - 2024-12-17 03:48:44 --> [DEPRECATED] Creation of dynamic property App\Controllers\Superadmin\KelolaUser::$userModel is deprecated in APPPATH\Controllers\Superadmin\KelolaUser.php on line 20.
 1 SYSTEMPATH\CodeIgniter.php(903): App\Controllers\Superadmin\KelolaUser->__construct()
 2 SYSTEMPATH\CodeIgniter.php(500): CodeIgniter\CodeIgniter->createController()
 3 SYSTEMPATH\CodeIgniter.php(355): CodeIgniter\CodeIgniter->handleRequest(null, Object(Config\Cache), false)
 4 SYSTEMPATH\Boot.php(325): CodeIgniter\CodeIgniter->run()
 5 SYSTEMPATH\Boot.php(67): CodeIgniter\Boot::runCodeIgniter(Object(CodeIgniter\CodeIgniter))
 6 FCPATH\index.php(56): CodeIgniter\Boot::bootWeb(Object(Config\Paths))
 7 SYSTEMPATH\rewrite.php(44): require_once('D:\\Apps\\Laragon\\laragon\\www\\Runov_Litbang\\public\\index.php')
INFO - 2024-12-17 03:49:44 --> Session: Class initialized using 'CodeIgniter\Session\Handlers\FileHandler' driver.
WARNING - 2024-12-17 03:49:44 --> [DEPRECATED] Creation of dynamic property App\Controllers\Superadmin\KelolaUser::$userModel is deprecated in APPPATH\Controllers\Superadmin\KelolaUser.php on line 20.
 1 SYSTEMPATH\CodeIgniter.php(903): App\Controllers\Superadmin\KelolaUser->__construct()
 2 SYSTEMPATH\CodeIgniter.php(500): CodeIgniter\CodeIgniter->createController()
 3 SYSTEMPATH\CodeIgniter.php(355): CodeIgniter\CodeIgniter->handleRequest(null, Object(Config\Cache), false)
 4 SYSTEMPATH\Boot.php(325): CodeIgniter\CodeIgniter->run()
 5 SYSTEMPATH\Boot.php(67): CodeIgniter\Boot::runCodeIgniter(Object(CodeIgniter\CodeIgniter))
 6 FCPATH\index.php(56): CodeIgniter\Boot::bootWeb(Object(Config\Paths))
 7 SYSTEMPATH\rewrite.php(44): require_once('D:\\Apps\\Laragon\\laragon\\www\\Runov_Litbang\\public\\index.php')
INFO - 2024-12-17 03:50:45 --> Session: Class initialized using 'CodeIgniter\Session\Handlers\FileHandler' driver.
WARNING - 2024-12-17 03:50:45 --> [DEPRECATED] Creation of dynamic property App\Controllers\Superadmin\KelolaUser::$userModel is deprecated in APPPATH\Controllers\Superadmin\KelolaUser.php on line 20.
 1 SYSTEMPATH\CodeIgniter.php(903): App\Controllers\Superadmin\KelolaUser->__construct()
 2 SYSTEMPATH\CodeIgniter.php(500): CodeIgniter\CodeIgniter->createController()
 3 SYSTEMPATH\CodeIgniter.php(355): CodeIgniter\CodeIgniter->handleRequest(null, Object(Config\Cache), false)
 4 SYSTEMPATH\Boot.php(325): CodeIgniter\CodeIgniter->run()
 5 SYSTEMPATH\Boot.php(67): CodeIgniter\Boot::runCodeIgniter(Object(CodeIgniter\CodeIgniter))
 6 FCPATH\index.php(56): CodeIgniter\Boot::bootWeb(Object(Config\Paths))
 7 SYSTEMPATH\rewrite.php(44): require_once('D:\\Apps\\Laragon\\laragon\\www\\Runov_Litbang\\public\\index.php')
INFO - 2024-12-17 03:51:46 --> Session: Class initialized using 'CodeIgniter\Session\Handlers\FileHandler' driver.
WARNING - 2024-12-17 03:51:46 --> [DEPRECATED] Creation of dynamic property App\Controllers\Superadmin\KelolaUser::$userModel is deprecated in APPPATH\Controllers\Superadmin\KelolaUser.php on line 20.
 1 SYSTEMPATH\CodeIgniter.php(903): App\Controllers\Superadmin\KelolaUser->__construct()
 2 SYSTEMPATH\CodeIgniter.php(500): CodeIgniter\CodeIgniter->createController()
 3 SYSTEMPATH\CodeIgniter.php(355): CodeIgniter\CodeIgniter->handleRequest(null, Object(Config\Cache), false)
 4 SYSTEMPATH\Boot.php(325): CodeIgniter\CodeIgniter->run()
 5 SYSTEMPATH\Boot.php(67): CodeIgniter\Boot::runCodeIgniter(Object(CodeIgniter\CodeIgniter))
 6 FCPATH\index.php(56): CodeIgniter\Boot::bootWeb(Object(Config\Paths))
 7 SYSTEMPATH\rewrite.php(44): require_once('D:\\Apps\\Laragon\\laragon\\www\\Runov_Litbang\\public\\index.php')
INFO - 2024-12-17 03:52:47 --> Session: Class initialized using 'CodeIgniter\Session\Handlers\FileHandler' driver.
WARNING - 2024-12-17 03:52:47 --> [DEPRECATED] Creation of dynamic property App\Controllers\Superadmin\KelolaUser::$userModel is deprecated in APPPATH\Controllers\Superadmin\KelolaUser.php on line 20.
 1 SYSTEMPATH\CodeIgniter.php(903): App\Controllers\Superadmin\KelolaUser->__construct()
 2 SYSTEMPATH\CodeIgniter.php(500): CodeIgniter\CodeIgniter->createController()
 3 SYSTEMPATH\CodeIgniter.php(355): CodeIgniter\CodeIgniter->handleRequest(null, Object(Config\Cache), false)
 4 SYSTEMPATH\Boot.php(325): CodeIgniter\CodeIgniter->run()
 5 SYSTEMPATH\Boot.php(67): CodeIgniter\Boot::runCodeIgniter(Object(CodeIgniter\CodeIgniter))
 6 FCPATH\index.php(56): CodeIgniter\Boot::bootWeb(Object(Config\Paths))
 7 SYSTEMPATH\rewrite.php(44): require_once('D:\\Apps\\Laragon\\laragon\\www\\Runov_Litbang\\public\\index.php')
INFO - 2024-12-17 03:53:48 --> Session: Class initialized using 'CodeIgniter\Session\Handlers\FileHandler' driver.
WARNING - 2024-12-17 03:53:48 --> [DEPRECATED] Creation of dynamic property App\Controllers\Superadmin\KelolaUser::$userModel is deprecated in APPPATH\Controllers\Superadmin\KelolaUser.php on line 20.
 1 SYSTEMPATH\CodeIgniter.php(903): App\Controllers\Superadmin\KelolaUser->__construct()
 2 SYSTEMPATH\CodeIgniter.php(500): CodeIgniter\CodeIgniter->createController()
 3 SYSTEMPATH\CodeIgniter.php(355): CodeIgniter\CodeIgniter->handleRequest(null, Object(Config\Cache), false)
 4 SYSTEMPATH\Boot.php(325): CodeIgniter\CodeIgniter->run()
 5 SYSTEMPATH\Boot.php(67): CodeIgniter\Boot::runCodeIgniter(Object(CodeIgniter\CodeIgniter))
 6 FCPATH\index.php(56): CodeIgniter\Boot::bootWeb(Object(Config\Paths))
 7 SYSTEMPATH\rewrite.php(44): require_once('D:\\Apps\\Laragon\\laragon\\www\\Runov_Litbang\\public\\index.php')
INFO - 2024-12-17 03:54:43 --> Session: Class initialized using 'CodeIgniter\Session\Handlers\FileHandler' driver.
WARNING - 2024-12-17 03:54:43 --> [DEPRECATED] Creation of dynamic property App\Controllers\Superadmin\KelolaUser::$userModel is deprecated in APPPATH\Controllers\Superadmin\KelolaUser.php on line 20.
 1 SYSTEMPATH\CodeIgniter.php(903): App\Controllers\Superadmin\KelolaUser->__construct()
 2 SYSTEMPATH\CodeIgniter.php(500): CodeIgniter\CodeIgniter->createController()
 3 SYSTEMPATH\CodeIgniter.php(355): CodeIgniter\CodeIgniter->handleRequest(null, Object(Config\Cache), false)
 4 SYSTEMPATH\Boot.php(325): CodeIgniter\CodeIgniter->run()
 5 SYSTEMPATH\Boot.php(67): CodeIgniter\Boot::runCodeIgniter(Object(CodeIgniter\CodeIgniter))
 6 FCPATH\index.php(56): CodeIgniter\Boot::bootWeb(Object(Config\Paths))
 7 SYSTEMPATH\rewrite.php(44): require_once('D:\\Apps\\Laragon\\laragon\\www\\Runov_Litbang\\public\\index.php')
INFO - 2024-12-17 03:55:43 --> Session: Class initialized using 'CodeIgniter\Session\Handlers\FileHandler' driver.
WARNING - 2024-12-17 03:55:43 --> [DEPRECATED] Creation of dynamic property App\Controllers\Superadmin\KelolaUser::$userModel is deprecated in APPPATH\Controllers\Superadmin\KelolaUser.php on line 20.
 1 SYSTEMPATH\CodeIgniter.php(903): App\Controllers\Superadmin\KelolaUser->__construct()
 2 SYSTEMPATH\CodeIgniter.php(500): CodeIgniter\CodeIgniter->createController()
 3 SYSTEMPATH\CodeIgniter.php(355): CodeIgniter\CodeIgniter->handleRequest(null, Object(Config\Cache), false)
 4 SYSTEMPATH\Boot.php(325): CodeIgniter\CodeIgniter->run()
 5 SYSTEMPATH\Boot.php(67): CodeIgniter\Boot::runCodeIgniter(Object(CodeIgniter\CodeIgniter))
 6 FCPATH\index.php(56): CodeIgniter\Boot::bootWeb(Object(Config\Paths))
 7 SYSTEMPATH\rewrite.php(44): require_once('D:\\Apps\\Laragon\\laragon\\www\\Runov_Litbang\\public\\index.php')
INFO - 2024-12-17 03:56:43 --> Session: Class initialized using 'CodeIgniter\Session\Handlers\FileHandler' driver.
WARNING - 2024-12-17 03:56:43 --> [DEPRECATED] Creation of dynamic property App\Controllers\Superadmin\KelolaUser::$userModel is deprecated in APPPATH\Controllers\Superadmin\KelolaUser.php on line 20.
 1 SYSTEMPATH\CodeIgniter.php(903): App\Controllers\Superadmin\KelolaUser->__construct()
 2 SYSTEMPATH\CodeIgniter.php(500): CodeIgniter\CodeIgniter->createController()
 3 SYSTEMPATH\CodeIgniter.php(355): CodeIgniter\CodeIgniter->handleRequest(null, Object(Config\Cache), false)
 4 SYSTEMPATH\Boot.php(325): CodeIgniter\CodeIgniter->run()
 5 SYSTEMPATH\Boot.php(67): CodeIgniter\Boot::runCodeIgniter(Object(CodeIgniter\CodeIgniter))
 6 FCPATH\index.php(56): CodeIgniter\Boot::bootWeb(Object(Config\Paths))
 7 SYSTEMPATH\rewrite.php(44): require_once('D:\\Apps\\Laragon\\laragon\\www\\Runov_Litbang\\public\\index.php')
INFO - 2024-12-17 03:57:43 --> Session: Class initialized using 'CodeIgniter\Session\Handlers\FileHandler' driver.
WARNING - 2024-12-17 03:57:43 --> [DEPRECATED] Creation of dynamic property App\Controllers\Superadmin\KelolaUser::$userModel is deprecated in APPPATH\Controllers\Superadmin\KelolaUser.php on line 20.
 1 SYSTEMPATH\CodeIgniter.php(903): App\Controllers\Superadmin\KelolaUser->__construct()
 2 SYSTEMPATH\CodeIgniter.php(500): CodeIgniter\CodeIgniter->createController()
 3 SYSTEMPATH\CodeIgniter.php(355): CodeIgniter\CodeIgniter->handleRequest(null, Object(Config\Cache), false)
 4 SYSTEMPATH\Boot.php(325): CodeIgniter\CodeIgniter->run()
 5 SYSTEMPATH\Boot.php(67): CodeIgniter\Boot::runCodeIgniter(Object(CodeIgniter\CodeIgniter))
 6 FCPATH\index.php(56): CodeIgniter\Boot::bootWeb(Object(Config\Paths))
 7 SYSTEMPATH\rewrite.php(44): require_once('D:\\Apps\\Laragon\\laragon\\www\\Runov_Litbang\\public\\index.php')
INFO - 2024-12-17 04:01:26 --> Session: Class initialized using 'CodeIgniter\Session\Handlers\FileHandler' driver.
WARNING - 2024-12-17 04:01:26 --> [DEPRECATED] Creation of dynamic property App\Controllers\Superadmin\KelolaUser::$userModel is deprecated in APPPATH\Controllers\Superadmin\KelolaUser.php on line 20.
 1 SYSTEMPATH\CodeIgniter.php(903): App\Controllers\Superadmin\KelolaUser->__construct()
 2 SYSTEMPATH\CodeIgniter.php(500): CodeIgniter\CodeIgniter->createController()
 3 SYSTEMPATH\CodeIgniter.php(355): CodeIgniter\CodeIgniter->handleRequest(null, Object(Config\Cache), false)
 4 SYSTEMPATH\Boot.php(325): CodeIgniter\CodeIgniter->run()
 5 SYSTEMPATH\Boot.php(67): CodeIgniter\Boot::runCodeIgniter(Object(CodeIgniter\CodeIgniter))
 6 FCPATH\index.php(56): CodeIgniter\Boot::bootWeb(Object(Config\Paths))
 7 SYSTEMPATH\rewrite.php(44): require_once('D:\\Apps\\Laragon\\laragon\\www\\Runov_Litbang\\public\\index.php')
INFO - 2024-12-17 04:01:56 --> Session: Class initialized using 'CodeIgniter\Session\Handlers\FileHandler' driver.
WARNING - 2024-12-17 04:01:56 --> [DEPRECATED] Creation of dynamic property App\Controllers\Superadmin\KelolaUser::$userModel is deprecated in APPPATH\Controllers\Superadmin\KelolaUser.php on line 20.
 1 SYSTEMPATH\CodeIgniter.php(903): App\Controllers\Superadmin\KelolaUser->__construct()
 2 SYSTEMPATH\CodeIgniter.php(500): CodeIgniter\CodeIgniter->createController()
 3 SYSTEMPATH\CodeIgniter.php(355): CodeIgniter\CodeIgniter->handleRequest(null, Object(Config\Cache), false)
 4 SYSTEMPATH\Boot.php(325): CodeIgniter\CodeIgniter->run()
 5 SYSTEMPATH\Boot.php(67): CodeIgniter\Boot::runCodeIgniter(Object(CodeIgniter\CodeIgniter))
 6 FCPATH\index.php(56): CodeIgniter\Boot::bootWeb(Object(Config\Paths))
 7 SYSTEMPATH\rewrite.php(44): require_once('D:\\Apps\\Laragon\\laragon\\www\\Runov_Litbang\\public\\index.php')
INFO - 2024-12-17 04:02:57 --> Session: Class initialized using 'CodeIgniter\Session\Handlers\FileHandler' driver.
WARNING - 2024-12-17 04:02:57 --> [DEPRECATED] Creation of dynamic property App\Controllers\Superadmin\KelolaUser::$userModel is deprecated in APPPATH\Controllers\Superadmin\KelolaUser.php on line 20.
 1 SYSTEMPATH\CodeIgniter.php(903): App\Controllers\Superadmin\KelolaUser->__construct()
 2 SYSTEMPATH\CodeIgniter.php(500): CodeIgniter\CodeIgniter->createController()
 3 SYSTEMPATH\CodeIgniter.php(355): CodeIgniter\CodeIgniter->handleRequest(null, Object(Config\Cache), false)
 4 SYSTEMPATH\Boot.php(325): CodeIgniter\CodeIgniter->run()
 5 SYSTEMPATH\Boot.php(67): CodeIgniter\Boot::runCodeIgniter(Object(CodeIgniter\CodeIgniter))
 6 FCPATH\index.php(56): CodeIgniter\Boot::bootWeb(Object(Config\Paths))
 7 SYSTEMPATH\rewrite.php(44): require_once('D:\\Apps\\Laragon\\laragon\\www\\Runov_Litbang\\public\\index.php')
INFO - 2024-12-17 04:03:56 --> Session: Class initialized using 'CodeIgniter\Session\Handlers\FileHandler' driver.
WARNING - 2024-12-17 04:03:57 --> [DEPRECATED] Creation of dynamic property App\Controllers\Superadmin\KelolaUser::$userModel is deprecated in APPPATH\Controllers\Superadmin\KelolaUser.php on line 20.
 1 SYSTEMPATH\CodeIgniter.php(903): App\Controllers\Superadmin\KelolaUser->__construct()
 2 SYSTEMPATH\CodeIgniter.php(500): CodeIgniter\CodeIgniter->createController()
 3 SYSTEMPATH\CodeIgniter.php(355): CodeIgniter\CodeIgniter->handleRequest(null, Object(Config\Cache), false)
 4 SYSTEMPATH\Boot.php(325): CodeIgniter\CodeIgniter->run()
 5 SYSTEMPATH\Boot.php(67): CodeIgniter\Boot::runCodeIgniter(Object(CodeIgniter\CodeIgniter))
 6 FCPATH\index.php(56): CodeIgniter\Boot::bootWeb(Object(Config\Paths))
 7 SYSTEMPATH\rewrite.php(44): require_once('D:\\Apps\\Laragon\\laragon\\www\\Runov_Litbang\\public\\index.php')
INFO - 2024-12-17 04:04:56 --> Session: Class initialized using 'CodeIgniter\Session\Handlers\FileHandler' driver.
WARNING - 2024-12-17 04:04:56 --> [DEPRECATED] Creation of dynamic property App\Controllers\Superadmin\KelolaUser::$userModel is deprecated in APPPATH\Controllers\Superadmin\KelolaUser.php on line 20.
 1 SYSTEMPATH\CodeIgniter.php(903): App\Controllers\Superadmin\KelolaUser->__construct()
 2 SYSTEMPATH\CodeIgniter.php(500): CodeIgniter\CodeIgniter->createController()
 3 SYSTEMPATH\CodeIgniter.php(355): CodeIgniter\CodeIgniter->handleRequest(null, Object(Config\Cache), false)
 4 SYSTEMPATH\Boot.php(325): CodeIgniter\CodeIgniter->run()
 5 SYSTEMPATH\Boot.php(67): CodeIgniter\Boot::runCodeIgniter(Object(CodeIgniter\CodeIgniter))
 6 FCPATH\index.php(56): CodeIgniter\Boot::bootWeb(Object(Config\Paths))
 7 SYSTEMPATH\rewrite.php(44): require_once('D:\\Apps\\Laragon\\laragon\\www\\Runov_Litbang\\public\\index.php')
INFO - 2024-12-17 04:08:07 --> Session: Class initialized using 'CodeIgniter\Session\Handlers\FileHandler' driver.
WARNING - 2024-12-17 04:08:07 --> [DEPRECATED] Creation of dynamic property App\Controllers\Superadmin\KelolaUser::$userModel is deprecated in APPPATH\Controllers\Superadmin\KelolaUser.php on line 20.
 1 SYSTEMPATH\CodeIgniter.php(903): App\Controllers\Superadmin\KelolaUser->__construct()
 2 SYSTEMPATH\CodeIgniter.php(500): CodeIgniter\CodeIgniter->createController()
 3 SYSTEMPATH\CodeIgniter.php(355): CodeIgniter\CodeIgniter->handleRequest(null, Object(Config\Cache), false)
 4 SYSTEMPATH\Boot.php(325): CodeIgniter\CodeIgniter->run()
 5 SYSTEMPATH\Boot.php(67): CodeIgniter\Boot::runCodeIgniter(Object(CodeIgniter\CodeIgniter))
 6 FCPATH\index.php(56): CodeIgniter\Boot::bootWeb(Object(Config\Paths))
 7 SYSTEMPATH\rewrite.php(44): require_once('D:\\Apps\\Laragon\\laragon\\www\\Runov_Litbang\\public\\index.php')
INFO - 2024-12-17 04:08:43 --> Session: Class initialized using 'CodeIgniter\Session\Handlers\FileHandler' driver.
WARNING - 2024-12-17 04:08:43 --> [DEPRECATED] Creation of dynamic property App\Controllers\Superadmin\KelolaUser::$userModel is deprecated in APPPATH\Controllers\Superadmin\KelolaUser.php on line 20.
 1 SYSTEMPATH\CodeIgniter.php(903): App\Controllers\Superadmin\KelolaUser->__construct()
 2 SYSTEMPATH\CodeIgniter.php(500): CodeIgniter\CodeIgniter->createController()
 3 SYSTEMPATH\CodeIgniter.php(355): CodeIgniter\CodeIgniter->handleRequest(null, Object(Config\Cache), false)
 4 SYSTEMPATH\Boot.php(325): CodeIgniter\CodeIgniter->run()
 5 SYSTEMPATH\Boot.php(67): CodeIgniter\Boot::runCodeIgniter(Object(CodeIgniter\CodeIgniter))
 6 FCPATH\index.php(56): CodeIgniter\Boot::bootWeb(Object(Config\Paths))
 7 SYSTEMPATH\rewrite.php(44): require_once('D:\\Apps\\Laragon\\laragon\\www\\Runov_Litbang\\public\\index.php')
INFO - 2024-12-17 04:09:44 --> Session: Class initialized using 'CodeIgniter\Session\Handlers\FileHandler' driver.
WARNING - 2024-12-17 04:09:44 --> [DEPRECATED] Creation of dynamic property App\Controllers\Superadmin\KelolaUser::$userModel is deprecated in APPPATH\Controllers\Superadmin\KelolaUser.php on line 20.
 1 SYSTEMPATH\CodeIgniter.php(903): App\Controllers\Superadmin\KelolaUser->__construct()
 2 SYSTEMPATH\CodeIgniter.php(500): CodeIgniter\CodeIgniter->createController()
 3 SYSTEMPATH\CodeIgniter.php(355): CodeIgniter\CodeIgniter->handleRequest(null, Object(Config\Cache), false)
 4 SYSTEMPATH\Boot.php(325): CodeIgniter\CodeIgniter->run()
 5 SYSTEMPATH\Boot.php(67): CodeIgniter\Boot::runCodeIgniter(Object(CodeIgniter\CodeIgniter))
 6 FCPATH\index.php(56): CodeIgniter\Boot::bootWeb(Object(Config\Paths))
 7 SYSTEMPATH\rewrite.php(44): require_once('D:\\Apps\\Laragon\\laragon\\www\\Runov_Litbang\\public\\index.php')
INFO - 2024-12-17 04:10:45 --> Session: Class initialized using 'CodeIgniter\Session\Handlers\FileHandler' driver.
WARNING - 2024-12-17 04:10:45 --> [DEPRECATED] Creation of dynamic property App\Controllers\Superadmin\KelolaUser::$userModel is deprecated in APPPATH\Controllers\Superadmin\KelolaUser.php on line 20.
 1 SYSTEMPATH\CodeIgniter.php(903): App\Controllers\Superadmin\KelolaUser->__construct()
 2 SYSTEMPATH\CodeIgniter.php(500): CodeIgniter\CodeIgniter->createController()
 3 SYSTEMPATH\CodeIgniter.php(355): CodeIgniter\CodeIgniter->handleRequest(null, Object(Config\Cache), false)
 4 SYSTEMPATH\Boot.php(325): CodeIgniter\CodeIgniter->run()
 5 SYSTEMPATH\Boot.php(67): CodeIgniter\Boot::runCodeIgniter(Object(CodeIgniter\CodeIgniter))
 6 FCPATH\index.php(56): CodeIgniter\Boot::bootWeb(Object(Config\Paths))
 7 SYSTEMPATH\rewrite.php(44): require_once('D:\\Apps\\Laragon\\laragon\\www\\Runov_Litbang\\public\\index.php')
INFO - 2024-12-17 04:11:46 --> Session: Class initialized using 'CodeIgniter\Session\Handlers\FileHandler' driver.
WARNING - 2024-12-17 04:11:46 --> [DEPRECATED] Creation of dynamic property App\Controllers\Superadmin\KelolaUser::$userModel is deprecated in APPPATH\Controllers\Superadmin\KelolaUser.php on line 20.
 1 SYSTEMPATH\CodeIgniter.php(903): App\Controllers\Superadmin\KelolaUser->__construct()
 2 SYSTEMPATH\CodeIgniter.php(500): CodeIgniter\CodeIgniter->createController()
 3 SYSTEMPATH\CodeIgniter.php(355): CodeIgniter\CodeIgniter->handleRequest(null, Object(Config\Cache), false)
 4 SYSTEMPATH\Boot.php(325): CodeIgniter\CodeIgniter->run()
 5 SYSTEMPATH\Boot.php(67): CodeIgniter\Boot::runCodeIgniter(Object(CodeIgniter\CodeIgniter))
 6 FCPATH\index.php(56): CodeIgniter\Boot::bootWeb(Object(Config\Paths))
 7 SYSTEMPATH\rewrite.php(44): require_once('D:\\Apps\\Laragon\\laragon\\www\\Runov_Litbang\\public\\index.php')
INFO - 2024-12-17 04:12:47 --> Session: Class initialized using 'CodeIgniter\Session\Handlers\FileHandler' driver.
WARNING - 2024-12-17 04:12:47 --> [DEPRECATED] Creation of dynamic property App\Controllers\Superadmin\KelolaUser::$userModel is deprecated in APPPATH\Controllers\Superadmin\KelolaUser.php on line 20.
 1 SYSTEMPATH\CodeIgniter.php(903): App\Controllers\Superadmin\KelolaUser->__construct()
 2 SYSTEMPATH\CodeIgniter.php(500): CodeIgniter\CodeIgniter->createController()
 3 SYSTEMPATH\CodeIgniter.php(355): CodeIgniter\CodeIgniter->handleRequest(null, Object(Config\Cache), false)
 4 SYSTEMPATH\Boot.php(325): CodeIgniter\CodeIgniter->run()
 5 SYSTEMPATH\Boot.php(67): CodeIgniter\Boot::runCodeIgniter(Object(CodeIgniter\CodeIgniter))
 6 FCPATH\index.php(56): CodeIgniter\Boot::bootWeb(Object(Config\Paths))
 7 SYSTEMPATH\rewrite.php(44): require_once('D:\\Apps\\Laragon\\laragon\\www\\Runov_Litbang\\public\\index.php')
INFO - 2024-12-17 04:13:48 --> Session: Class initialized using 'CodeIgniter\Session\Handlers\FileHandler' driver.
WARNING - 2024-12-17 04:13:48 --> [DEPRECATED] Creation of dynamic property App\Controllers\Superadmin\KelolaUser::$userModel is deprecated in APPPATH\Controllers\Superadmin\KelolaUser.php on line 20.
 1 SYSTEMPATH\CodeIgniter.php(903): App\Controllers\Superadmin\KelolaUser->__construct()
 2 SYSTEMPATH\CodeIgniter.php(500): CodeIgniter\CodeIgniter->createController()
 3 SYSTEMPATH\CodeIgniter.php(355): CodeIgniter\CodeIgniter->handleRequest(null, Object(Config\Cache), false)
 4 SYSTEMPATH\Boot.php(325): CodeIgniter\CodeIgniter->run()
 5 SYSTEMPATH\Boot.php(67): CodeIgniter\Boot::runCodeIgniter(Object(CodeIgniter\CodeIgniter))
 6 FCPATH\index.php(56): CodeIgniter\Boot::bootWeb(Object(Config\Paths))
 7 SYSTEMPATH\rewrite.php(44): require_once('D:\\Apps\\Laragon\\laragon\\www\\Runov_Litbang\\public\\index.php')
INFO - 2024-12-17 04:14:49 --> Session: Class initialized using 'CodeIgniter\Session\Handlers\FileHandler' driver.
WARNING - 2024-12-17 04:14:49 --> [DEPRECATED] Creation of dynamic property App\Controllers\Superadmin\KelolaUser::$userModel is deprecated in APPPATH\Controllers\Superadmin\KelolaUser.php on line 20.
 1 SYSTEMPATH\CodeIgniter.php(903): App\Controllers\Superadmin\KelolaUser->__construct()
 2 SYSTEMPATH\CodeIgniter.php(500): CodeIgniter\CodeIgniter->createController()
 3 SYSTEMPATH\CodeIgniter.php(355): CodeIgniter\CodeIgniter->handleRequest(null, Object(Config\Cache), false)
 4 SYSTEMPATH\Boot.php(325): CodeIgniter\CodeIgniter->run()
 5 SYSTEMPATH\Boot.php(67): CodeIgniter\Boot::runCodeIgniter(Object(CodeIgniter\CodeIgniter))
 6 FCPATH\index.php(56): CodeIgniter\Boot::bootWeb(Object(Config\Paths))
 7 SYSTEMPATH\rewrite.php(44): require_once('D:\\Apps\\Laragon\\laragon\\www\\Runov_Litbang\\public\\index.php')
INFO - 2024-12-17 04:15:43 --> Session: Class initialized using 'CodeIgniter\Session\Handlers\FileHandler' driver.
WARNING - 2024-12-17 04:15:44 --> [DEPRECATED] Creation of dynamic property App\Controllers\Superadmin\KelolaUser::$userModel is deprecated in APPPATH\Controllers\Superadmin\KelolaUser.php on line 20.
 1 SYSTEMPATH\CodeIgniter.php(903): App\Controllers\Superadmin\KelolaUser->__construct()
 2 SYSTEMPATH\CodeIgniter.php(500): CodeIgniter\CodeIgniter->createController()
 3 SYSTEMPATH\CodeIgniter.php(355): CodeIgniter\CodeIgniter->handleRequest(null, Object(Config\Cache), false)
 4 SYSTEMPATH\Boot.php(325): CodeIgniter\CodeIgniter->run()
 5 SYSTEMPATH\Boot.php(67): CodeIgniter\Boot::runCodeIgniter(Object(CodeIgniter\CodeIgniter))
 6 FCPATH\index.php(56): CodeIgniter\Boot::bootWeb(Object(Config\Paths))
 7 SYSTEMPATH\rewrite.php(44): require_once('D:\\Apps\\Laragon\\laragon\\www\\Runov_Litbang\\public\\index.php')
INFO - 2024-12-17 04:16:44 --> Session: Class initialized using 'CodeIgniter\Session\Handlers\FileHandler' driver.
WARNING - 2024-12-17 04:16:45 --> [DEPRECATED] Creation of dynamic property App\Controllers\Superadmin\KelolaUser::$userModel is deprecated in APPPATH\Controllers\Superadmin\KelolaUser.php on line 20.
 1 SYSTEMPATH\CodeIgniter.php(903): App\Controllers\Superadmin\KelolaUser->__construct()
 2 SYSTEMPATH\CodeIgniter.php(500): CodeIgniter\CodeIgniter->createController()
 3 SYSTEMPATH\CodeIgniter.php(355): CodeIgniter\CodeIgniter->handleRequest(null, Object(Config\Cache), false)
 4 SYSTEMPATH\Boot.php(325): CodeIgniter\CodeIgniter->run()
 5 SYSTEMPATH\Boot.php(67): CodeIgniter\Boot::runCodeIgniter(Object(CodeIgniter\CodeIgniter))
 6 FCPATH\index.php(56): CodeIgniter\Boot::bootWeb(Object(Config\Paths))
 7 SYSTEMPATH\rewrite.php(44): require_once('D:\\Apps\\Laragon\\laragon\\www\\Runov_Litbang\\public\\index.php')
INFO - 2024-12-17 04:17:45 --> Session: Class initialized using 'CodeIgniter\Session\Handlers\FileHandler' driver.
WARNING - 2024-12-17 04:17:46 --> [DEPRECATED] Creation of dynamic property App\Controllers\Superadmin\KelolaUser::$userModel is deprecated in APPPATH\Controllers\Superadmin\KelolaUser.php on line 20.
 1 SYSTEMPATH\CodeIgniter.php(903): App\Controllers\Superadmin\KelolaUser->__construct()
 2 SYSTEMPATH\CodeIgniter.php(500): CodeIgniter\CodeIgniter->createController()
 3 SYSTEMPATH\CodeIgniter.php(355): CodeIgniter\CodeIgniter->handleRequest(null, Object(Config\Cache), false)
 4 SYSTEMPATH\Boot.php(325): CodeIgniter\CodeIgniter->run()
 5 SYSTEMPATH\Boot.php(67): CodeIgniter\Boot::runCodeIgniter(Object(CodeIgniter\CodeIgniter))
 6 FCPATH\index.php(56): CodeIgniter\Boot::bootWeb(Object(Config\Paths))
 7 SYSTEMPATH\rewrite.php(44): require_once('D:\\Apps\\Laragon\\laragon\\www\\Runov_Litbang\\public\\index.php')
INFO - 2024-12-17 04:18:46 --> Session: Class initialized using 'CodeIgniter\Session\Handlers\FileHandler' driver.
WARNING - 2024-12-17 04:18:47 --> [DEPRECATED] Creation of dynamic property App\Controllers\Superadmin\KelolaUser::$userModel is deprecated in APPPATH\Controllers\Superadmin\KelolaUser.php on line 20.
 1 SYSTEMPATH\CodeIgniter.php(903): App\Controllers\Superadmin\KelolaUser->__construct()
 2 SYSTEMPATH\CodeIgniter.php(500): CodeIgniter\CodeIgniter->createController()
 3 SYSTEMPATH\CodeIgniter.php(355): CodeIgniter\CodeIgniter->handleRequest(null, Object(Config\Cache), false)
 4 SYSTEMPATH\Boot.php(325): CodeIgniter\CodeIgniter->run()
 5 SYSTEMPATH\Boot.php(67): CodeIgniter\Boot::runCodeIgniter(Object(CodeIgniter\CodeIgniter))
 6 FCPATH\index.php(56): CodeIgniter\Boot::bootWeb(Object(Config\Paths))
 7 SYSTEMPATH\rewrite.php(44): require_once('D:\\Apps\\Laragon\\laragon\\www\\Runov_Litbang\\public\\index.php')
INFO - 2024-12-17 04:19:47 --> Session: Class initialized using 'CodeIgniter\Session\Handlers\FileHandler' driver.
WARNING - 2024-12-17 04:19:47 --> [DEPRECATED] Creation of dynamic property App\Controllers\Superadmin\KelolaUser::$userModel is deprecated in APPPATH\Controllers\Superadmin\KelolaUser.php on line 20.
 1 SYSTEMPATH\CodeIgniter.php(903): App\Controllers\Superadmin\KelolaUser->__construct()
 2 SYSTEMPATH\CodeIgniter.php(500): CodeIgniter\CodeIgniter->createController()
 3 SYSTEMPATH\CodeIgniter.php(355): CodeIgniter\CodeIgniter->handleRequest(null, Object(Config\Cache), false)
 4 SYSTEMPATH\Boot.php(325): CodeIgniter\CodeIgniter->run()
 5 SYSTEMPATH\Boot.php(67): CodeIgniter\Boot::runCodeIgniter(Object(CodeIgniter\CodeIgniter))
 6 FCPATH\index.php(56): CodeIgniter\Boot::bootWeb(Object(Config\Paths))
 7 SYSTEMPATH\rewrite.php(44): require_once('D:\\Apps\\Laragon\\laragon\\www\\Runov_Litbang\\public\\index.php')
INFO - 2024-12-17 04:20:48 --> Session: Class initialized using 'CodeIgniter\Session\Handlers\FileHandler' driver.
WARNING - 2024-12-17 04:20:48 --> [DEPRECATED] Creation of dynamic property App\Controllers\Superadmin\KelolaUser::$userModel is deprecated in APPPATH\Controllers\Superadmin\KelolaUser.php on line 20.
 1 SYSTEMPATH\CodeIgniter.php(903): App\Controllers\Superadmin\KelolaUser->__construct()
 2 SYSTEMPATH\CodeIgniter.php(500): CodeIgniter\CodeIgniter->createController()
 3 SYSTEMPATH\CodeIgniter.php(355): CodeIgniter\CodeIgniter->handleRequest(null, Object(Config\Cache), false)
 4 SYSTEMPATH\Boot.php(325): CodeIgniter\CodeIgniter->run()
 5 SYSTEMPATH\Boot.php(67): CodeIgniter\Boot::runCodeIgniter(Object(CodeIgniter\CodeIgniter))
 6 FCPATH\index.php(56): CodeIgniter\Boot::bootWeb(Object(Config\Paths))
 7 SYSTEMPATH\rewrite.php(44): require_once('D:\\Apps\\Laragon\\laragon\\www\\Runov_Litbang\\public\\index.php')
INFO - 2024-12-17 04:22:59 --> Session: Class initialized using 'CodeIgniter\Session\Handlers\FileHandler' driver.
WARNING - 2024-12-17 04:22:59 --> [DEPRECATED] Creation of dynamic property App\Controllers\Superadmin\KelolaUser::$userModel is deprecated in APPPATH\Controllers\Superadmin\KelolaUser.php on line 20.
 1 SYSTEMPATH\CodeIgniter.php(903): App\Controllers\Superadmin\KelolaUser->__construct()
 2 SYSTEMPATH\CodeIgniter.php(500): CodeIgniter\CodeIgniter->createController()
 3 SYSTEMPATH\CodeIgniter.php(355): CodeIgniter\CodeIgniter->handleRequest(null, Object(Config\Cache), false)
 4 SYSTEMPATH\Boot.php(325): CodeIgniter\CodeIgniter->run()
 5 SYSTEMPATH\Boot.php(67): CodeIgniter\Boot::runCodeIgniter(Object(CodeIgniter\CodeIgniter))
 6 FCPATH\index.php(56): CodeIgniter\Boot::bootWeb(Object(Config\Paths))
 7 SYSTEMPATH\rewrite.php(44): require_once('D:\\Apps\\Laragon\\laragon\\www\\Runov_Litbang\\public\\index.php')
INFO - 2024-12-17 04:23:00 --> Session: Class initialized using 'CodeIgniter\Session\Handlers\FileHandler' driver.
INFO - 2024-12-17 04:23:00 --> Session: Class initialized using 'CodeIgniter\Session\Handlers\FileHandler' driver.
WARNING - 2024-12-17 04:23:00 --> [DEPRECATED] Creation of dynamic property App\Controllers\Superadmin\KelolaUser::$userModel is deprecated in APPPATH\Controllers\Superadmin\KelolaUser.php on line 20.
 1 SYSTEMPATH\CodeIgniter.php(903): App\Controllers\Superadmin\KelolaUser->__construct()
 2 SYSTEMPATH\CodeIgniter.php(500): CodeIgniter\CodeIgniter->createController()
 3 SYSTEMPATH\CodeIgniter.php(355): CodeIgniter\CodeIgniter->handleRequest(null, Object(Config\Cache), false)
 4 SYSTEMPATH\Boot.php(325): CodeIgniter\CodeIgniter->run()
 5 SYSTEMPATH\Boot.php(67): CodeIgniter\Boot::runCodeIgniter(Object(CodeIgniter\CodeIgniter))
 6 FCPATH\index.php(56): CodeIgniter\Boot::bootWeb(Object(Config\Paths))
 7 SYSTEMPATH\rewrite.php(44): require_once('D:\\Apps\\Laragon\\laragon\\www\\Runov_Litbang\\public\\index.php')
INFO - 2024-12-17 04:24:00 --> Session: Class initialized using 'CodeIgniter\Session\Handlers\FileHandler' driver.
WARNING - 2024-12-17 04:24:00 --> [DEPRECATED] Creation of dynamic property App\Controllers\Superadmin\KelolaUser::$userModel is deprecated in APPPATH\Controllers\Superadmin\KelolaUser.php on line 20.
 1 SYSTEMPATH\CodeIgniter.php(903): App\Controllers\Superadmin\KelolaUser->__construct()
 2 SYSTEMPATH\CodeIgniter.php(500): CodeIgniter\CodeIgniter->createController()
 3 SYSTEMPATH\CodeIgniter.php(355): CodeIgniter\CodeIgniter->handleRequest(null, Object(Config\Cache), false)
 4 SYSTEMPATH\Boot.php(325): CodeIgniter\CodeIgniter->run()
 5 SYSTEMPATH\Boot.php(67): CodeIgniter\Boot::runCodeIgniter(Object(CodeIgniter\CodeIgniter))
 6 FCPATH\index.php(56): CodeIgniter\Boot::bootWeb(Object(Config\Paths))
 7 SYSTEMPATH\rewrite.php(44): require_once('D:\\Apps\\Laragon\\laragon\\www\\Runov_Litbang\\public\\index.php')
INFO - 2024-12-17 04:25:00 --> Session: Class initialized using 'CodeIgniter\Session\Handlers\FileHandler' driver.
WARNING - 2024-12-17 04:25:00 --> [DEPRECATED] Creation of dynamic property App\Controllers\Superadmin\KelolaUser::$userModel is deprecated in APPPATH\Controllers\Superadmin\KelolaUser.php on line 20.
 1 SYSTEMPATH\CodeIgniter.php(903): App\Controllers\Superadmin\KelolaUser->__construct()
 2 SYSTEMPATH\CodeIgniter.php(500): CodeIgniter\CodeIgniter->createController()
 3 SYSTEMPATH\CodeIgniter.php(355): CodeIgniter\CodeIgniter->handleRequest(null, Object(Config\Cache), false)
 4 SYSTEMPATH\Boot.php(325): CodeIgniter\CodeIgniter->run()
 5 SYSTEMPATH\Boot.php(67): CodeIgniter\Boot::runCodeIgniter(Object(CodeIgniter\CodeIgniter))
 6 FCPATH\index.php(56): CodeIgniter\Boot::bootWeb(Object(Config\Paths))
 7 SYSTEMPATH\rewrite.php(44): require_once('D:\\Apps\\Laragon\\laragon\\www\\Runov_Litbang\\public\\index.php')
INFO - 2024-12-17 04:26:00 --> Session: Class initialized using 'CodeIgniter\Session\Handlers\FileHandler' driver.
WARNING - 2024-12-17 04:26:00 --> [DEPRECATED] Creation of dynamic property App\Controllers\Superadmin\KelolaUser::$userModel is deprecated in APPPATH\Controllers\Superadmin\KelolaUser.php on line 20.
 1 SYSTEMPATH\CodeIgniter.php(903): App\Controllers\Superadmin\KelolaUser->__construct()
 2 SYSTEMPATH\CodeIgniter.php(500): CodeIgniter\CodeIgniter->createController()
 3 SYSTEMPATH\CodeIgniter.php(355): CodeIgniter\CodeIgniter->handleRequest(null, Object(Config\Cache), false)
 4 SYSTEMPATH\Boot.php(325): CodeIgniter\CodeIgniter->run()
 5 SYSTEMPATH\Boot.php(67): CodeIgniter\Boot::runCodeIgniter(Object(CodeIgniter\CodeIgniter))
 6 FCPATH\index.php(56): CodeIgniter\Boot::bootWeb(Object(Config\Paths))
 7 SYSTEMPATH\rewrite.php(44): require_once('D:\\Apps\\Laragon\\laragon\\www\\Runov_Litbang\\public\\index.php')
INFO - 2024-12-17 04:28:26 --> Session: Class initialized using 'CodeIgniter\Session\Handlers\FileHandler' driver.
WARNING - 2024-12-17 04:28:26 --> [DEPRECATED] Creation of dynamic property App\Controllers\Superadmin\KelolaUser::$userModel is deprecated in APPPATH\Controllers\Superadmin\KelolaUser.php on line 20.
 1 SYSTEMPATH\CodeIgniter.php(903): App\Controllers\Superadmin\KelolaUser->__construct()
 2 SYSTEMPATH\CodeIgniter.php(500): CodeIgniter\CodeIgniter->createController()
 3 SYSTEMPATH\CodeIgniter.php(355): CodeIgniter\CodeIgniter->handleRequest(null, Object(Config\Cache), false)
 4 SYSTEMPATH\Boot.php(325): CodeIgniter\CodeIgniter->run()
 5 SYSTEMPATH\Boot.php(67): CodeIgniter\Boot::runCodeIgniter(Object(CodeIgniter\CodeIgniter))
 6 FCPATH\index.php(56): CodeIgniter\Boot::bootWeb(Object(Config\Paths))
 7 SYSTEMPATH\rewrite.php(44): require_once('D:\\Apps\\Laragon\\laragon\\www\\Runov_Litbang\\public\\index.php')
INFO - 2024-12-17 04:29:00 --> Session: Class initialized using 'CodeIgniter\Session\Handlers\FileHandler' driver.
WARNING - 2024-12-17 04:29:00 --> [DEPRECATED] Creation of dynamic property App\Controllers\Superadmin\KelolaUser::$userModel is deprecated in APPPATH\Controllers\Superadmin\KelolaUser.php on line 20.
 1 SYSTEMPATH\CodeIgniter.php(903): App\Controllers\Superadmin\KelolaUser->__construct()
 2 SYSTEMPATH\CodeIgniter.php(500): CodeIgniter\CodeIgniter->createController()
 3 SYSTEMPATH\CodeIgniter.php(355): CodeIgniter\CodeIgniter->handleRequest(null, Object(Config\Cache), false)
 4 SYSTEMPATH\Boot.php(325): CodeIgniter\CodeIgniter->run()
 5 SYSTEMPATH\Boot.php(67): CodeIgniter\Boot::runCodeIgniter(Object(CodeIgniter\CodeIgniter))
 6 FCPATH\index.php(56): CodeIgniter\Boot::bootWeb(Object(Config\Paths))
 7 SYSTEMPATH\rewrite.php(44): require_once('D:\\Apps\\Laragon\\laragon\\www\\Runov_Litbang\\public\\index.php')
INFO - 2024-12-17 04:30:01 --> Session: Class initialized using 'CodeIgniter\Session\Handlers\FileHandler' driver.
WARNING - 2024-12-17 04:30:01 --> [DEPRECATED] Creation of dynamic property App\Controllers\Superadmin\KelolaUser::$userModel is deprecated in APPPATH\Controllers\Superadmin\KelolaUser.php on line 20.
 1 SYSTEMPATH\CodeIgniter.php(903): App\Controllers\Superadmin\KelolaUser->__construct()
 2 SYSTEMPATH\CodeIgniter.php(500): CodeIgniter\CodeIgniter->createController()
 3 SYSTEMPATH\CodeIgniter.php(355): CodeIgniter\CodeIgniter->handleRequest(null, Object(Config\Cache), false)
 4 SYSTEMPATH\Boot.php(325): CodeIgniter\CodeIgniter->run()
 5 SYSTEMPATH\Boot.php(67): CodeIgniter\Boot::runCodeIgniter(Object(CodeIgniter\CodeIgniter))
 6 FCPATH\index.php(56): CodeIgniter\Boot::bootWeb(Object(Config\Paths))
 7 SYSTEMPATH\rewrite.php(44): require_once('D:\\Apps\\Laragon\\laragon\\www\\Runov_Litbang\\public\\index.php')
INFO - 2024-12-17 04:31:02 --> Session: Class initialized using 'CodeIgniter\Session\Handlers\FileHandler' driver.
WARNING - 2024-12-17 04:31:02 --> [DEPRECATED] Creation of dynamic property App\Controllers\Superadmin\KelolaUser::$userModel is deprecated in APPPATH\Controllers\Superadmin\KelolaUser.php on line 20.
 1 SYSTEMPATH\CodeIgniter.php(903): App\Controllers\Superadmin\KelolaUser->__construct()
 2 SYSTEMPATH\CodeIgniter.php(500): CodeIgniter\CodeIgniter->createController()
 3 SYSTEMPATH\CodeIgniter.php(355): CodeIgniter\CodeIgniter->handleRequest(null, Object(Config\Cache), false)
 4 SYSTEMPATH\Boot.php(325): CodeIgniter\CodeIgniter->run()
 5 SYSTEMPATH\Boot.php(67): CodeIgniter\Boot::runCodeIgniter(Object(CodeIgniter\CodeIgniter))
 6 FCPATH\index.php(56): CodeIgniter\Boot::bootWeb(Object(Config\Paths))
 7 SYSTEMPATH\rewrite.php(44): require_once('D:\\Apps\\Laragon\\laragon\\www\\Runov_Litbang\\public\\index.php')
INFO - 2024-12-17 04:32:03 --> Session: Class initialized using 'CodeIgniter\Session\Handlers\FileHandler' driver.
WARNING - 2024-12-17 04:32:03 --> [DEPRECATED] Creation of dynamic property App\Controllers\Superadmin\KelolaUser::$userModel is deprecated in APPPATH\Controllers\Superadmin\KelolaUser.php on line 20.
 1 SYSTEMPATH\CodeIgniter.php(903): App\Controllers\Superadmin\KelolaUser->__construct()
 2 SYSTEMPATH\CodeIgniter.php(500): CodeIgniter\CodeIgniter->createController()
 3 SYSTEMPATH\CodeIgniter.php(355): CodeIgniter\CodeIgniter->handleRequest(null, Object(Config\Cache), false)
 4 SYSTEMPATH\Boot.php(325): CodeIgniter\CodeIgniter->run()
 5 SYSTEMPATH\Boot.php(67): CodeIgniter\Boot::runCodeIgniter(Object(CodeIgniter\CodeIgniter))
 6 FCPATH\index.php(56): CodeIgniter\Boot::bootWeb(Object(Config\Paths))
 7 SYSTEMPATH\rewrite.php(44): require_once('D:\\Apps\\Laragon\\laragon\\www\\Runov_Litbang\\public\\index.php')
INFO - 2024-12-17 04:35:03 --> Session: Class initialized using 'CodeIgniter\Session\Handlers\FileHandler' driver.
WARNING - 2024-12-17 04:35:03 --> [DEPRECATED] Creation of dynamic property App\Controllers\Superadmin\KelolaUser::$userModel is deprecated in APPPATH\Controllers\Superadmin\KelolaUser.php on line 20.
 1 SYSTEMPATH\CodeIgniter.php(903): App\Controllers\Superadmin\KelolaUser->__construct()
 2 SYSTEMPATH\CodeIgniter.php(500): CodeIgniter\CodeIgniter->createController()
 3 SYSTEMPATH\CodeIgniter.php(355): CodeIgniter\CodeIgniter->handleRequest(null, Object(Config\Cache), false)
 4 SYSTEMPATH\Boot.php(325): CodeIgniter\CodeIgniter->run()
 5 SYSTEMPATH\Boot.php(67): CodeIgniter\Boot::runCodeIgniter(Object(CodeIgniter\CodeIgniter))
 6 FCPATH\index.php(56): CodeIgniter\Boot::bootWeb(Object(Config\Paths))
 7 SYSTEMPATH\rewrite.php(44): require_once('D:\\Apps\\Laragon\\laragon\\www\\Runov_Litbang\\public\\index.php')
INFO - 2024-12-17 04:36:02 --> Session: Class initialized using 'CodeIgniter\Session\Handlers\FileHandler' driver.
WARNING - 2024-12-17 04:36:02 --> [DEPRECATED] Creation of dynamic property App\Controllers\Superadmin\KelolaUser::$userModel is deprecated in APPPATH\Controllers\Superadmin\KelolaUser.php on line 20.
 1 SYSTEMPATH\CodeIgniter.php(903): App\Controllers\Superadmin\KelolaUser->__construct()
 2 SYSTEMPATH\CodeIgniter.php(500): CodeIgniter\CodeIgniter->createController()
 3 SYSTEMPATH\CodeIgniter.php(355): CodeIgniter\CodeIgniter->handleRequest(null, Object(Config\Cache), false)
 4 SYSTEMPATH\Boot.php(325): CodeIgniter\CodeIgniter->run()
 5 SYSTEMPATH\Boot.php(67): CodeIgniter\Boot::runCodeIgniter(Object(CodeIgniter\CodeIgniter))
 6 FCPATH\index.php(56): CodeIgniter\Boot::bootWeb(Object(Config\Paths))
 7 SYSTEMPATH\rewrite.php(44): require_once('D:\\Apps\\Laragon\\laragon\\www\\Runov_Litbang\\public\\index.php')
